spk_ver/v00/v0000	SES146	0.831635	-44.9616	-45.7933
spk_ver/v00/v0001	SES002	-14.3205	-60.5613	-46.2407
spk_ver/v00/v0002	SES002	-12.4002	-58.8311	-46.4309
spk_ver/v00/v0003	SES002	-15.9061	-62.9879	-47.0817
spk_ver/v00/v0004	SES002	-2.35152	-49.1385	-46.787
spk_ver/v00/v0005	SES002	-5.01171	-50.3242	-45.3125
spk_ver/v00/v0006	SES002	-7.83074	-53.0214	-45.1906
spk_ver/v00/v0007	SES002	-8.46821	-55.4236	-46.9554
spk_ver/v00/v0008	SES146	0.431858	-45.4746	-45.9065
spk_ver/v00/v0009	SES002	-1.73345	-46.9774	-45.244
spk_ver/v00/v0010	SES002	-3.98229	-49.8697	-45.8874
spk_ver/v00/v0011	SES002	-3.41853	-50.8065	-47.388
spk_ver/v00/v0012	SES002	-11.8473	-56.5677	-44.7204
spk_ver/v00/v0013	SES002	-9.09426	-54.3136	-45.2193
spk_ver/v00/v0014	SES002	-2.735	-48.557	-45.822
spk_ver/v00/v0015	SES002	-2.49385	-47.6001	-45.1063
spk_ver/v00/v0016	SES275	0.534687	-45.9534	-46.4881
spk_ver/v00/v0017	SES002	-0.643528	-46.3714	-45.7279
spk_ver/v00/v0018	SES002	-12.176	-58.6695	-46.4935
spk_ver/v00/v0019	SES002	-2.64042	-48.0463	-45.4059
spk_ver/v00/v0020	SES002	-12.3139	-59.5588	-47.2449
spk_ver/v00/v0021	SES002	-12.3914	-58.3913	-45.9999
spk_ver/v00/v0022	SES002	-3.24648	-49.067	-45.8205
spk_ver/v00/v0023	SES002	-10.1306	-54.3827	-44.2521
spk_ver/v00/v0024	SES002	-11.3543	-57.8697	-46.5153
spk_ver/v00/v0025	SES002	-6.48605	-52.6005	-46.1145
spk_ver/v00/v0026	SES002	-6.72582	-51.8378	-45.1119
spk_ver/v00/v0027	SES129	1.58505	-44.1894	-45.7745
spk_ver/v00/v0028	SES007	-2.30662	-47.4986	-45.192
spk_ver/v00/v0029	SES083	-0.223736	-44.8405	-44.6167
spk_ver/v00/v0030	SES019	1.73863	-44.5289	-46.2675
spk_ver/v00/v0031	SES007	-2.7755	-48.669	-45.8935
spk_ver/v00/v0032	SES270	0.955055	-44.4488	-45.4038
spk_ver/v00/v0033	SES007	-2.85479	-48.0766	-45.2218
spk_ver/v00/v0034	SES007	-2.19862	-50.8282	-48.6296
spk_ver/v00/v0035	SES007	-1.706	-46.4315	-44.7255
spk_ver/v00/v0036	SES007	-1.28074	-46.2759	-44.9952
spk_ver/v00/v0037	SES007	-3.28943	-48.7382	-45.4488
spk_ver/v00/v0038	SES259	1.52303	-43.1089	-44.632
spk_ver/v00/v0039	SES007	-3.25962	-49.2499	-45.9903
spk_ver/v00/v0040	SES007	-2.91977	-47.7579	-44.8382
spk_ver/v00/v0041	SES007	-2.78909	-48.0174	-45.2283
spk_ver/v00/v0042	SES007	-1.37774	-47.0583	-45.6806
spk_ver/v00/v0043	SES007	-1.31106	-46.942	-45.6309
spk_ver/v00/v0044	SES007	-2.76637	-47.0846	-44.3182
spk_ver/v00/v0045	SES007	-1.22697	-46.9684	-45.7415
spk_ver/v00/v0046	SES007	-1.90635	-47.3455	-45.4392
spk_ver/v00/v0047	SES172	0.252426	-44.8203	-45.0727
spk_ver/v00/v0048	SES105	1.54291	-44.5387	-46.0816
spk_ver/v00/v0049	SES007	-1.12854	-46.1251	-44.9966
spk_ver/v00/v0050	SES292	-0.228928	-45.432	-45.2031
spk_ver/v00/v0051	SES007	-2.39096	-47.9303	-45.5393
spk_ver/v00/v0052	SES068	0.619854	-43.9453	-44.5651
spk_ver/v00/v0053	SES008	-1.69716	-46.5755	-44.8784
spk_ver/v00/v0054	SES008	-5.33918	-52.5825	-47.2433
spk_ver/v00/v0055	SES008	-3.62465	-49.3049	-45.6802
spk_ver/v00/v0056	SES008	-5.39113	-51.172	-45.7809
spk_ver/v00/v0057	SES008	-6.22068	-52.1477	-45.927
spk_ver/v00/v0058	SES083	0.295204	-44.868	-45.1632
spk_ver/v00/v0059	SES158	1.44093	-44.394	-45.8349
spk_ver/v00/v0060	SES008	-2.91835	-48.1861	-45.2677
spk_ver/v00/v0061	SES101	0.271347	-45.1527	-45.424
spk_ver/v00/v0062	SES008	-3.85342	-49.4813	-45.6279
spk_ver/v00/v0063	SES008	-2.5733	-48.0959	-45.5226
spk_ver/v00/v0064	SES117	1.20732	-44.8902	-46.0976
spk_ver/v00/v0065	SES149	1.44799	-44.0543	-45.5023
spk_ver/v00/v0066	SES008	-2.32624	-47.8935	-45.5673
spk_ver/v00/v0067	SES008	-3.76431	-50.9891	-47.2248
spk_ver/v00/v0068	SES162	1.16315	-45.0137	-46.1769
spk_ver/v00/v0069	SES008	-5.82134	-51.8961	-46.0748
spk_ver/v00/v0070	SES008	-0.301094	-45.6028	-45.3017
spk_ver/v00/v0071	SES008	-3.7696	-49.4384	-45.6688
spk_ver/v00/v0072	SES008	-1.18142	-45.4477	-44.2663
spk_ver/v00/v0073	SES008	-2.61736	-47.1517	-44.5344
spk_ver/v00/v0074	SES008	-4.30599	-49.6702	-45.3642
spk_ver/v00/v0075	SES008	-7.35558	-54.1043	-46.7487
spk_ver/v00/v0076	SES167	1.26638	-43.9399	-45.2063
spk_ver/v00/v0077	SES008	-2.24734	-47.1459	-44.8986
spk_ver/v00/v0078	SES177	0.556129	-44.3285	-44.8846
spk_ver/v00/v0079	SES008	-1.79165	-47.3849	-45.5933
spk_ver/v00/v0080	SES008	-3.49763	-49.4465	-45.9489
spk_ver/v00/v0081	SES008	-5.51277	-52.0483	-46.5355
spk_ver/v00/v0082	SES008	-2.53646	-47.6266	-45.0901
spk_ver/v00/v0083	SES008	-6.8646	-53.7863	-46.9217
spk_ver/v00/v0084	SES144	1.07818	-44.7748	-45.8529
spk_ver/v00/v0085	SES008	-2.42391	-47.7347	-45.3108
spk_ver/v00/v0086	SES008	-1.94115	-45.8322	-43.891
spk_ver/v00/v0087	SES008	-3.80851	-50.1091	-46.3006
spk_ver/v00/v0088	SES008	-2.73234	-48.1347	-45.4024
spk_ver/v00/v0089	SES008	-2.05058	-48.3586	-46.308
spk_ver/v00/v0090	SES142	1.97599	-44.1315	-46.1075
spk_ver/v00/v0091	SES008	-4.52617	-50.2009	-45.6748
spk_ver/v00/v0092	SES158	0.845154	-44.9029	-45.7481
spk_ver/v00/v0093	SES014	-4.18342	-49.0896	-44.9062
spk_ver/v00/v0094	SES014	-3.78225	-51.2384	-47.4562
spk_ver/v00/v0095	SES014	-1.25676	-46.134	-44.8772
spk_ver/v00/v0096	SES014	-3.43466	-48.8857	-45.451
spk_ver/v00/v0097	SES014	-1.66546	-48.0521	-46.3867
spk_ver/v00/v0098	SES014	-1.48479	-46.0661	-44.5813
spk_ver/v00/v0099	SES014	-11.9938	-58.0872	-46.0934
spk_ver/v01/v0100	SES127	0.354595	-44.6931	-45.0477
spk_ver/v01/v0101	SES014	-7.68837	-54.5419	-46.8535
spk_ver/v01/v0102	SES014	-14.7731	-61.5466	-46.7735
spk_ver/v01/v0103	SES014	-4.45659	-52.003	-47.5464
spk_ver/v01/v0104	SES014	-9.79475	-56.3843	-46.5895
spk_ver/v01/v0105	SES014	-2.89058	-50.4873	-47.5967
spk_ver/v01/v0106	SES014	-2.48632	-48.6577	-46.1713
spk_ver/v01/v0107	SES014	-11.2795	-56.3415	-45.062
spk_ver/v01/v0108	SES014	-15.7252	-61.8405	-46.1154
spk_ver/v01/v0109	SES014	-10.7997	-57.447	-46.6472
spk_ver/v01/v0110	SES014	-3.32294	-50.7353	-47.4123
spk_ver/v01/v0111	SES014	-1.33474	-46.6989	-45.3642
spk_ver/v01/v0112	SES014	-9.34914	-54.2682	-44.919
spk_ver/v01/v0113	SES104	0.27906	-45.7362	-46.0153
spk_ver/v01/v0114	SES082	0.657585	-44.4518	-45.1094
spk_ver/v01/v0115	SES087	2.05825	-43.9182	-45.9764
spk_ver/v01/v0116	SES014	-1.32041	-46.6495	-45.3291
spk_ver/v01/v0117	SES177	-0.22871	-45.753	-45.5243
spk_ver/v01/v0118	SES014	-9.14041	-55.6028	-46.4624
spk_ver/v01/v0119	SES014	-1.12757	-46.2194	-45.0919
spk_ver/v01/v0120	SES014	-15.396	-61.9029	-46.5069
spk_ver/v01/v0121	SES146	0.264095	-45.0865	-45.3506
spk_ver/v01/v0122	SES014	1.78157	-42.4443	-44.2259
spk_ver/v01/v0123	SES014	-2.13877	-47.5675	-45.4287
spk_ver/v01/v0124	SES014	-10.7966	-56.6543	-45.8578
spk_ver/v01/v0125	SES014	-4.66737	-50.9808	-46.3134
spk_ver/v01/v0126	SES016	-3.30491	-49.4507	-46.1458
spk_ver/v01/v0127	SES016	-2.31457	-49.5136	-47.199
spk_ver/v01/v0128	SES106	1.53736	-44.3451	-45.8825
spk_ver/v01/v0129	SES016	-3.59771	-48.6917	-45.094
spk_ver/v01/v0130	SES016	-2.38342	-48.1468	-45.7634
spk_ver/v01/v0131	SES016	-4.12062	-49.3973	-45.2767
spk_ver/v01/v0132	SES016	-1.91992	-47.5715	-45.6516
spk_ver/v01/v0133	SES016	-2.7084	-48.3678	-45.6594
spk_ver/v01/v0134	SES016	-1.68657	-46.2829	-44.5963
spk_ver/v01/v0135	SES016	-3.53404	-50.0618	-46.5277
spk_ver/v01/v0136	SES016	-3.04259	-49.9948	-46.9522
spk_ver/v01/v0137	SES007	0.787476	-44.8678	-45.6552
spk_ver/v01/v0138	SES016	-0.91732	-46.1576	-45.2403
spk_ver/v01/v0139	SES016	-1.5174	-46.072	-44.5546
spk_ver/v01/v0140	SES016	1.49972	-44.0042	-45.5039
spk_ver/v01/v0141	SES016	-9.29268	-57.3124	-48.0197
spk_ver/v01/v0142	SES016	-4.12962	-49.722	-45.5924
spk_ver/v01/v0143	SES016	-6.46749	-53.2903	-46.8228
spk_ver/v01/v0144	SES016	-3.47902	-48.6615	-45.1825
spk_ver/v01/v0145	SES016	-3.25505	-50.4398	-47.1847
spk_ver/v01/v0146	SES016	-1.56925	-46.1826	-44.6134
spk_ver/v01/v0147	SES016	-1.23826	-46.2798	-45.0415
spk_ver/v01/v0148	SES127	0.766655	-44.6835	-45.4501
spk_ver/v01/v0149	SES016	-4.00813	-49.7737	-45.7656
spk_ver/v01/v0150	SES016	-2.24752	-47.3252	-45.0777
spk_ver/v01/v0151	SES147	1.64402	-45.5769	-47.2209
spk_ver/v01/v0152	SES016	-2.07854	-47.5024	-45.4239
spk_ver/v01/v0153	SES104	0.611485	-44.0895	-44.701
spk_ver/v01/v0154	SES016	-3.06451	-49.1432	-46.0787
spk_ver/v01/v0155	SES016	-2.43589	-48.7589	-46.323
spk_ver/v01/v0156	SES019	-1.96083	-48.7455	-46.7847
spk_ver/v01/v0157	SES019	-4.5396	-48.8917	-44.3521
spk_ver/v01/v0158	SES019	-1.09751	-46.6243	-45.5268
spk_ver/v01/v0159	SES007	0.153076	-45.1547	-45.3078
spk_ver/v01/v0160	SES019	-3.58473	-48.1269	-44.5422
spk_ver/v01/v0161	SES019	-3.65962	-49.956	-46.2964
spk_ver/v01/v0162	SES019	-8.40444	-53.1952	-44.7908
spk_ver/v01/v0163	SES189	1.3583	-45.6497	-47.008
spk_ver/v01/v0164	SES019	-2.65159	-47.9095	-45.2579
spk_ver/v01/v0165	SES019	-1.5846	-48.4586	-46.874
spk_ver/v01/v0166	SES019	-5.92694	-51.0644	-45.1375
spk_ver/v01/v0167	SES019	-8.99891	-54.8592	-45.8602
spk_ver/v01/v0168	SES019	-2.17525	-48.7221	-46.5469
spk_ver/v01/v0169	SES019	-5.18898	-51.4284	-46.2394
spk_ver/v01/v0170	SES270	0.774033	-44.6219	-45.3959
spk_ver/v01/v0171	SES019	-2.75737	-48.0242	-45.2668
spk_ver/v01/v0172	SES019	-8.40261	-54.2789	-45.8762
spk_ver/v01/v0173	SES206	1.17831	-44.5786	-45.7569
spk_ver/v01/v0174	SES019	-2.30682	-49.0561	-46.7493
spk_ver/v01/v0175	SES014	0.864761	-44.1116	-44.9764
spk_ver/v01/v0176	SES019	-6.70848	-51.9	-45.1916
spk_ver/v01/v0177	SES120	0.901848	-45.0815	-45.9833
spk_ver/v01/v0178	SES019	-1.80682	-49.2002	-47.3934
spk_ver/v01/v0179	SES019	-8.51493	-52.7757	-44.2608
spk_ver/v01/v0180	SES175	1.34	-44.5509	-45.8909
spk_ver/v01/v0181	SES019	-9.51245	-55.7232	-46.2108
spk_ver/v01/v0182	SES019	-6.02154	-50.824	-44.8025
spk_ver/v01/v0183	SES029	-2.77282	-49.0517	-46.2789
spk_ver/v01/v0184	SES029	-5.44479	-51.0675	-45.6227
spk_ver/v01/v0185	SES029	-3.19796	-49.0011	-45.8031
spk_ver/v01/v0186	SES068	0.721001	-43.9939	-44.7149
spk_ver/v01/v0187	SES029	-4.80599	-50.01	-45.2041
spk_ver/v01/v0188	SES029	-2.50146	-46.9295	-44.4281
spk_ver/v01/v0189	SES149	1.31734	-43.4214	-44.7388
spk_ver/v01/v0190	SES029	-3.98969	-49.1533	-45.1636
spk_ver/v01/v0191	SES029	-3.8019	-49.7981	-45.9962
spk_ver/v01/v0192	SES183	1.38087	-43.7388	-45.1197
spk_ver/v01/v0193	SES029	-1.6567	-47.684	-46.0273
spk_ver/v01/v0194	SES016	1.46203	-44.0851	-45.5472
spk_ver/v01/v0195	SES029	-3.17447	-48.3239	-45.1494
spk_ver/v01/v0196	SES029	-1.40176	-46.9501	-45.5484
spk_ver/v01/v0197	SES029	-4.41461	-49.6259	-45.2113
spk_ver/v01/v0198	SES146	0.443024	-45.2504	-45.6934
spk_ver/v01/v0199	SES029	-3.98713	-50.8376	-46.8504
spk_ver/v02/v0200	SES029	-2.52555	-48.9346	-46.4091
spk_ver/v02/v0201	SES068	0.678814	-44.1842	-44.863
spk_ver/v02/v0202	SES148	1.2386	-44.5596	-45.7982
spk_ver/v02/v0203	SES029	-3.26311	-48.6711	-45.408
spk_ver/v02/v0204	SES029	-1.03382	-46.2171	-45.1833
spk_ver/v02/v0205	SES060	0.969078	-43.7364	-44.7055
spk_ver/v02/v0206	SES127	1.5725	-43.8948	-45.4673
spk_ver/v02/v0207	SES029	-4.70889	-51.0676	-46.3587
spk_ver/v02/v0208	SES048	1.89218	-44.9479	-46.8401
spk_ver/v02/v0209	SES029	-1.67988	-46.8024	-45.1225
spk_ver/v02/v0210	SES029	-3.8557	-49.8593	-46.0036
spk_ver/v02/v0211	SES029	-3.55514	-48.5168	-44.9617
spk_ver/v02/v0212	SES042	-12.981	-59.1872	-46.2061
spk_ver/v02/v0213	SES085	1.11084	-44.4931	-45.6039
spk_ver/v02/v0214	SES206	1.30508	-43.7861	-45.0912
spk_ver/v02/v0215	SES144	0.786846	-45.0547	-45.8415
spk_ver/v02/v0216	SES042	-3.86563	-49.5092	-45.6436
spk_ver/v02/v0217	SES042	-3.8124	-52.0639	-48.2515
spk_ver/v02/v0218	SES042	-2.03159	-46.7964	-44.7648
spk_ver/v02/v0219	SES206	1.01893	-44.2163	-45.2352
spk_ver/v02/v0220	SES019	3.70118	-43.3639	-47.0651
spk_ver/v02/v0221	SES007	0.155823	-44.9504	-45.1062
spk_ver/v02/v0222	SES042	-9.94419	-57.0537	-47.1095
spk_ver/v02/v0223	SES147	1.26701	-45.6735	-46.9405
spk_ver/v02/v0224	SES105	1.03274	-45.1049	-46.1376
spk_ver/v02/v0225	SES042	-2.60404	-47.7803	-45.1763
spk_ver/v02/v0226	SES275	0.795387	-45.0379	-45.8333
spk_ver/v02/v0227	SES042	-4.29011	-50.1833	-45.8932
spk_ver/v02/v0228	SES042	-4.14559	-49.7124	-45.5668
spk_ver/v02/v0229	SES042	-14.488	-59.6931	-45.2051
spk_ver/v02/v0230	SES085	0.684155	-43.6931	-44.3773
spk_ver/v02/v0231	SES014	1.92985	-42.535	-44.4648
spk_ver/v02/v0232	SES042	-1.88603	-47.133	-45.2469
spk_ver/v02/v0233	SES048	-3.80282	-49.5856	-45.7828
spk_ver/v02/v0234	SES048	-7.7861	-54.7509	-46.9648
spk_ver/v02/v0235	SES029	0.40276	-45.0499	-45.4527
spk_ver/v02/v0236	SES048	-4.2819	-49.1954	-44.9135
spk_ver/v02/v0237	SES048	-4.90581	-50.4141	-45.5083
spk_ver/v02/v0238	SES048	-3.88694	-48.9909	-45.1039
spk_ver/v02/v0239	SES060	0.854271	-44.2841	-45.1384
spk_ver/v02/v0240	SES048	-5.19186	-51.0632	-45.8713
spk_ver/v02/v0241	SES048	-6.48124	-52.015	-45.5338
spk_ver/v02/v0242	SES189	2.46451	-44.4479	-46.9124
spk_ver/v02/v0243	SES162	0.850967	-45.331	-46.182
spk_ver/v02/v0244	SES048	-3.92054	-48.5858	-44.6652
spk_ver/v02/v0245	SES048	-3.48363	-48.5021	-45.0185
spk_ver/v02/v0246	SES048	-3.92854	-48.7585	-44.83
spk_ver/v02/v0247	SES048	-5.27958	-52.0068	-46.7272
spk_ver/v02/v0248	SES226	1.19487	-44.8804	-46.0752
spk_ver/v02/v0249	SES048	-3.1739	-49.071	-45.8972
spk_ver/v02/v0250	SES048	-4.24183	-50.3487	-46.1069
spk_ver/v02/v0251	SES048	-4.68035	-51.2628	-46.5825
spk_ver/v02/v0252	SES060	-6.03308	-52.8022	-46.7692
spk_ver/v02/v0253	SES060	-4.3745	-50.0076	-45.6331
spk_ver/v02/v0254	SES259	2.04293	-42.9699	-45.0128
spk_ver/v02/v0255	SES060	-4.30859	-51.0037	-46.6952
spk_ver/v02/v0256	SES202	0.0230446	-46.3202	-46.3432
spk_ver/v02/v0257	SES148	0.70472	-44.2681	-44.9728
spk_ver/v02/v0258	SES060	-5.65681	-54.9579	-49.3011
spk_ver/v02/v0259	SES060	-2.11587	-47.0676	-44.9518
spk_ver/v02/v0260	SES060	-2.73742	-48.3404	-45.603
spk_ver/v02/v0261	SES099	2.5188	-43.6752	-46.194
spk_ver/v02/v0262	SES060	-2.95616	-48.1527	-45.1965
spk_ver/v02/v0263	SES060	-2.2335	-46.7039	-44.4704
spk_ver/v02/v0264	SES292	0.255409	-45.2497	-45.5051
spk_ver/v02/v0265	SES060	-1.57627	-46.5098	-44.9336
spk_ver/v02/v0266	SES060	-6.96558	-53.5214	-46.5558
spk_ver/v02/v0267	SES060	-5.31499	-52.5143	-47.1993
spk_ver/v02/v0268	SES060	-4.34211	-52.2359	-47.8938
spk_ver/v02/v0269	SES127	0.742836	-44.5358	-45.2786
spk_ver/v02/v0270	SES060	-3.74301	-50.2456	-46.5026
spk_ver/v02/v0271	SES060	-1.36031	-46.3486	-44.9883
spk_ver/v02/v0272	SES060	-4.82295	-52.1468	-47.3239
spk_ver/v02/v0273	SES087	1.49133	-44.4036	-45.895
spk_ver/v02/v0274	SES146	0.941696	-44.8201	-45.7618
spk_ver/v02/v0275	SES060	-5.72662	-52.6666	-46.94
spk_ver/v02/v0276	SES002	2.48594	-42.98	-45.466
spk_ver/v02/v0277	SES060	-1.76366	-47.1618	-45.3982
spk_ver/v02/v0278	SES060	-4.5122	-50.2571	-45.7449
spk_ver/v02/v0279	SES060	-4.53998	-49.5001	-44.9602
spk_ver/v02/v0280	SES129	2.06917	-43.9003	-45.9695
spk_ver/v02/v0281	SES162	0.978909	-44.9119	-45.8908
spk_ver/v02/v0282	SES060	-3.55441	-48.8464	-45.292
spk_ver/v02/v0283	SES060	-2.98844	-47.7017	-44.7132
spk_ver/v02/v0284	SES062	-3.13432	-50.4535	-47.3191
spk_ver/v02/v0285	SES062	-4.47729	-50.0073	-45.53
spk_ver/v02/v0286	SES120	-0.384163	-46.3283	-45.9441
spk_ver/v02/v0287	SES062	-3.77499	-50.6165	-46.8415
spk_ver/v02/v0288	SES062	-3.63207	-49.4897	-45.8576
spk_ver/v02/v0289	SES062	-2.98714	-47.6225	-44.6353
spk_ver/v02/v0290	SES062	-2.207	-47.0641	-44.8571
spk_ver/v02/v0291	SES275	0.201469	-45.2045	-45.406
spk_ver/v02/v0292	SES062	-3.9625	-50.7511	-46.7886
spk_ver/v02/v0293	SES062	-3.961	-50.2203	-46.2593
spk_ver/v02/v0294	SES062	-3.27327	-48.0879	-44.8147
spk_ver/v02/v0295	SES062	-3.6899	-49.3282	-45.6383
spk_ver/v02/v0296	SES062	-4.07261	-49.3223	-45.2497
spk_ver/v02/v0297	SES062	-5.48395	-51.4487	-45.9648
spk_ver/v02/v0298	SES062	-4.6693	-50.7972	-46.1279
spk_ver/v02/v0299	SES062	-2.55159	-48.071	-45.5194
spk_ver/v03/v0300	SES062	-4.26714	-51.4844	-47.2172
spk_ver/v03/v0301	SES062	-2.20655	-46.673	-44.4665
spk_ver/v03/v0302	SES172	0.983459	-43.56	-44.5435
spk_ver/v03/v0303	SES062	-1.68027	-47.3596	-45.6793
spk_ver/v03/v0304	SES062	-2.87674	-48.509	-45.6322
spk_ver/v03/v0305	SES062	-3.06294	-49.2849	-46.2219
spk_ver/v03/v0306	SES062	-6.10506	-54.0986	-47.9936
spk_ver/v03/v0307	SES062	-3.92995	-48.7876	-44.8576
spk_ver/v03/v0308	SES062	-6.4242	-52.6595	-46.2353
spk_ver/v03/v0309	SES062	-3.0201	-50.5317	-47.5116
spk_ver/v03/v0310	SES125	1.71658	-42.9165	-44.6331
spk_ver/v03/v0311	SES062	-2.78103	-47.9907	-45.2097
spk_ver/v03/v0312	SES062	-6.81258	-53.2286	-46.416
spk_ver/v03/v0313	SES062	-3.26308	-51.1284	-47.8653
spk_ver/v03/v0314	SES068	-3.74145	-48.9634	-45.222
spk_ver/v03/v0315	SES068	-3.65323	-48.4613	-44.8081
spk_ver/v03/v0316	SES068	-2.73367	-49.2067	-46.4731
spk_ver/v03/v0317	SES068	-2.33724	-49.1274	-46.7901
spk_ver/v03/v0318	SES068	-4.11073	-49.3802	-45.2695
spk_ver/v03/v0319	SES068	-6.45786	-53.1655	-46.7076
spk_ver/v03/v0320	SES068	-1.27842	-45.8741	-44.5957
spk_ver/v03/v0321	SES068	-0.565109	-45.7729	-45.2078
spk_ver/v03/v0322	SES068	-0.880611	-46.6251	-45.7445
spk_ver/v03/v0323	SES068	-3.71317	-49.4054	-45.6923
spk_ver/v03/v0324	SES144	0.267822	-46.3668	-46.6346
spk_ver/v03/v0325	SES068	-2.31636	-47.0343	-44.7179
spk_ver/v03/v0326	SES068	-0.544693	-44.5338	-43.9891
spk_ver/v03/v0327	SES068	-3.21966	-48.6488	-45.4291
spk_ver/v03/v0328	SES068	-4.68649	-50.8136	-46.1271
spk_ver/v03/v0329	SES068	-1.91657	-47.172	-45.2554
spk_ver/v03/v0330	SES180	0.526913	-45.627	-46.1539
spk_ver/v03/v0331	SES068	-0.7882	-46.2534	-45.4652
spk_ver/v03/v0332	SES275	1.26527	-44.4781	-45.7433
spk_ver/v03/v0333	SES062	0.902584	-43.2106	-44.1132
spk_ver/v03/v0334	SES270	1.33405	-44.723	-46.0571
spk_ver/v03/v0335	SES068	-6.3601	-53.1516	-46.7915
spk_ver/v03/v0336	SES068	-1.21614	-45.3561	-44.14
spk_ver/v03/v0337	SES068	-2.38783	-48.7747	-46.3868
spk_ver/v03/v0338	SES068	-1.89571	-47.8407	-45.945
spk_ver/v03/v0339	SES068	-1.19048	-47.0324	-45.8419
spk_ver/v03/v0340	SES068	-2.67573	-49.4599	-46.7842
spk_ver/v03/v0341	SES016	1.06779	-43.8492	-44.917
spk_ver/v03/v0342	SES068	-3.57358	-50.3233	-46.7497
spk_ver/v03/v0343	SES068	-0.999432	-46.3308	-45.3314
spk_ver/v03/v0344	SES125	1.34564	-44.0189	-45.3646
spk_ver/v03/v0345	SES187	1.07096	-44.3867	-45.4577
spk_ver/v03/v0346	SES068	-2.18708	-47.1468	-44.9597
spk_ver/v03/v0347	SES143	1.228	-44.3466	-45.5746
spk_ver/v03/v0348	SES292	0.90929	-44.2983	-45.2076
spk_ver/v03/v0349	SES082	-5.52048	-51.268	-45.7475
spk_ver/v03/v0350	SES101	0.912708	-43.4445	-44.3572
spk_ver/v03/v0351	SES082	-0.708115	-46.8476	-46.1395
spk_ver/v03/v0352	SES082	-1.65699	-47.5583	-45.9013
spk_ver/v03/v0353	SES082	-3.46025	-49.1857	-45.7255
spk_ver/v03/v0354	SES082	-9.86895	-56.5576	-46.6887
spk_ver/v03/v0355	SES083	0.726254	-43.4841	-44.2104
spk_ver/v03/v0356	SES082	-2.636	-49.2064	-46.5704
spk_ver/v03/v0357	SES082	-7.72861	-53.9198	-46.1912
spk_ver/v03/v0358	SES082	-1.73087	-47.2405	-45.5096
spk_ver/v03/v0359	SES117	1.05624	-46.2112	-47.2674
spk_ver/v03/v0360	SES082	-6.40947	-51.9871	-45.5776
spk_ver/v03/v0361	SES082	-2.02404	-47.874	-45.85
spk_ver/v03/v0362	SES007	0.679729	-44.6199	-45.2997
spk_ver/v03/v0363	SES082	-3.23191	-48.6132	-45.3813
spk_ver/v03/v0364	SES019	2.12435	-44.0778	-46.2022
spk_ver/v03/v0365	SES082	-1.67057	-47.4558	-45.7852
spk_ver/v03/v0366	SES226	1.17276	-44.796	-45.9688
spk_ver/v03/v0367	SES167	1.81689	-43.1035	-44.9204
spk_ver/v03/v0368	SES082	-3.22923	-47.7172	-44.4879
spk_ver/v03/v0369	SES042	3.10317	-42.5175	-45.6207
spk_ver/v03/v0370	SES042	2.21345	-43.5362	-45.7496
spk_ver/v03/v0371	SES082	-5.80287	-51.5124	-45.7095
spk_ver/v03/v0372	SES082	-2.11208	-47.3321	-45.2201
spk_ver/v03/v0373	SES082	-4.73391	-50.8242	-46.0903
spk_ver/v03/v0374	SES083	-1.45433	-46.0176	-44.5633
spk_ver/v03/v0375	SES292	0.409298	-44.7303	-45.1396
spk_ver/v03/v0376	SES083	-3.65674	-49.2361	-45.5793
spk_ver/v03/v0377	SES083	-4.27349	-51.052	-46.7785
spk_ver/v03/v0378	SES083	-1.72505	-48.0579	-46.3329
spk_ver/v03/v0379	SES083	-1.62933	-46.9809	-45.3516
spk_ver/v03/v0380	SES083	-2.55837	-49.1422	-46.5839
spk_ver/v03/v0381	SES083	-1.85519	-47.5555	-45.7003
spk_ver/v03/v0382	SES148	0.551788	-45.0612	-45.613
spk_ver/v03/v0383	SES083	-1.55388	-45.9016	-44.3477
spk_ver/v03/v0384	SES226	1.49921	-44.2955	-45.7947
spk_ver/v03/v0385	SES226	1.42133	-43.5307	-44.9521
spk_ver/v03/v0386	SES087	1.82978	-44.1215	-45.9513
spk_ver/v03/v0387	SES029	1.09212	-44.1365	-45.2287
spk_ver/v03/v0388	SES147	1.78849	-45.0726	-46.8611
spk_ver/v03/v0389	SES083	-5.24841	-52.0957	-46.8473
spk_ver/v03/v0390	SES189	1.48878	-44.5301	-46.0189
spk_ver/v03/v0391	SES083	-1.60659	-46.5173	-44.9107
spk_ver/v03/v0392	SES083	-0.362778	-44.683	-44.3202
spk_ver/v03/v0393	SES083	-2.36764	-47.9198	-45.5522
spk_ver/v03/v0394	SES083	-4.15852	-49.7822	-45.6237
spk_ver/v03/v0395	SES083	-1.16138	-46.2089	-45.0475
spk_ver/v03/v0396	SES014	1.78998	-42.4146	-44.2046
spk_ver/v03/v0397	SES085	0.0172234	-44.4383	-44.4556
spk_ver/v03/v0398	SES085	-1.30292	-45.3085	-44.0056
spk_ver/v03/v0399	SES085	-4.74823	-50.0207	-45.2725
spk_ver/v04/v0400	SES106	1.66426	-43.4341	-45.0983
spk_ver/v04/v0401	SES085	-3.95662	-49.656	-45.6994
spk_ver/v04/v0402	SES085	-7.54708	-54.2389	-46.6918
spk_ver/v04/v0403	SES085	-0.307877	-44.6892	-44.3814
spk_ver/v04/v0404	SES180	1.16564	-43.9797	-45.1453
spk_ver/v04/v0405	SES129	1.49389	-42.9747	-44.4686
spk_ver/v04/v0406	SES085	-5.7452	-51.4487	-45.7035
spk_ver/v04/v0407	SES146	0.239758	-45.9204	-46.1601
spk_ver/v04/v0408	SES085	-0.805641	-45.6109	-44.8053
spk_ver/v04/v0409	SES085	-3.03693	-48.5679	-45.531
spk_ver/v04/v0410	SES085	-4.7882	-50.5293	-45.7411
spk_ver/v04/v0411	SES292	0.703239	-45.1274	-45.8307
spk_ver/v04/v0412	SES085	-1.69032	-46.39	-44.6997
spk_ver/v04/v0413	SES125	1.7499	-43.2177	-44.9676
spk_ver/v04/v0414	SES085	-4.54531	-52.993	-48.4477
spk_ver/v04/v0415	SES085	-2.04858	-47.1719	-45.1233
spk_ver/v04/v0416	SES085	-1.83451	-47.1203	-45.2858
spk_ver/v04/v0417	SES062	0.914986	-43.3729	-44.2879
spk_ver/v04/v0418	SES060	2.01865	-43.6409	-45.6596
spk_ver/v04/v0419	SES085	-2.19613	-47.5933	-45.3972
spk_ver/v04/v0420	SES085	-5.6109	-51.3241	-45.7132
spk_ver/v04/v0421	SES085	-6.53002	-53.0289	-46.4989
spk_ver/v04/v0422	SES085	-0.842812	-47.4311	-46.5883
spk_ver/v04/v0423	SES085	-4.83741	-50.6523	-45.8149
spk_ver/v04/v0424	SES085	-3.8577	-50.7733	-46.9156
spk_ver/v04/v0425	SES183	1.04182	-45.0485	-46.0903
spk_ver/v04/v0426	SES085	-4.5083	-50.2224	-45.7141
spk_ver/v04/v0427	SES087	-3.15046	-49.7128	-46.5623
spk_ver/v04/v0428	SES162	0.91095	-44.7429	-45.6538
spk_ver/v04/v0429	SES087	-2.01668	-46.996	-44.9793
spk_ver/v04/v0430	SES087	-3.96805	-50.3701	-46.402
spk_ver/v04/v0431	SES087	-9.15426	-54.9705	-45.8163
spk_ver/v04/v0432	SES087	-2.9124	-48.6132	-45.7008
spk_ver/v04/v0433	SES087	-7.70876	-52.6022	-44.8935
spk_ver/v04/v0434	SES142	2.52435	-43.2773	-45.8017
spk_ver/v04/v0435	SES087	-9.0933	-55.5987	-46.5054
spk_ver/v04/v0436	SES099	1.28548	-44.4447	-45.7302
spk_ver/v04/v0437	SES087	-3.08031	-47.4238	-44.3434
spk_ver/v04/v0438	SES087	-6.17872	-52.5124	-46.3337
spk_ver/v04/v0439	SES087	-2.01848	-46.8534	-44.8349
spk_ver/v04/v0440	SES087	-5.75304	-50.8804	-45.1274
spk_ver/v04/v0441	SES087	-10.732	-56.2831	-45.5512
spk_ver/v04/v0442	SES187	1.32389	-44.936	-46.2599
spk_ver/v04/v0443	SES172	1.87339	-43.9068	-45.7802
spk_ver/v04/v0444	SES087	-3.73399	-48.6393	-44.9053
spk_ver/v04/v0445	SES087	-2.52425	-47.0632	-44.539
spk_ver/v04/v0446	SES087	-0.760315	-45.815	-45.0547
spk_ver/v04/v0447	SES087	-1.52838	-46.8356	-45.3072
spk_ver/v04/v0448	SES106	1.79316	-44.6364	-46.4295
spk_ver/v04/v0449	SES146	0.709023	-45.691	-46.4
spk_ver/v04/v0450	SES087	-9.74785	-55.847	-46.0992
spk_ver/v04/v0451	SES087	-1.89464	-47.9248	-46.0302
spk_ver/v04/v0452	SES007	1.22276	-44.2862	-45.509
spk_ver/v04/v0453	SES087	-2.60959	-48.5504	-45.9408
spk_ver/v04/v0454	SES087	-7.71752	-53.2705	-45.5529
spk_ver/v04/v0455	SES180	0.747799	-44.6293	-45.3771
spk_ver/v04/v0456	SES099	-4.0686	-50.298	-46.2294
spk_ver/v04/v0457	SES042	1.33184	-44.0645	-45.3964
spk_ver/v04/v0458	SES099	-1.05613	-46.7708	-45.7147
spk_ver/v04/v0459	SES099	-9.47172	-55.5006	-46.0288
spk_ver/v04/v0460	SES099	-5.31359	-52.5831	-47.2695
spk_ver/v04/v0461	SES099	-1.91858	-47.1945	-45.2759
spk_ver/v04/v0462	SES082	1.65144	-43.5805	-45.232
spk_ver/v04/v0463	SES099	-0.75444	-46.4497	-45.6953
spk_ver/v04/v0464	SES099	0.582321	-44.6798	-45.2621
spk_ver/v04/v0465	SES099	-8.78076	-53.9461	-45.1653
spk_ver/v04/v0466	SES099	-0.727325	-46.1264	-45.399
spk_ver/v04/v0467	SES099	-0.825848	-46.4465	-45.6206
spk_ver/v04/v0468	SES129	1.95412	-43.9559	-45.91
spk_ver/v04/v0469	SES101	0.363194	-44.6639	-45.027
spk_ver/v04/v0470	SES099	-6.13253	-52.6509	-46.5184
spk_ver/v04/v0471	SES172	1.03659	-44.6042	-45.6407
spk_ver/v04/v0472	SES099	-0.118156	-45.7665	-45.6483
spk_ver/v04/v0473	SES270	2.16365	-43.5658	-45.7294
spk_ver/v04/v0474	SES099	-4.00801	-49.1545	-45.1465
spk_ver/v04/v0475	SES099	-5.08775	-49.6073	-44.5195
spk_ver/v04/v0476	SES099	-3.92122	-51.7948	-47.8736
spk_ver/v04/v0477	SES002	1.92238	-43.1047	-45.0271
spk_ver/v04/v0478	SES099	-0.663723	-46.6553	-45.9916
spk_ver/v04/v0479	SES007	-0.486012	-46.1254	-45.6394
spk_ver/v04/v0480	SES101	-2.87169	-47.7405	-44.8688
spk_ver/v04/v0481	SES101	-3.65212	-50.6467	-46.9946
spk_ver/v04/v0482	SES175	0.995716	-44.6779	-45.6736
spk_ver/v04/v0483	SES101	-1.70136	-46.828	-45.1267
spk_ver/v04/v0484	SES101	-3.6999	-48.2826	-44.5827
spk_ver/v04/v0485	SES101	-1.66964	-48.2794	-46.6097
spk_ver/v04/v0486	SES101	-1.66358	-48.3396	-46.6761
spk_ver/v04/v0487	SES101	-1.96554	-47.9876	-46.022
spk_ver/v04/v0488	SES101	-4.9813	-51.4397	-46.4584
spk_ver/v04/v0489	SES147	0.816715	-46.621	-47.4377
spk_ver/v04/v0490	SES085	0.198242	-46.0524	-46.2507
spk_ver/v04/v0491	SES101	-2.82694	-49.7129	-46.886
spk_ver/v04/v0492	SES101	-4.79444	-52.4168	-47.6224
spk_ver/v04/v0493	SES101	-3.20148	-48.3043	-45.1028
spk_ver/v04/v0494	SES101	-2.03357	-48.6533	-46.6198
spk_ver/v04/v0495	SES101	-1.67078	-45.6883	-44.0175
spk_ver/v04/v0496	SES101	-1.92059	-47.5804	-45.6598
spk_ver/v04/v0497	SES014	1.4369	-42.5423	-43.9792
spk_ver/v04/v0498	SES101	-3.70681	-49.451	-45.7442
spk_ver/v04/v0499	SES101	-2.12197	-46.8379	-44.7159
spk_ver/v05/v0500	SES085	0.569386	-44.0481	-44.6175
spk_ver/v05/v0501	SES101	-4.17505	-49.7301	-45.5551
spk_ver/v05/v0502	SES275	0.735012	-44.6589	-45.3939
spk_ver/v05/v0503	SES117	1.26184	-45.1326	-46.3944
spk_ver/v05/v0504	SES101	-3.91286	-49.3811	-45.4683
spk_ver/v05/v0505	SES101	-2.83685	-48.1843	-45.3474
spk_ver/v05/v0506	SES101	-1.831	-47.4896	-45.6586
spk_ver/v05/v0507	SES048	0.921436	-44.128	-45.0495
spk_ver/v05/v0508	SES117	0.838097	-45.9713	-46.8094
spk_ver/v05/v0509	SES202	2.00803	-43.5121	-45.5201
spk_ver/v05/v0510	SES104	-2.76074	-50.2549	-47.4941
spk_ver/v05/v0511	SES008	0.470699	-45.979	-46.4497
spk_ver/v05/v0512	SES104	-1.33792	-47.8298	-46.4918
spk_ver/v05/v0513	SES104	-1.05669	-45.9537	-44.897
spk_ver/v05/v0514	SES104	-7.49643	-52.3044	-44.808
spk_ver/v05/v0515	SES104	-10.6744	-56.9378	-46.2635
spk_ver/v05/v0516	SES104	-1.498	-48.73	-47.232
spk_ver/v05/v0517	SES060	1.28755	-43.1747	-44.4623
spk_ver/v05/v0518	SES104	-10.3397	-57.469	-47.1293
spk_ver/v05/v0519	SES104	-11.847	-57.7744	-45.9274
spk_ver/v05/v0520	SES104	-0.775188	-45.6339	-44.8587
spk_ver/v05/v0521	SES008	1.06622	-43.3969	-44.4631
spk_ver/v05/v0522	SES068	1.40022	-44.1547	-45.5549
spk_ver/v05/v0523	SES087	1.65021	-43.5216	-45.1718
spk_ver/v05/v0524	SES104	-1.69698	-47.3641	-45.6671
spk_ver/v05/v0525	SES104	-1.30776	-47.4567	-46.1489
spk_ver/v05/v0526	SES104	-1.73907	-46.3363	-44.5972
spk_ver/v05/v0527	SES083	0.894238	-44.0556	-44.9499
spk_ver/v05/v0528	SES148	0.989605	-44.5724	-45.562
spk_ver/v05/v0529	SES104	-3.15689	-49.5343	-46.3775
spk_ver/v05/v0530	SES104	-7.63216	-53.2561	-45.6239
spk_ver/v05/v0531	SES125	0.985279	-44.6304	-45.6157
spk_ver/v05/v0532	SES104	-9.68183	-55.2142	-45.5324
spk_ver/v05/v0533	SES149	1.99564	-43.1767	-45.1724
spk_ver/v05/v0534	SES104	-9.35609	-54.8604	-45.5043
spk_ver/v05/v0535	SES187	0.440559	-45.7868	-46.2274
spk_ver/v05/v0536	SES104	-2.68296	-47.9128	-45.2299
spk_ver/v05/v0537	SES104	-1.77766	-47.3185	-45.5409
spk_ver/v05/v0538	SES167	1.5544	-43.8937	-45.4481
spk_ver/v05/v0539	SES104	-2.15728	-49.7639	-47.6066
spk_ver/v05/v0540	SES104	-9.56299	-53.514	-43.951
spk_ver/v05/v0541	SES183	1.5116	-45.2133	-46.7249
spk_ver/v05/v0542	SES104	-0.831142	-46.7972	-45.966
spk_ver/v05/v0543	SES104	-8.37073	-53.4273	-45.0566
spk_ver/v05/v0544	SES105	-4.1886	-49.5608	-45.3722
spk_ver/v05/v0545	SES105	-2.34016	-48.5521	-46.212
spk_ver/v05/v0546	SES105	-2.84883	-48.6826	-45.8338
spk_ver/v05/v0547	SES105	-3.19883	-50.1385	-46.9397
spk_ver/v05/v0548	SES019	3.18661	-43.729	-46.9156
spk_ver/v05/v0549	SES105	-2.33211	-48.597	-46.2649
spk_ver/v05/v0550	SES105	-3.56075	-50.5632	-47.0024
spk_ver/v05/v0551	SES202	1.64647	-44.7641	-46.4106
spk_ver/v05/v0552	SES105	-3.24031	-49.3518	-46.1114
spk_ver/v05/v0553	SES105	-0.874493	-46.5473	-45.6728
spk_ver/v05/v0554	SES105	-1.98945	-46.5296	-44.5401
spk_ver/v05/v0555	SES105	-2.42554	-48.2164	-45.7908
spk_ver/v05/v0556	SES082	0.442875	-45.0208	-45.4636
spk_ver/v05/v0557	SES105	-3.00296	-48.4561	-45.4532
spk_ver/v05/v0558	SES014	1.0909	-43.583	-44.6739
spk_ver/v05/v0559	SES105	-1.9964	-47.2638	-45.2674
spk_ver/v05/v0560	SES177	-0.237038	-45.6631	-45.4261
spk_ver/v05/v0561	SES189	3.19263	-47.9302	-51.1228
spk_ver/v05/v0562	SES105	-3.299	-49.7075	-46.4085
spk_ver/v05/v0563	SES099	1.32933	-45.4824	-46.8118
spk_ver/v05/v0564	SES105	-2.28261	-47.5864	-45.3038
spk_ver/v05/v0565	SES105	-3.25703	-48.9012	-45.6442
spk_ver/v05/v0566	SES105	-3.23685	-49.4469	-46.21
spk_ver/v05/v0567	SES142	1.21345	-44.8463	-46.0597
spk_ver/v05/v0568	SES048	1.20915	-44.3262	-45.5353
spk_ver/v05/v0569	SES105	-3.58458	-49.0382	-45.4537
spk_ver/v05/v0570	SES105	-1.89164	-46.7599	-44.8683
spk_ver/v05/v0571	SES105	-4.42334	-50.3191	-45.8958
spk_ver/v05/v0572	SES105	-3.84276	-50.6278	-46.7851
spk_ver/v05/v0573	SES105	-3.61977	-50.1037	-46.4839
spk_ver/v05/v0574	SES105	-1.9696	-47.6413	-45.6717
spk_ver/v05/v0575	SES105	-2.03547	-48.1126	-46.0772
spk_ver/v05/v0576	SES106	-6.25411	-52.5132	-46.2591
spk_ver/v05/v0577	SES106	-3.55309	-50.3063	-46.7532
spk_ver/v05/v0578	SES106	-6.36415	-51.9534	-45.5893
spk_ver/v05/v0579	SES106	-6.87096	-51.8074	-44.9364
spk_ver/v05/v0580	SES106	-1.43549	-46.3044	-44.8689
spk_ver/v05/v0581	SES106	-9.17147	-55.1484	-45.9769
spk_ver/v05/v0582	SES106	-2.10362	-48.6609	-46.5573
spk_ver/v05/v0583	SES106	-1.1668	-46.1543	-44.9875
spk_ver/v05/v0584	SES106	-8.30653	-54.2838	-45.9772
spk_ver/v05/v0585	SES106	-0.436836	-48.2993	-47.8624
spk_ver/v05/v0586	SES106	-5.04122	-50.2976	-45.2564
spk_ver/v05/v0587	SES106	-4.15913	-49.7237	-45.5646
spk_ver/v05/v0588	SES106	-6.7308	-51.1781	-44.4473
spk_ver/v05/v0589	SES106	-8.25164	-52.7872	-44.5356
spk_ver/v05/v0590	SES082	0.898693	-44.7093	-45.608
spk_ver/v05/v0591	SES180	0.423416	-44.7004	-45.1238
spk_ver/v05/v0592	SES106	-1.39436	-47.3703	-45.976
spk_ver/v05/v0593	SES106	-10.9902	-57.2978	-46.3076
spk_ver/v05/v0594	SES292	0.798008	-44.2516	-45.0496
spk_ver/v05/v0595	SES106	-1.47531	-47.7608	-46.2855
spk_ver/v05/v0596	SES106	-7.72464	-53.6087	-45.884
spk_ver/v05/v0597	SES106	-6.47458	-51.8816	-45.407
spk_ver/v05/v0598	SES042	2.58979	-44.0079	-46.5977
spk_ver/v05/v0599	SES106	-9.5458	-56.0467	-46.5009
spk_ver/v06/v0600	SES106	-0.128586	-46.6301	-46.5015
spk_ver/v06/v0601	SES106	-1.49432	-47.3902	-45.8959
spk_ver/v06/v0602	SES106	-4.38843	-49.2711	-44.8827
spk_ver/v06/v0603	SES106	-7.39472	-53.5771	-46.1824
spk_ver/v06/v0604	SES106	-7.04501	-52.3104	-45.2654
spk_ver/v06/v0605	SES106	-4.99192	-51.9584	-46.9664
spk_ver/v06/v0606	SES048	1.79469	-43.3857	-45.1804
spk_ver/v06/v0607	SES167	2.39291	-42.7309	-45.1238
spk_ver/v06/v0608	SES106	-5.48491	-51.6255	-46.1406
spk_ver/v06/v0609	SES143	1.14774	-44.6678	-45.8156
spk_ver/v06/v0610	SES106	-9.81157	-57.1577	-47.3461
spk_ver/v06/v0611	SES106	-5.21977	-51.3237	-46.104
spk_ver/v06/v0612	SES106	-12.2346	-58.9728	-46.7382
spk_ver/v06/v0613	SES117	-1.18973	-46.911	-45.7212
spk_ver/v06/v0614	SES117	-4.5499	-50.2709	-45.721
spk_ver/v06/v0615	SES117	-1.45176	-47.2789	-45.8272
spk_ver/v06/v0616	SES106	1.65343	-42.7972	-44.4506
spk_ver/v06/v0617	SES142	2.4813	-44.1913	-46.6726
spk_ver/v06/v0618	SES048	1.72639	-43.1947	-44.9211
spk_ver/v06/v0619	SES175	1.19521	-44.8865	-46.0817
spk_ver/v06/v0620	SES180	0.855881	-44.1894	-45.0453
spk_ver/v06/v0621	SES117	-0.697746	-47.7057	-47.008
spk_ver/v06/v0622	SES029	0.760162	-45.1208	-45.8809
spk_ver/v06/v0623	SES117	-1.74038	-46.928	-45.1876
spk_ver/v06/v0624	SES117	-3.30021	-49.4748	-46.1746
spk_ver/v06/v0625	SES117	-2.12274	-49.906	-47.7832
spk_ver/v06/v0626	SES106	1.41407	-44.0904	-45.5044
spk_ver/v06/v0627	SES226	1.67512	-43.2493	-44.9244
spk_ver/v06/v0628	SES117	-0.417358	-46.1747	-45.7573
spk_ver/v06/v0629	SES117	-1.60181	-45.0339	-43.4321
spk_ver/v06/v0630	SES117	-4.12234	-48.931	-44.8087
spk_ver/v06/v0631	SES117	-3.76403	-51.4313	-47.6673
spk_ver/v06/v0632	SES117	-1.69301	-46.1993	-44.5063
spk_ver/v06/v0633	SES099	2.27588	-44.318	-46.5939
spk_ver/v06/v0634	SES105	1.63707	-44.6456	-46.2827
spk_ver/v06/v0635	SES167	0.710262	-45.2169	-45.9272
spk_ver/v06/v0636	SES117	-0.602707	-45.7575	-45.1548
spk_ver/v06/v0637	SES202	1.39703	-44.5299	-45.9269
spk_ver/v06/v0638	SES117	-2.86511	-47.8916	-45.0265
spk_ver/v06/v0639	SES167	1.45544	-44.2925	-45.7479
spk_ver/v06/v0640	SES117	-1.5106	-47.365	-45.8544
spk_ver/v06/v0641	SES117	-2.51835	-47.5006	-44.9822
spk_ver/v06/v0642	SES101	0.976204	-43.6357	-44.6119
spk_ver/v06/v0643	SES068	0.613312	-44.6862	-45.2995
spk_ver/v06/v0644	SES120	-3.7265	-50.7324	-47.0059
spk_ver/v06/v0645	SES120	-1.86098	-48.1995	-46.3385
spk_ver/v06/v0646	SES172	0.395737	-45.1589	-45.5546
spk_ver/v06/v0647	SES120	-2.20364	-47.1301	-44.9265
spk_ver/v06/v0648	SES120	-0.921627	-45.6561	-44.7344
spk_ver/v06/v0649	SES120	-2.54604	-49.1867	-46.6407
spk_ver/v06/v0650	SES087	1.7122	-44.1548	-45.867
spk_ver/v06/v0651	SES120	-1.32452	-46.7494	-45.4249
spk_ver/v06/v0652	SES104	-0.163448	-46.646	-46.4825
spk_ver/v06/v0653	SES129	1.25626	-43.7206	-44.9768
spk_ver/v06/v0654	SES120	-2.54538	-48.3954	-45.8501
spk_ver/v06/v0655	SES120	-1.03066	-47.3459	-46.3153
spk_ver/v06/v0656	SES120	-1.9918	-47.1572	-45.1654
spk_ver/v06/v0657	SES147	0.832321	-45.8037	-46.636
spk_ver/v06/v0658	SES120	-2.01801	-48.2716	-46.2536
spk_ver/v06/v0659	SES120	-1.73222	-46.2804	-44.5482
spk_ver/v06/v0660	SES120	-1.35173	-46.3639	-45.0122
spk_ver/v06/v0661	SES120	-2.55431	-49.5341	-46.9798
spk_ver/v06/v0662	SES120	-2.06568	-47.7114	-45.6458
spk_ver/v06/v0663	SES120	-2.43789	-49.437	-46.9991
spk_ver/v06/v0664	SES147	1.64786	-44.8532	-46.5011
spk_ver/v06/v0665	SES162	1.21342	-45.0193	-46.2327
spk_ver/v06/v0666	SES120	-1.70927	-46.7247	-45.0155
spk_ver/v06/v0667	SES120	-2.48359	-48.4913	-46.0077
spk_ver/v06/v0668	SES120	1.00993	-44.1937	-45.2037
spk_ver/v06/v0669	SES142	2.44877	-44.0742	-46.523
spk_ver/v06/v0670	SES106	1.81926	-43.7259	-45.5451
spk_ver/v06/v0671	SES183	1.97472	-44.2204	-46.1952
spk_ver/v06/v0672	SES120	-1.59249	-47.3926	-45.8001
spk_ver/v06/v0673	SES029	0.294018	-45.4053	-45.6993
spk_ver/v06/v0674	SES120	-1.44402	-47.0649	-45.6209
spk_ver/v06/v0675	SES008	1.52646	-44.0183	-45.5448
spk_ver/v06/v0676	SES125	-9.4031	-56.705	-47.3019
spk_ver/v06/v0677	SES143	0.928204	-44.9589	-45.8871
spk_ver/v06/v0678	SES125	-8.83509	-55.9869	-47.1518
spk_ver/v06/v0679	SES162	0.301769	-44.8	-45.1018
spk_ver/v06/v0680	SES125	-5.02877	-49.7904	-44.7616
spk_ver/v06/v0681	SES125	-2.61548	-48.663	-46.0475
spk_ver/v06/v0682	SES125	-6.97968	-51.3441	-44.3644
spk_ver/v06/v0683	SES226	1.33645	-44.3447	-45.6811
spk_ver/v06/v0684	SES125	-7.86065	-54.1745	-46.3139
spk_ver/v06/v0685	SES125	-11.0906	-56.8977	-45.8071
spk_ver/v06/v0686	SES120	0.666248	-43.9258	-44.592
spk_ver/v06/v0687	SES125	-3.42334	-50.7704	-47.347
spk_ver/v06/v0688	SES158	1.42355	-44.2871	-45.7106
spk_ver/v06/v0689	SES125	-4.18399	-50.5876	-46.4036
spk_ver/v06/v0690	SES105	1.65324	-44.5604	-46.2136
spk_ver/v06/v0691	SES125	-1.14042	-47.517	-46.3766
spk_ver/v06/v0692	SES125	-3.21881	-48.5991	-45.3803
spk_ver/v06/v0693	SES180	1.18468	-44.1134	-45.298
spk_ver/v06/v0694	SES125	-16.5823	-62.7263	-46.144
spk_ver/v06/v0695	SES125	-4.03812	-49.1359	-45.0978
spk_ver/v06/v0696	SES125	-11.4422	-56.8201	-45.3779
spk_ver/v06/v0697	SES125	-12.977	-59.608	-46.631
spk_ver/v06/v0698	SES083	0.903088	-43.6828	-44.5859
spk_ver/v06/v0699	SES125	-9.41547	-54.8644	-45.4489
spk_ver/v07/v0700	SES014	1.08954	-43.8862	-44.9757
spk_ver/v07/v0701	SES125	-6.37786	-51.2022	-44.8244
spk_ver/v07/v0702	SES127	-0.942059	-46.0228	-45.0808
spk_ver/v07/v0703	SES127	-1.30259	-47.9517	-46.6491
spk_ver/v07/v0704	SES206	1.6529	-43.8594	-45.5123
spk_ver/v07/v0705	SES127	-2.0511	-47.7092	-45.6581
spk_ver/v07/v0706	SES127	-2.71628	-48.2548	-45.5385
spk_ver/v07/v0707	SES127	-4.86908	-49.9723	-45.1033
spk_ver/v07/v0708	SES275	0.686504	-44.684	-45.3705
spk_ver/v07/v0709	SES127	-2.26295	-47.9675	-45.7045
spk_ver/v07/v0710	SES105	1.09283	-45.0351	-46.128
spk_ver/v07/v0711	SES127	-2.92568	-49.7814	-46.8557
spk_ver/v07/v0712	SES127	-1.94335	-46.1869	-44.2436
spk_ver/v07/v0713	SES127	-2.73978	-48.1884	-45.4486
spk_ver/v07/v0714	SES019	3.89869	-43.2114	-47.1101
spk_ver/v07/v0715	SES127	-3.28687	-50.3883	-47.1014
spk_ver/v07/v0716	SES148	0.734558	-44.6416	-45.3762
spk_ver/v07/v0717	SES162	1.03588	-44.2416	-45.2775
spk_ver/v07/v0718	SES189	1.18691	-46.1962	-47.3831
spk_ver/v07/v0719	SES149	0.476608	-43.6738	-44.1504
spk_ver/v07/v0720	SES175	0.783855	-45.0321	-45.8159
spk_ver/v07/v0721	SES127	-3.81548	-49.6522	-45.8367
spk_ver/v07/v0722	SES127	-2.02832	-48.0497	-46.0214
spk_ver/v07/v0723	SES127	-2.58686	-47.8467	-45.2598
spk_ver/v07/v0724	SES127	-2.74845	-48.6261	-45.8777
spk_ver/v07/v0725	SES127	-2.57205	-48.647	-46.0749
spk_ver/v07/v0726	SES259	1.66992	-43.2003	-44.8703
spk_ver/v07/v0727	SES127	-3.2325	-50.1669	-46.9344
spk_ver/v07/v0728	SES127	-0.742195	-44.981	-44.2388
spk_ver/v07/v0729	SES127	-4.93517	-50.7984	-45.8632
spk_ver/v07/v0730	SES127	-2.44596	-49.2239	-46.778
spk_ver/v07/v0731	SES129	-1.86676	-46.4743	-44.6076
spk_ver/v07/v0732	SES129	-3.73089	-49.3799	-45.649
spk_ver/v07/v0733	SES129	-6.17484	-53.5408	-47.366
spk_ver/v07/v0734	SES129	-10.6449	-58.2378	-47.5929
spk_ver/v07/v0735	SES183	1.18193	-44.657	-45.8389
spk_ver/v07/v0736	SES129	-4.39276	-50.0388	-45.6461
spk_ver/v07/v0737	SES129	-3.09065	-49.7526	-46.6619
spk_ver/v07/v0738	SES129	-5.22344	-51.351	-46.1275
spk_ver/v07/v0739	SES129	-5.15204	-51.0223	-45.8703
spk_ver/v07/v0740	SES167	-0.192898	-45.4688	-45.276
spk_ver/v07/v0741	SES129	-3.42096	-49.8428	-46.4218
spk_ver/v07/v0742	SES129	-3.72842	-47.9506	-44.2221
spk_ver/v07/v0743	SES129	-2.39377	-48.2292	-45.8354
spk_ver/v07/v0744	SES129	-8.30358	-55.6907	-47.3872
spk_ver/v07/v0745	SES180	0.781727	-44.7079	-45.4896
spk_ver/v07/v0746	SES129	-1.95345	-46.67	-44.7165
spk_ver/v07/v0747	SES292	0.60918	-44.2501	-44.8593
spk_ver/v07/v0748	SES202	1.4267	-44.1174	-45.5441
spk_ver/v07/v0749	SES270	1.24656	-44.7034	-45.95
spk_ver/v07/v0750	SES129	-3.27894	-47.9148	-44.6359
spk_ver/v07/v0751	SES129	-4.2528	-49.0325	-44.7797
spk_ver/v07/v0752	SES060	0.261139	-44.9306	-45.1918
spk_ver/v07/v0753	SES129	-6.31292	-52.3518	-46.0389
spk_ver/v07/v0754	SES129	-12.4824	-60.8364	-48.354
spk_ver/v07/v0755	SES129	-4.86611	-50.5383	-45.6722
spk_ver/v07/v0756	SES175	1.41999	-45.0514	-46.4714
spk_ver/v07/v0757	SES129	-4.17825	-50.6676	-46.4894
spk_ver/v07/v0758	SES129	-5.36853	-51.3862	-46.0177
spk_ver/v07/v0759	SES129	-3.94906	-48.44	-44.491
spk_ver/v07/v0760	SES129	-4.42424	-49.4507	-45.0265
spk_ver/v07/v0761	SES129	-3.41014	-47.3976	-43.9874
spk_ver/v07/v0762	SES172	0.637627	-44.9795	-45.6171
spk_ver/v07/v0763	SES129	-4.20406	-51.6964	-47.4923
spk_ver/v07/v0764	SES129	-6.06112	-50.7392	-44.6781
spk_ver/v07/v0765	SES175	0.937737	-45.6386	-46.5763
spk_ver/v07/v0766	SES129	-4.51641	-49.413	-44.8966
spk_ver/v07/v0767	SES129	-4.35344	-49.8817	-45.5282
spk_ver/v07/v0768	SES042	2.05851	-43.1473	-45.2058
spk_ver/v07/v0769	SES099	1.46761	-45.2331	-46.7008
spk_ver/v07/v0770	SES142	-5.04681	-50.8233	-45.7765
spk_ver/v07/v0771	SES142	-4.5162	-49.5821	-45.0659
spk_ver/v07/v0772	SES101	0.65276	-44.0631	-44.7159
spk_ver/v07/v0773	SES142	-7.74056	-54.0821	-46.3415
spk_ver/v07/v0774	SES142	-5.64458	-52.6882	-47.0436
spk_ver/v07/v0775	SES142	-3.08905	-48.6354	-45.5463
spk_ver/v07/v0776	SES142	-2.11974	-46.733	-44.6132
spk_ver/v07/v0777	SES142	-3.49719	-49.5624	-46.0652
spk_ver/v07/v0778	SES142	-2.14899	-48.7693	-46.6203
spk_ver/v07/v0779	SES142	-10.5803	-56.8497	-46.2695
spk_ver/v07/v0780	SES142	-3.92418	-50.9528	-47.0286
spk_ver/v07/v0781	SES142	-7.4608	-53.135	-45.6742
spk_ver/v07/v0782	SES101	1.00398	-44.6941	-45.6981
spk_ver/v07/v0783	SES142	-4.33687	-49.1874	-44.8505
spk_ver/v07/v0784	SES187	1.6651	-44.3458	-46.0109
spk_ver/v07/v0785	SES143	0.322174	-45.5663	-45.8885
spk_ver/v07/v0786	SES142	-3.52977	-49.6562	-46.1265
spk_ver/v07/v0787	SES144	0.579853	-44.9249	-45.5047
spk_ver/v07/v0788	SES275	0.470551	-45.1267	-45.5973
spk_ver/v07/v0789	SES142	-3.06908	-48.0969	-45.0279
spk_ver/v07/v0790	SES099	1.5934	-43.7472	-45.3406
spk_ver/v07/v0791	SES142	-8.21516	-54.1184	-45.9032
spk_ver/v07/v0792	SES142	-3.89166	-48.1672	-44.2755
spk_ver/v07/v0793	SES142	-5.09541	-51.2144	-46.119
spk_ver/v07/v0794	SES014	1.44403	-43.1313	-44.5754
spk_ver/v07/v0795	SES142	-6.16008	-51.5368	-45.3768
spk_ver/v07/v0796	SES142	-4.05366	-49.2533	-45.1996
spk_ver/v07/v0797	SES143	-0.654396	-45.5665	-44.9121
spk_ver/v07/v0798	SES206	1.19316	-43.6006	-44.7937
spk_ver/v07/v0799	SES143	-4.76408	-50.8499	-46.0858
spk_ver/v08/v0800	SES143	-2.00458	-48.0397	-46.0351
spk_ver/v08/v0801	SES143	-1.19171	-45.924	-44.7323
spk_ver/v08/v0802	SES143	-1.97248	-47.3183	-45.3458
spk_ver/v08/v0803	SES143	-2.46207	-48.1	-45.6379
spk_ver/v08/v0804	SES143	-3.20007	-49.475	-46.275
spk_ver/v08/v0805	SES143	-3.01408	-49.4413	-46.4273
spk_ver/v08/v0806	SES143	-4.44735	-51.3848	-46.9375
spk_ver/v08/v0807	SES177	0.439823	-44.6517	-45.0915
spk_ver/v08/v0808	SES149	1.02038	-44.4848	-45.5051
spk_ver/v08/v0809	SES143	-5.91463	-51.6095	-45.6948
spk_ver/v08/v0810	SES158	1.5349	-44.5028	-46.0377
spk_ver/v08/v0811	SES143	-3.40498	-51.8366	-48.4317
spk_ver/v08/v0812	SES062	1.22576	-43.2015	-44.4273
spk_ver/v08/v0813	SES259	1.2695	-43.7806	-45.0501
spk_ver/v08/v0814	SES143	-5.18176	-49.8076	-44.6258
spk_ver/v08/v0815	SES143	-4.12597	-50.1938	-46.0679
spk_ver/v08/v0816	SES143	-1.06914	-46.3413	-45.2722
spk_ver/v08/v0817	SES144	0.941288	-45.1112	-46.0525
spk_ver/v08/v0818	SES143	-1.42757	-47.1341	-45.7066
spk_ver/v08/v0819	SES143	-2.78273	-48.3253	-45.5426
spk_ver/v08/v0820	SES143	-0.872532	-44.939	-44.0664
spk_ver/v08/v0821	SES143	-2.12656	-48.4109	-46.2843
spk_ver/v08/v0822	SES143	-3.23971	-48.9107	-45.671
spk_ver/v08/v0823	SES104	1.67442	-43.6766	-45.3511
spk_ver/v08/v0824	SES143	-3.46175	-49.0674	-45.6056
spk_ver/v08/v0825	SES143	-3.30844	-48.6656	-45.3572
spk_ver/v08/v0826	SES144	-3.821	-49.2368	-45.4158
spk_ver/v08/v0827	SES144	-1.76809	-47.0201	-45.252
spk_ver/v08/v0828	SES144	-0.560555	-45.3666	-44.8061
spk_ver/v08/v0829	SES172	0.532982	-45.0213	-45.5543
spk_ver/v08/v0830	SES144	-0.301285	-45.8218	-45.5205
spk_ver/v08/v0831	SES183	1.33676	-45.4243	-46.761
spk_ver/v08/v0832	SES144	-3.72666	-50.8037	-47.077
spk_ver/v08/v0833	SES144	-4.29525	-49.6839	-45.3886
spk_ver/v08/v0834	SES144	-1.31192	-46.5648	-45.2529
spk_ver/v08/v0835	SES144	-2.5983	-49.1544	-46.5561
spk_ver/v08/v0836	SES144	-2.4353	-48.3123	-45.877
spk_ver/v08/v0837	SES144	-2.68256	-46.9987	-44.3161
spk_ver/v08/v0838	SES144	-3.20786	-50.3233	-47.1155
spk_ver/v08/v0839	SES085	0.597736	-44.4229	-45.0206
spk_ver/v08/v0840	SES144	-0.459713	-46.1606	-45.7009
spk_ver/v08/v0841	SES144	-4.43206	-51.7977	-47.3657
spk_ver/v08/v0842	SES144	-4.20488	-49.8367	-45.6318
spk_ver/v08/v0843	SES144	-0.700397	-45.5114	-44.811
spk_ver/v08/v0844	SES144	-2.91976	-48.6101	-45.6903
spk_ver/v08/v0845	SES144	-4.38984	-49.197	-44.8072
spk_ver/v08/v0846	SES104	0.908634	-44.8485	-45.7572
spk_ver/v08/v0847	SES144	-2.61145	-48.767	-46.1555
spk_ver/v08/v0848	SES144	-1.95396	-49.5389	-47.5849
spk_ver/v08/v0849	SES144	-5.16825	-50.8217	-45.6534
spk_ver/v08/v0850	SES144	-3.73404	-48.6765	-44.9425
spk_ver/v08/v0851	SES144	-1.7737	-47.0013	-45.2276
spk_ver/v08/v0852	SES144	-0.693768	-45.0269	-44.3332
spk_ver/v08/v0853	SES144	-4.24217	-49.8696	-45.6274
spk_ver/v08/v0854	SES144	-1.40473	-46.9562	-45.5514
spk_ver/v08/v0855	SES144	-0.242302	-44.5328	-44.2905
spk_ver/v08/v0856	SES082	-0.0436897	-47.5246	-47.4809
spk_ver/v08/v0857	SES142	2.18042	-43.5354	-45.7158
spk_ver/v08/v0858	SES144	-0.147125	-47.1633	-47.0162
spk_ver/v08/v0859	SES144	-1.1301	-47.2117	-46.0816
spk_ver/v08/v0860	SES146	-2.9869	-49.5839	-46.597
spk_ver/v08/v0861	SES146	-3.12434	-49.2898	-46.1655
spk_ver/v08/v0862	SES146	-3.65537	-49.7277	-46.0724
spk_ver/v08/v0863	SES146	-2.68508	-49.1485	-46.4635
spk_ver/v08/v0864	SES146	-2.92294	-47.9982	-45.0752
spk_ver/v08/v0865	SES008	1.89306	-42.7312	-44.6242
spk_ver/v08/v0866	SES142	1.46167	-44.5924	-46.0541
spk_ver/v08/v0867	SES146	-2.47824	-47.2174	-44.7392
spk_ver/v08/v0868	SES082	1.70342	-43.1374	-44.8408
spk_ver/v08/v0869	SES146	-1.90865	-46.5691	-44.6604
spk_ver/v08/v0870	SES146	-3.05845	-49.4083	-46.3498
spk_ver/v08/v0871	SES146	-4.13881	-50.2261	-46.0873
spk_ver/v08/v0872	SES146	-4.44262	-51.222	-46.7794
spk_ver/v08/v0873	SES082	1.32389	-42.9033	-44.2272
spk_ver/v08/v0874	SES146	-2.42957	-48.6098	-46.1803
spk_ver/v08/v0875	SES144	0.424973	-45.7135	-46.1385
spk_ver/v08/v0876	SES146	-2.08269	-45.6655	-43.5828
spk_ver/v08/v0877	SES146	-3.30591	-49.0099	-45.704
spk_ver/v08/v0878	SES146	-2.5536	-48.2181	-45.6645
spk_ver/v08/v0879	SES146	-2.64779	-47.8055	-45.1577
spk_ver/v08/v0880	SES146	-2.6002	-48.5263	-45.9261
spk_ver/v08/v0881	SES143	1.07232	-44.5201	-45.5924
spk_ver/v08/v0882	SES146	-1.02814	-46.8547	-45.8266
spk_ver/v08/v0883	SES147	-3.15575	-47.9367	-44.7809
spk_ver/v08/v0884	SES147	-1.09518	-46.2247	-45.1295
spk_ver/v08/v0885	SES016	1.1983	-44.1217	-45.32
spk_ver/v08/v0886	SES147	-1.42636	-47.7919	-46.3655
spk_ver/v08/v0887	SES147	-2.051	-47.7612	-45.7102
spk_ver/v08/v0888	SES147	-2.12095	-48.5853	-46.4643
spk_ver/v08/v0889	SES019	1.40609	-44.4827	-45.8888
spk_ver/v08/v0890	SES147	-3.08187	-49.8567	-46.7749
spk_ver/v08/v0891	SES147	-3.96925	-48.9437	-44.9744
spk_ver/v08/v0892	SES147	-2.60118	-48.5837	-45.9825
spk_ver/v08/v0893	SES270	1.68276	-45.2926	-46.9753
spk_ver/v08/v0894	SES029	0.71109	-44.9817	-45.6928
spk_ver/v08/v0895	SES147	-2.11483	-49.5722	-47.4574
spk_ver/v08/v0896	SES117	1.23159	-45.2147	-46.4463
spk_ver/v08/v0897	SES183	1.88962	-45.6305	-47.5201
spk_ver/v08/v0898	SES147	-4.22227	-49.164	-44.9417
spk_ver/v08/v0899	SES147	-3.60096	-50.9368	-47.3358
spk_ver/v09/v0900	SES087	1.46923	-43.9597	-45.429
spk_ver/v09/v0901	SES147	-5.13234	-51.3774	-46.245
spk_ver/v09/v0902	SES147	-2.53988	-48.036	-45.4961
spk_ver/v09/v0903	SES147	-1.84982	-47.3008	-45.4509
spk_ver/v09/v0904	SES147	-1.86185	-47.1406	-45.2787
spk_ver/v09/v0905	SES143	1.0188	-44.7699	-45.7887
spk_ver/v09/v0906	SES149	0.00358963	-44.7197	-44.7233
spk_ver/v09/v0907	SES148	-1.48911	-46.5726	-45.0835
spk_ver/v09/v0908	SES148	-0.310345	-45.9	-45.5896
spk_ver/v09/v0909	SES106	2.14928	-44.4501	-46.5994
spk_ver/v09/v0910	SES148	-0.60593	-47.7534	-47.1474
spk_ver/v09/v0911	SES148	-2.5542	-47.9965	-45.4423
spk_ver/v09/v0912	SES142	1.21125	-44.6762	-45.8874
spk_ver/v09/v0913	SES148	-3.64631	-49.9269	-46.2806
spk_ver/v09/v0914	SES148	-2.82558	-48.0809	-45.2553
spk_ver/v09/v0915	SES148	-2.52794	-49.1406	-46.6126
spk_ver/v09/v0916	SES148	-2.50092	-49.4775	-46.9766
spk_ver/v09/v0917	SES148	0.823574	-45.1122	-45.9358
spk_ver/v09/v0918	SES148	-0.491283	-45.3853	-44.894
spk_ver/v09/v0919	SES270	1.14816	-45.2466	-46.3947
spk_ver/v09/v0920	SES148	-1.41283	-46.3642	-44.9514
spk_ver/v09/v0921	SES148	-3.36827	-48.3711	-45.0029
spk_ver/v09/v0922	SES129	0.88065	-43.5262	-44.4068
spk_ver/v09/v0923	SES117	0.86871	-44.4875	-45.3562
spk_ver/v09/v0924	SES042	2.68335	-42.9124	-45.5957
spk_ver/v09/v0925	SES148	-4.37719	-51.6254	-47.2482
spk_ver/v09/v0926	SES148	-4.34584	-51.1599	-46.8141
spk_ver/v09/v0927	SES144	0.905357	-44.8456	-45.751
spk_ver/v09/v0928	SES007	1.03351	-44.8491	-45.8826
spk_ver/v09/v0929	SES148	-1.68842	-46.279	-44.5906
spk_ver/v09/v0930	SES148	-1.30357	-46.301	-44.9974
spk_ver/v09/v0931	SES148	-1.95446	-48.3934	-46.439
spk_ver/v09/v0932	SES202	1.52279	-43.8212	-45.344
spk_ver/v09/v0933	SES148	-0.339241	-45.3075	-44.9683
spk_ver/v09/v0934	SES148	-3.46909	-48.1977	-44.7286
spk_ver/v09/v0935	SES060	1.29826	-43.7733	-45.0715
spk_ver/v09/v0936	SES060	1.77153	-43.9816	-45.7531
spk_ver/v09/v0937	SES148	-1.71832	-47.0346	-45.3163
spk_ver/v09/v0938	SES148	-1.93225	-47.6237	-45.6914
spk_ver/v09/v0939	SES148	-2.921	-47.9881	-45.0671
spk_ver/v09/v0940	SES148	-2.75322	-47.5037	-44.7505
spk_ver/v09/v0941	SES149	-2.67374	-48.2255	-45.5518
spk_ver/v09/v0942	SES149	-2.96262	-47.7194	-44.7568
spk_ver/v09/v0943	SES149	-4.7878	-50.8128	-46.025
spk_ver/v09/v0944	SES149	-1.67123	-46.8723	-45.2011
spk_ver/v09/v0945	SES105	0.749317	-44.3964	-45.1457
spk_ver/v09/v0946	SES149	-3.62269	-48.7904	-45.1677
spk_ver/v09/v0947	SES149	-3.71251	-50.7658	-47.0533
spk_ver/v09/v0948	SES149	-3.41375	-48.399	-44.9852
spk_ver/v09/v0949	SES149	-2.05248	-45.7338	-43.6813
spk_ver/v09/v0950	SES226	0.935593	-43.9732	-44.9088
spk_ver/v09/v0951	SES149	-4.22415	-50.2933	-46.0692
spk_ver/v09/v0952	SES149	-3.68631	-49.5136	-45.8273
spk_ver/v09/v0953	SES062	1.04155	-43.4574	-44.499
spk_ver/v09/v0954	SES149	-4.66212	-50.66	-45.9978
spk_ver/v09/v0955	SES048	-0.158382	-44.7421	-44.5837
spk_ver/v09/v0956	SES158	-1.17658	-46.4176	-45.241
spk_ver/v09/v0957	SES158	-3.38634	-50.1678	-46.7815
spk_ver/v09/v0958	SES158	-1.1084	-45.3127	-44.2043
spk_ver/v09/v0959	SES158	-2.35699	-47.8663	-45.5093
spk_ver/v09/v0960	SES158	-6.41135	-52.9959	-46.5845
spk_ver/v09/v0961	SES147	1.34237	-45.5138	-46.8562
spk_ver/v09/v0962	SES158	-9.18566	-55.5763	-46.3906
spk_ver/v09/v0963	SES292	0.976723	-44.2954	-45.2721
spk_ver/v09/v0964	SES060	1.4599	-43.2899	-44.7498
spk_ver/v09/v0965	SES002	1.11961	-44.9131	-46.0327
spk_ver/v09/v0966	SES149	1.55742	-43.532	-45.0894
spk_ver/v09/v0967	SES158	-6.99995	-53.3565	-46.3565
spk_ver/v09/v0968	SES158	-3.65068	-49.5961	-45.9454
spk_ver/v09/v0969	SES275	-0.456757	-47.0102	-46.5534
spk_ver/v09/v0970	SES158	-6.46396	-51.6114	-45.1475
spk_ver/v09/v0971	SES158	-6.87068	-52.3267	-45.456
spk_ver/v09/v0972	SES002	1.70786	-43.4492	-45.157
spk_ver/v09/v0973	SES158	-6.35053	-51.3673	-45.0168
spk_ver/v09/v0974	SES202	1.21122	-44.5153	-45.7265
spk_ver/v09/v0975	SES158	-6.96715	-53.5381	-46.5709
spk_ver/v09/v0976	SES158	-0.549923	-46.0623	-45.5124
spk_ver/v09/v0977	SES162	-1.41106	-46.5605	-45.1495
spk_ver/v09/v0978	SES162	-6.56273	-52.9257	-46.363
spk_ver/v09/v0979	SES162	-5.6046	-51.5535	-45.9489
spk_ver/v09/v0980	SES162	-1.37767	-48.0294	-46.6518
spk_ver/v09/v0981	SES162	-2.60739	-49.0103	-46.4029
spk_ver/v09/v0982	SES259	2.12289	-42.8946	-45.0175
spk_ver/v09/v0983	SES162	-3.49889	-52.4	-48.9011
spk_ver/v09/v0984	SES162	-2.17181	-46.8879	-44.7161
spk_ver/v09/v0985	SES162	-1.23093	-46.2612	-45.0302
spk_ver/v09/v0986	SES062	0.931187	-43.3198	-44.251
spk_ver/v09/v0987	SES162	-1.05733	-47.0514	-45.9941
spk_ver/v09/v0988	SES162	-3.95222	-49.2227	-45.2705
spk_ver/v09/v0989	SES162	-4.27271	-51.6526	-47.3799
spk_ver/v09/v0990	SES162	-3.59403	-48.9101	-45.316
spk_ver/v09/v0991	SES087	1.25836	-44.3679	-45.6263
spk_ver/v09/v0992	SES120	0.0631828	-45.9575	-46.0207
spk_ver/v09/v0993	SES162	-4.76442	-49.6632	-44.8988
spk_ver/v09/v0994	SES162	-1.69423	-46.6618	-44.9676
spk_ver/v09/v0995	SES162	-4.25349	-48.9152	-44.6617
spk_ver/v09/v0996	SES162	-2.40893	-46.0985	-43.6896
spk_ver/v09/v0997	SES162	-4.72427	-50.3019	-45.5776
spk_ver/v09/v0998	SES162	-3.38876	-50.3068	-46.918
spk_ver/v09/v0999	SES162	-1.74006	-45.4042	-43.6641
spk_ver/v10/v1000	SES162	-4.57961	-49.9757	-45.3961
spk_ver/v10/v1001	SES148	1.16651	-44.9809	-46.1474
spk_ver/v10/v1002	SES162	-0.632675	-46.7253	-46.0926
spk_ver/v10/v1003	SES162	-1.79265	-47.8864	-46.0937
spk_ver/v10/v1004	SES162	-2.56149	-48.9025	-46.3411
spk_ver/v10/v1005	SES162	-3.53486	-50.3503	-46.8154
spk_ver/v10/v1006	SES162	-3.87529	-49.4433	-45.568
spk_ver/v10/v1007	SES162	-1.88827	-48.0996	-46.2113
spk_ver/v10/v1008	SES162	-3.78117	-52.0651	-48.2839
spk_ver/v10/v1009	SES162	-4.99097	-50.3851	-45.3941
spk_ver/v10/v1010	SES167	-3.15488	-50.0677	-46.9128
spk_ver/v10/v1011	SES167	-0.515549	-46.0262	-45.5106
spk_ver/v10/v1012	SES167	-1.71304	-48.0186	-46.3056
spk_ver/v10/v1013	SES167	-6.68665	-52.3124	-45.6258
spk_ver/v10/v1014	SES167	-1.03913	-45.2826	-44.2434
spk_ver/v10/v1015	SES167	-1.30136	-46.2109	-44.9096
spk_ver/v10/v1016	SES167	-1.50119	-47.2257	-45.7245
spk_ver/v10/v1017	SES167	-1.64635	-47.2733	-45.6269
spk_ver/v10/v1018	SES167	-3.13077	-49.0407	-45.9099
spk_ver/v10/v1019	SES167	-2.3886	-47.3009	-44.9123
spk_ver/v10/v1020	SES167	-6.30125	-52.0564	-45.7552
spk_ver/v10/v1021	SES167	-1.30168	-48.7138	-47.4122
spk_ver/v10/v1022	SES167	-4.40825	-50.3949	-45.9867
spk_ver/v10/v1023	SES167	-4.71293	-51.9117	-47.1988
spk_ver/v10/v1024	SES167	-5.63798	-53.6339	-47.9959
spk_ver/v10/v1025	SES167	-1.58069	-46.1589	-44.5782
spk_ver/v10/v1026	SES167	-2.39529	-48.1673	-45.772
spk_ver/v10/v1027	SES167	-1.42294	-46.4201	-44.9972
spk_ver/v10/v1028	SES167	-5.57877	-50.7584	-45.1797
spk_ver/v10/v1029	SES167	-4.1481	-49.7918	-45.6437
spk_ver/v10/v1030	SES167	-2.50558	-47.571	-45.0654
spk_ver/v10/v1031	SES167	-5.61437	-51.4504	-45.836
spk_ver/v10/v1032	SES167	-6.01706	-50.5742	-44.5572
spk_ver/v10/v1033	SES167	-5.95692	-50.6901	-44.7332
spk_ver/v10/v1034	SES002	1.55168	-42.8245	-44.3762
spk_ver/v10/v1035	SES167	-1.53028	-46.5569	-45.0266
spk_ver/v10/v1036	SES083	1.37382	-43.9705	-45.3443
spk_ver/v10/v1037	SES167	-2.40484	-48.1857	-45.7808
spk_ver/v10/v1038	SES167	-3.23212	-50.5915	-47.3594
spk_ver/v10/v1039	SES167	-1.64328	-47.578	-45.9347
spk_ver/v10/v1040	SES167	-6.72084	-52.7698	-46.0489
spk_ver/v10/v1041	SES167	-0.837231	-46.9533	-46.116
spk_ver/v10/v1042	SES087	1.46829	-44.775	-46.2433
spk_ver/v10/v1043	SES029	1.50381	-44.1429	-45.6467
spk_ver/v10/v1044	SES206	0.751301	-44.4707	-45.222
spk_ver/v10/v1045	SES172	-2.72065	-48.7869	-46.0663
spk_ver/v10/v1046	SES172	1.09675	-43.8666	-44.9633
spk_ver/v10/v1047	SES172	-0.429073	-45.6894	-45.2603
spk_ver/v10/v1048	SES259	2.03273	-42.7036	-44.7363
spk_ver/v10/v1049	SES172	-4.61915	-49.2756	-44.6564
spk_ver/v10/v1050	SES120	0.979256	-45.1854	-46.1646
spk_ver/v10/v1051	SES172	-2.28159	-47.0438	-44.7622
spk_ver/v10/v1052	SES172	-3.18056	-49.2903	-46.1097
spk_ver/v10/v1053	SES172	-3.63342	-49.1147	-45.4813
spk_ver/v10/v1054	SES172	-1.78115	-47.4183	-45.6372
spk_ver/v10/v1055	SES189	1.94954	-45.925	-47.8746
spk_ver/v10/v1056	SES172	-3.34513	-48.876	-45.5309
spk_ver/v10/v1057	SES172	-1.60565	-47.0736	-45.4679
spk_ver/v10/v1058	SES172	-2.77565	-48.2842	-45.5085
spk_ver/v10/v1059	SES172	-2.27541	-47.8619	-45.5865
spk_ver/v10/v1060	SES029	0.484142	-44.3299	-44.814
spk_ver/v10/v1061	SES175	-6.64641	-52.764	-46.1175
spk_ver/v10/v1062	SES187	0.509319	-44.2109	-44.7202
spk_ver/v10/v1063	SES019	2.88004	-44.7792	-47.6592
spk_ver/v10/v1064	SES175	-4.4177	-50.044	-45.6263
spk_ver/v10/v1065	SES175	-6.16254	-51.7794	-45.6169
spk_ver/v10/v1066	SES175	-7.65065	-55.2335	-47.5828
spk_ver/v10/v1067	SES175	-2.78939	-48.7515	-45.9621
spk_ver/v10/v1068	SES175	-2.72084	-48.2566	-45.5358
spk_ver/v10/v1069	SES016	2.50406	-42.7134	-45.2175
spk_ver/v10/v1070	SES175	-3.75429	-50.4921	-46.7378
spk_ver/v10/v1071	SES175	-2.25927	-46.5608	-44.3015
spk_ver/v10/v1072	SES175	-5.55872	-51.1875	-45.6288
spk_ver/v10/v1073	SES029	0.463188	-44.6514	-45.1146
spk_ver/v10/v1074	SES175	-2.621	-48.4282	-45.8072
spk_ver/v10/v1075	SES175	-1.19709	-45.6748	-44.4777
spk_ver/v10/v1076	SES175	-0.608967	-44.8405	-44.2316
spk_ver/v10/v1077	SES175	-4.555	-48.9433	-44.3883
spk_ver/v10/v1078	SES127	0.799801	-43.4792	-44.279
spk_ver/v10/v1079	SES175	-4.02526	-48.479	-44.4538
spk_ver/v10/v1080	SES175	-2.46444	-48.8768	-46.4124
spk_ver/v10/v1081	SES175	-4.9563	-50.9378	-45.9815
spk_ver/v10/v1082	SES175	-3.27407	-48.528	-45.2539
spk_ver/v10/v1083	SES007	1.1148	-44.7028	-45.8176
spk_ver/v10/v1084	SES068	0.888157	-43.7933	-44.6815
spk_ver/v10/v1085	SES008	0.897224	-43.758	-44.6553
spk_ver/v10/v1086	SES175	-1.04678	-45.2253	-44.1786
spk_ver/v10/v1087	SES175	-3.74549	-49.1066	-45.3611
spk_ver/v10/v1088	SES008	1.52261	-43.5106	-45.0332
spk_ver/v10/v1089	SES177	-2.07983	-46.086	-44.0062
spk_ver/v10/v1090	SES177	-3.08044	-48.2595	-45.179
spk_ver/v10/v1091	SES177	-4.22601	-50.6161	-46.3901
spk_ver/v10/v1092	SES177	-0.955471	-46.3622	-45.4067
spk_ver/v10/v1093	SES177	-4.79998	-50.3866	-45.5866
spk_ver/v10/v1094	SES002	1.54534	-43.9931	-45.5385
spk_ver/v10/v1095	SES104	0.467827	-45.1641	-45.6319
spk_ver/v10/v1096	SES177	-0.86219	-46.1692	-45.307
spk_ver/v10/v1097	SES177	-2.01979	-49.121	-47.1012
spk_ver/v10/v1098	SES177	-2.23362	-46.8717	-44.6381
spk_ver/v10/v1099	SES177	-0.244396	-45.2131	-44.9687
spk_ver/v11/v1100	SES177	-3.09389	-49.1016	-46.0077
spk_ver/v11/v1101	SES085	0.163094	-44.5357	-44.6988
spk_ver/v11/v1102	SES187	1.0541	-44.8175	-45.8716
spk_ver/v11/v1103	SES177	-1.30681	-47.1824	-45.8756
spk_ver/v11/v1104	SES177	0.397499	-44.339	-44.7365
spk_ver/v11/v1105	SES177	-0.471893	-44.8243	-44.3525
spk_ver/v11/v1106	SES177	-1.81563	-46.9971	-45.1815
spk_ver/v11/v1107	SES177	-0.499065	-45.706	-45.2069
spk_ver/v11/v1108	SES177	-0.571716	-46.1764	-45.6047
spk_ver/v11/v1109	SES125	1.54582	-43.5816	-45.1274
spk_ver/v11/v1110	SES177	-2.88253	-48.4605	-45.578
spk_ver/v11/v1111	SES177	-1.38997	-46.476	-45.086
spk_ver/v11/v1112	SES177	-1.90185	-46.9635	-45.0616
spk_ver/v11/v1113	SES177	-4.41153	-49.4064	-44.9949
spk_ver/v11/v1114	SES177	-1.60958	-48.3847	-46.7751
spk_ver/v11/v1115	SES177	-1.83872	-48.3785	-46.5398
spk_ver/v11/v1116	SES085	0.929981	-43.4132	-44.3432
spk_ver/v11/v1117	SES147	0.601719	-45.3712	-45.9729
spk_ver/v11/v1118	SES177	-0.753544	-46.567	-45.8134
spk_ver/v11/v1119	SES177	-2.92736	-48.0863	-45.1589
spk_ver/v11/v1120	SES180	-4.65845	-50.4485	-45.7901
spk_ver/v11/v1121	SES189	0.692417	-46.4082	-47.1006
spk_ver/v11/v1122	SES117	0.786083	-47.1942	-47.9802
spk_ver/v11/v1123	SES129	2.03993	-43.1234	-45.1633
spk_ver/v11/v1124	SES180	-2.52155	-48.5435	-46.022
spk_ver/v11/v1125	SES180	-0.768921	-45.4609	-44.692
spk_ver/v11/v1126	SES180	-0.956638	-46.0004	-45.0438
spk_ver/v11/v1127	SES180	-2.46314	-48.6196	-46.1564
spk_ver/v11/v1128	SES016	0.912682	-45.3216	-46.2343
spk_ver/v11/v1129	SES158	0.822048	-44.5096	-45.3317
spk_ver/v11/v1130	SES180	-2.34644	-47.9207	-45.5742
spk_ver/v11/v1131	SES180	-3.3272	-47.8317	-44.5045
spk_ver/v11/v1132	SES180	-1.94126	-48.5102	-46.5689
spk_ver/v11/v1133	SES180	-3.16458	-47.8592	-44.6947
spk_ver/v11/v1134	SES180	-2.09407	-48.4976	-46.4035
spk_ver/v11/v1135	SES180	-1.17605	-45.8687	-44.6927
spk_ver/v11/v1136	SES180	-5.79274	-52.9656	-47.1729
spk_ver/v11/v1137	SES148	0.548222	-44.8121	-45.3603
spk_ver/v11/v1138	SES104	1.3204	-42.9666	-44.287
spk_ver/v11/v1139	SES180	-3.80058	-49.385	-45.5845
spk_ver/v11/v1140	SES083	1.14689	-44.3857	-45.5326
spk_ver/v11/v1141	SES180	-4.83902	-50.4861	-45.647
spk_ver/v11/v1142	SES180	-2.27607	-48.2954	-46.0193
spk_ver/v11/v1143	SES180	-2.8252	-49.3322	-46.507
spk_ver/v11/v1144	SES099	1.68607	-45.0671	-46.7531
spk_ver/v11/v1145	SES180	-2.21235	-47.606	-45.3936
spk_ver/v11/v1146	SES183	-3.34012	-49.2552	-45.9151
spk_ver/v11/v1147	SES183	-0.965466	-46.4565	-45.491
spk_ver/v11/v1148	SES183	-4.2203	-51.7523	-47.532
spk_ver/v11/v1149	SES183	-4.69698	-51.0451	-46.3482
spk_ver/v11/v1150	SES183	-5.11939	-51.2115	-46.0921
spk_ver/v11/v1151	SES082	1.18008	-44.1515	-45.3315
spk_ver/v11/v1152	SES183	-2.86923	-49.8973	-47.028
spk_ver/v11/v1153	SES183	-2.09186	-47.3631	-45.2713
spk_ver/v11/v1154	SES002	1.66084	-43.0647	-44.7256
spk_ver/v11/v1155	SES183	-2.65533	-48.4733	-45.8179
spk_ver/v11/v1156	SES183	-4.62536	-51.6047	-46.9794
spk_ver/v11/v1157	SES183	-2.05397	-46.1463	-44.0923
spk_ver/v11/v1158	SES183	-0.358356	-45.4727	-45.1143
spk_ver/v11/v1159	SES183	-2.89356	-48.6168	-45.7232
spk_ver/v11/v1160	SES183	-4.41936	-50.045	-45.6256
spk_ver/v11/v1161	SES183	-3.44033	-50.138	-46.6977
spk_ver/v11/v1162	SES105	1.32082	-44.5759	-45.8967
spk_ver/v11/v1163	SES183	-5.87926	-51.5161	-45.6369
spk_ver/v11/v1164	SES259	1.90299	-43.5059	-45.4089
spk_ver/v11/v1165	SES183	-2.3794	-48.7446	-46.3652
spk_ver/v11/v1166	SES183	-4.57343	-49.7397	-45.1663
spk_ver/v11/v1167	SES183	-2.12099	-47.9937	-45.8727
spk_ver/v11/v1168	SES183	-2.1649	-47.1494	-44.9845
spk_ver/v11/v1169	SES183	-5.30141	-50.3254	-45.024
spk_ver/v11/v1170	SES183	-4.15218	-49.1755	-45.0233
spk_ver/v11/v1171	SES183	-7.82433	-54.5177	-46.6934
spk_ver/v11/v1172	SES187	-2.81641	-48.2491	-45.4327
spk_ver/v11/v1173	SES019	2.98261	-44.7289	-47.7115
spk_ver/v11/v1174	SES187	-4.81009	-51.8666	-47.0565
spk_ver/v11/v1175	SES187	-1.94736	-48.7792	-46.8318
spk_ver/v11/v1176	SES083	0.848526	-43.1881	-44.0366
spk_ver/v11/v1177	SES187	-5.38452	-52.6925	-47.308
spk_ver/v11/v1178	SES187	-4.71637	-50.3862	-45.6698
spk_ver/v11/v1179	SES187	-2.49167	-49.0408	-46.5491
spk_ver/v11/v1180	SES187	-0.679623	-46.5997	-45.9201
spk_ver/v11/v1181	SES187	-4.33104	-49.1605	-44.8294
spk_ver/v11/v1182	SES187	-0.910877	-45.624	-44.7131
spk_ver/v11/v1183	SES187	-2.39008	-47.9203	-45.5302
spk_ver/v11/v1184	SES187	0.193394	-45.3635	-45.5569
spk_ver/v11/v1185	SES127	0.744453	-44.4717	-45.2161
spk_ver/v11/v1186	SES187	-0.730602	-45.3276	-44.597
spk_ver/v11/v1187	SES187	-0.969975	-45.271	-44.301
spk_ver/v11/v1188	SES187	-1.8612	-48.2262	-46.365
spk_ver/v11/v1189	SES042	1.99274	-43.2338	-45.2265
spk_ver/v11/v1190	SES187	-0.81749	-45.8695	-45.052
spk_ver/v11/v1191	SES187	-4.39794	-51.7917	-47.3938
spk_ver/v11/v1192	SES187	-4.01723	-50.0934	-46.0762
spk_ver/v11/v1193	SES183	1.00837	-44.9644	-45.9728
spk_ver/v11/v1194	SES187	-1.93996	-48.2302	-46.2903
spk_ver/v11/v1195	SES187	-4.62418	-50.3984	-45.7743
spk_ver/v11/v1196	SES146	1.29263	-45.5261	-46.8187
spk_ver/v11/v1197	SES189	-5.27024	-50.6486	-45.3783
spk_ver/v11/v1198	SES175	1.52694	-44.8451	-46.372
spk_ver/v11/v1199	SES189	-4.15583	-50.8444	-46.6886
spk_ver/v12/v1200	SES189	-1.97794	-46.2566	-44.2786
spk_ver/v12/v1201	SES177	0.760311	-43.9368	-44.6971
spk_ver/v12/v1202	SES189	-1.26511	-47.4238	-46.1587
spk_ver/v12/v1203	SES143	0.745228	-44.9317	-45.6769
spk_ver/v12/v1204	SES189	-2.84695	-48.1115	-45.2646
spk_ver/v12/v1205	SES189	-1.82892	-46.5679	-44.7389
spk_ver/v12/v1206	SES189	-5.74597	-52.9053	-47.1594
spk_ver/v12/v1207	SES189	-3.56743	-48.3438	-44.7763
spk_ver/v12/v1208	SES189	-3.65879	-47.7808	-44.122
spk_ver/v12/v1209	SES189	-4.72165	-51.4218	-46.7001
spk_ver/v12/v1210	SES189	-0.495373	-46.7157	-46.2203
spk_ver/v12/v1211	SES062	1.28662	-43.1768	-44.4634
spk_ver/v12/v1212	SES189	-2.62423	-47.4492	-44.825
spk_ver/v12/v1213	SES048	1.33768	-43.7038	-45.0415
spk_ver/v12/v1214	SES042	2.78379	-42.3489	-45.1327
spk_ver/v12/v1215	SES008	1.84208	-42.9115	-44.7536
spk_ver/v12/v1216	SES202	-4.64158	-48.9614	-44.3198
spk_ver/v12/v1217	SES202	-2.90551	-49.7987	-46.8932
spk_ver/v12/v1218	SES085	1.2748	-42.5788	-43.8536
spk_ver/v12/v1219	SES202	-1.60434	-46.45	-44.8456
spk_ver/v12/v1220	SES202	-3.79807	-48.2804	-44.4823
spk_ver/v12/v1221	SES202	-1.90498	-48.4575	-46.5525
spk_ver/v12/v1222	SES202	-7.81739	-54.4573	-46.64
spk_ver/v12/v1223	SES158	0.590691	-44.7721	-45.3628
spk_ver/v12/v1224	SES202	-1.71415	-48.6718	-46.9576
spk_ver/v12/v1225	SES202	-5.95064	-51.1175	-45.1668
spk_ver/v12/v1226	SES202	-4.92073	-50.0678	-45.147
spk_ver/v12/v1227	SES202	-4.64368	-50.676	-46.0323
spk_ver/v12/v1228	SES177	0.226971	-45.2048	-45.4318
spk_ver/v12/v1229	SES202	-4.80746	-50.4206	-45.6132
spk_ver/v12/v1230	SES202	-1.69659	-47.2448	-45.5482
spk_ver/v12/v1231	SES202	-5.01159	-51.2216	-46.2101
spk_ver/v12/v1232	SES202	-1.95808	-49.8604	-47.9023
spk_ver/v12/v1233	SES206	1.29542	-43.3801	-44.6755
spk_ver/v12/v1234	SES202	-6.39812	-52.2651	-45.867
spk_ver/v12/v1235	SES202	-2.84782	-47.915	-45.0672
spk_ver/v12/v1236	SES125	1.75092	-43.9519	-45.7028
spk_ver/v12/v1237	SES127	0.871334	-44.0666	-44.938
spk_ver/v12/v1238	SES202	2.41268	-42.9747	-45.3873
spk_ver/v12/v1239	SES167	1.68639	-43.3219	-45.0083
spk_ver/v12/v1240	SES206	-11.2423	-57.3416	-46.0993
spk_ver/v12/v1241	SES206	-10.2244	-56.7174	-46.493
spk_ver/v12/v1242	SES206	-1.35013	-46.2641	-44.914
spk_ver/v12/v1243	SES206	-2.42827	-48.4715	-46.0432
spk_ver/v12/v1244	SES259	1.75411	-44.0591	-45.8133
spk_ver/v12/v1245	SES206	-4.15437	-49.1866	-45.0322
spk_ver/v12/v1246	SES206	-5.2035	-50.2597	-45.0562
spk_ver/v12/v1247	SES206	-0.668835	-46.0351	-45.3662
spk_ver/v12/v1248	SES206	-12.6834	-59.6844	-47.001
spk_ver/v12/v1249	SES270	2.09002	-44.7694	-46.8595
spk_ver/v12/v1250	SES206	-8.6384	-54.5751	-45.9367
spk_ver/v12/v1251	SES206	-4.73413	-49.5045	-44.7704
spk_ver/v12/v1252	SES206	-4.59759	-49.9476	-45.35
spk_ver/v12/v1253	SES206	-1.65574	-46.8566	-45.2009
spk_ver/v12/v1254	SES206	-1.61633	-47.441	-45.8247
spk_ver/v12/v1255	SES125	1.69372	-43.5886	-45.2823
spk_ver/v12/v1256	SES206	-12.1258	-57.6883	-45.5625
spk_ver/v12/v1257	SES206	-7.70047	-52.1814	-44.481
spk_ver/v12/v1258	SES206	-2.29928	-48.5848	-46.2855
spk_ver/v12/v1259	SES206	-9.12162	-54.7461	-45.6245
spk_ver/v12/v1260	SES206	-12.4648	-58.9325	-46.4677
spk_ver/v12/v1261	SES206	-7.51188	-52.685	-45.1732
spk_ver/v12/v1262	SES206	-10.5587	-56.5173	-45.9586
spk_ver/v12/v1263	SES206	-6.26241	-51.2622	-44.9998
spk_ver/v12/v1264	SES149	1.00877	-44.3563	-45.3651
spk_ver/v12/v1265	SES206	-1.15164	-48.6359	-47.4843
spk_ver/v12/v1266	SES206	-14.1441	-60.4734	-46.3293
spk_ver/v12/v1267	SES206	-1.09008	-49.1627	-48.0726
spk_ver/v12/v1268	SES206	-3.96233	-49.8828	-45.9205
spk_ver/v12/v1269	SES206	-11.9672	-60.0342	-48.0671
spk_ver/v12/v1270	SES206	-15.0571	-63.117	-48.06
spk_ver/v12/v1271	SES226	-11.388	-58.4539	-47.0659
spk_ver/v12/v1272	SES226	-1.10248	-45.5858	-44.4833
spk_ver/v12/v1273	SES226	-8.79902	-53.4345	-44.6355
spk_ver/v12/v1274	SES226	-6.5957	-52.3032	-45.7075
spk_ver/v12/v1275	SES226	-0.0322037	-45.8113	-45.7791
spk_ver/v12/v1276	SES226	-6.63447	-52.4853	-45.8509
spk_ver/v12/v1277	SES226	-1.21272	-46.1561	-44.9434
spk_ver/v12/v1278	SES226	-0.467613	-46.5963	-46.1287
spk_ver/v12/v1279	SES226	-6.80232	-51.0773	-44.275
spk_ver/v12/v1280	SES226	-2.41485	-47.0882	-44.6733
spk_ver/v12/v1281	SES226	-2.29012	-48.7141	-46.424
spk_ver/v12/v1282	SES226	-2.22204	-48.3296	-46.1076
spk_ver/v12/v1283	SES143	1.02425	-44.585	-45.6092
spk_ver/v12/v1284	SES226	-4.68025	-49.3654	-44.6851
spk_ver/v12/v1285	SES226	-1.21049	-46.8318	-45.6213
spk_ver/v12/v1286	SES226	-1.47591	-47.3471	-45.8712
spk_ver/v12/v1287	SES226	-3.41019	-49.1725	-45.7623
spk_ver/v12/v1288	SES226	-7.26297	-52.0774	-44.8144
spk_ver/v12/v1289	SES104	1.26433	-44.4766	-45.7409
spk_ver/v12/v1290	SES008	2.00434	-44.2432	-46.2475
spk_ver/v12/v1291	SES226	-1.08397	-46.5793	-45.4953
spk_ver/v12/v1292	SES259	-4.30955	-50.5922	-46.2827
spk_ver/v12/v1293	SES062	1.06514	-43.4806	-44.5457
spk_ver/v12/v1294	SES099	1.41715	-45.4039	-46.821
spk_ver/v12/v1295	SES158	0.507095	-45.5839	-46.091
spk_ver/v12/v1296	SES259	-5.86976	-50.3478	-44.478
spk_ver/v12/v1297	SES259	-4.99882	-50.8819	-45.8831
spk_ver/v12/v1298	SES259	-3.03825	-48.3909	-45.3526
spk_ver/v12/v1299	SES259	-6.38165	-51.7084	-45.3268
spk_ver/v13/v1300	SES120	1.04054	-44.9477	-45.9883
spk_ver/v13/v1301	SES259	-9.65956	-55.192	-45.5324
spk_ver/v13/v1302	SES259	-10.1374	-55.9985	-45.861
spk_ver/v13/v1303	SES129	1.19727	-44.3222	-45.5195
spk_ver/v13/v1304	SES259	-3.64894	-49.797	-46.1481
spk_ver/v13/v1305	SES259	-3.89613	-50.5375	-46.6413
spk_ver/v13/v1306	SES106	1.07507	-44.6967	-45.7717
spk_ver/v13/v1307	SES259	-4.18671	-50.4337	-46.247
spk_ver/v13/v1308	SES259	-1.49323	-46.884	-45.3907
spk_ver/v13/v1309	SES259	-7.23617	-52.2492	-45.013
spk_ver/v13/v1310	SES259	-7.1132	-51.5979	-44.4847
spk_ver/v13/v1311	SES259	-6.6281	-51.6426	-45.0145
spk_ver/v13/v1312	SES259	-2.1079	-46.5637	-44.4558
spk_ver/v13/v1313	SES144	0.659454	-44.7668	-45.4262
spk_ver/v13/v1314	SES259	-9.55592	-55.2187	-45.6628
spk_ver/v13/v1315	SES162	1.42669	-44.0861	-45.5128
spk_ver/v13/v1316	SES206	0.935295	-43.9745	-44.9098
spk_ver/v13/v1317	SES175	1.19441	-45.203	-46.3974
spk_ver/v13/v1318	SES259	-7.82554	-54.2789	-46.4534
spk_ver/v13/v1319	SES259	-9.12291	-55.1874	-46.0645
spk_ver/v13/v1320	SES270	-0.301884	-46.2314	-45.9295
spk_ver/v13/v1321	SES101	-0.0930099	-44.9383	-44.8453
spk_ver/v13/v1322	SES177	0.783207	-43.8478	-44.631
spk_ver/v13/v1323	SES127	0.876286	-43.1692	-44.0455
spk_ver/v13/v1324	SES270	-7.04992	-52.9551	-45.9052
spk_ver/v13/v1325	SES062	1.07829	-43.499	-44.5773
spk_ver/v13/v1326	SES270	0.0302849	-46.1955	-46.2258
spk_ver/v13/v1327	SES120	-0.121925	-46.2896	-46.1677
spk_ver/v13/v1328	SES270	-3.54799	-50.4855	-46.9375
spk_ver/v13/v1329	SES270	-5.52731	-49.3342	-43.8069
spk_ver/v13/v1330	SES270	0.136322	-46.8371	-46.9735
spk_ver/v13/v1331	SES270	-5.54467	-49.9033	-44.3587
spk_ver/v13/v1332	SES270	-0.673878	-45.4587	-44.7849
spk_ver/v13/v1333	SES270	-0.543739	-47.6947	-47.151
spk_ver/v13/v1334	SES270	-2.88751	-48.3185	-45.431
spk_ver/v13/v1335	SES270	0.223068	-45.3356	-45.5587
spk_ver/v13/v1336	SES270	-1.24635	-46.564	-45.3177
spk_ver/v13/v1337	SES016	1.23136	-44.149	-45.3804
spk_ver/v13/v1338	SES270	-4.967	-49.9446	-44.9776
spk_ver/v13/v1339	SES002	1.33387	-43.3617	-44.6956
spk_ver/v13/v1340	SES105	1.64339	-44.8631	-46.5065
spk_ver/v13/v1341	SES275	-2.63828	-49.1416	-46.5033
spk_ver/v13/v1342	SES187	1.32053	-45.1929	-46.5135
spk_ver/v13/v1343	SES275	-2.66504	-48.4451	-45.7801
spk_ver/v13/v1344	SES275	-3.80999	-49.9205	-46.1105
spk_ver/v13/v1345	SES275	-2.57295	-48.5286	-45.9556
spk_ver/v13/v1346	SES275	-5.33559	-51.3662	-46.0306
spk_ver/v13/v1347	SES275	-3.77543	-50.6602	-46.8847
spk_ver/v13/v1348	SES180	0.430004	-44.7991	-45.2291
spk_ver/v13/v1349	SES275	-2.39296	-49.9958	-47.6029
spk_ver/v13/v1350	SES275	-0.883144	-45.2103	-44.3272
spk_ver/v13/v1351	SES275	-3.84677	-53.5859	-49.7392
spk_ver/v13/v1352	SES275	-2.47807	-48.1356	-45.6575
spk_ver/v13/v1353	SES275	-2.55169	-49.9077	-47.356
spk_ver/v13/v1354	SES189	1.75235	-45.9138	-47.6661
spk_ver/v13/v1355	SES068	0.703247	-43.7944	-44.4977
spk_ver/v13/v1356	SES275	-3.50383	-50.1938	-46.6899
spk_ver/v13/v1357	SES048	0.42276	-44.902	-45.3247
spk_ver/v13/v1358	SES226	1.4115	-43.4	-44.8115
spk_ver/v13/v1359	SES016	1.10536	-43.9894	-45.0947
spk_ver/v13/v1360	SES275	-2.99686	-49.3373	-46.3404
spk_ver/v13/v1361	SES068	0.915466	-43.6287	-44.5441
spk_ver/v13/v1362	SES275	-4.00713	-49.2006	-45.1935
spk_ver/v13/v1363	SES275	-2.94025	-49.0371	-46.0969
spk_ver/v13/v1364	SES275	-3.11898	-50.8317	-47.7127
spk_ver/v13/v1365	SES275	-2.24099	-47.2792	-45.0382
spk_ver/v13/v1366	SES187	0.736771	-44.4283	-45.1651
spk_ver/v13/v1367	SES275	-4.1833	-50.9635	-46.7802
spk_ver/v13/v1368	SES125	1.33287	-44.1145	-45.4474
spk_ver/v13/v1369	SES275	-1.8911	-48.5441	-46.653
spk_ver/v13/v1370	SES292	-2.96561	-48.0323	-45.0667
spk_ver/v13/v1371	SES292	-2.59494	-47.6794	-45.0845
spk_ver/v13/v1372	SES292	-2.7588	-49.2832	-46.5244
spk_ver/v13/v1373	SES292	-2.00016	-47.279	-45.2789
spk_ver/v13/v1374	SES101	1.28386	-44.7055	-45.9893
spk_ver/v13/v1375	SES292	-2.20173	-48.2634	-46.0617
spk_ver/v13/v1376	SES292	-2.22573	-47.1649	-44.9392
spk_ver/v13/v1377	SES292	-4.23342	-51.2283	-46.9949
spk_ver/v13/v1378	SES292	-0.935722	-46.0892	-45.1534
spk_ver/v13/v1379	SES292	-1.5339	-47.029	-45.4951
spk_ver/v13/v1380	SES292	-2.27131	-47.6871	-45.4158
spk_ver/v13/v1381	SES292	-2.06377	-46.062	-43.9982
spk_ver/v13/v1382	SES292	-2.16402	-48.5625	-46.3984
spk_ver/v13/v1383	SES292	-2.44759	-48.0183	-45.5707
spk_ver/v13/v1384	SES292	-1.59743	-46.9677	-45.3703
spk_ver/v13/v1385	SES292	-1.94369	-47.2509	-45.3072
spk_ver/v13/v1386	SES292	-2.01313	-48.2792	-46.266
spk_ver/v13/v1387	SES158	1.58587	-45.6224	-47.2083
spk_ver/v13/v1388	SES292	-0.820934	-45.4912	-44.6703
spk_ver/v13/v1389	SES292	-1.03002	-44.7477	-43.7177
spk_ver/v13/v1390	SES292	-3.18329	-48.162	-44.9787
spk_ver/v13/v1391	SES292	-2.14267	-47.5196	-45.3769
spk_ver/v13/v1392	SES292	-3.4906	-50.0075	-46.5169
spk_ver/v13/v1393	SES292	-2.64341	-47.9614	-45.318
spk_ver/v13/v1394	SES292	-2.66708	-48.5397	-45.8727
spk_ver/v13/v1395	SES292	-3.42898	-48.1673	-44.7383
spk_ver/v13/v1396	SES117	1.56716	-44.8544	-46.4216
spk_ver/v13/v1397	SES292	-3.13935	-48.0272	-44.8879
spk_ver/v13/v1398	SES292	-2.99768	-49.7694	-46.7718
spk_ver/v13/v1399	SES292	-2.54843	-48.049	-45.5006
