BLOCK00/SES002/SA002S12	SES002	1.25216	-44.2393	-45.4915
BLOCK00/SES002/SA002S13	SES002	1.7281	-43.8726	-45.6007
BLOCK00/SES002/SA002S23	SES002	1.20009	-43.975	-45.1751
BLOCK00/SES002/SA002S26	SES002	1.80835	-43.8844	-45.6927
BLOCK00/SES002/SA002S28	SES002	1.30209	-44.1305	-45.4326
BLOCK00/SES007/SA007S14	SES007	1.57337	-42.9313	-44.5046
BLOCK00/SES007/SA007S15	SES007	0.721577	-44.3716	-45.0932
BLOCK00/SES007/SA007S24	SES007	0.948246	-44.1352	-45.0834
BLOCK00/SES007/SA007S27	SES007	0.682213	-45.1256	-45.8078
BLOCK00/SES007/SA007S29	SES007	0.556293	-44.0079	-44.5642
BLOCK00/SES008/SA008S11	SES008	1.08099	-44.3831	-45.4641
BLOCK00/SES008/SA008S12	SES008	0.56097	-44.9302	-45.4912
BLOCK00/SES008/SA008S19	SES008	1.36987	-43.6705	-45.0404
BLOCK00/SES008/SA008S22	SES008	1.0612	-44.7677	-45.8289
BLOCK00/SES008/SA008S29	SES008	1.18342	-44.1567	-45.3401
BLOCK01/SES014/SA014S10	SES014	2.16532	-43.574	-45.7393
BLOCK01/SES014/SA014S12	SES014	2.91096	-41.7435	-44.6545
BLOCK01/SES014/SA014S24	SES014	1.272	-43.8297	-45.1017
BLOCK01/SES014/SA014S26	SES014	2.333	-41.6066	-43.9397
BLOCK01/SES014/SA014S28	SES014	2.74097	-41.715	-44.4559
BLOCK01/SES016/SA016S12	SES016	1.42267	-45.2902	-46.7129
BLOCK01/SES016/SA016S13	SES016	1.43285	-44.3304	-45.7632
BLOCK01/SES016/SA016S22	SES016	0.873379	-44.8654	-45.7388
BLOCK01/SES016/SA016S25	SES016	1.87083	-42.4701	-44.341
BLOCK01/SES016/SA016S27	SES016	1.65759	-43.0553	-44.7129
BLOCK01/SES019/SA019S13	SES019	2.98004	-44.2502	-47.2302
BLOCK01/SES019/SA019S14	SES019	1.91231	-44.7067	-46.619
BLOCK01/SES019/SA019S22	SES019	2.83494	-43.798	-46.6329
BLOCK01/SES019/SA019S25	SES019	2.62181	-44.4007	-47.0225
BLOCK01/SES019/SA019S29	SES019	3.53036	-44.0665	-47.5969
BLOCK02/SES029/SA029S11	SES029	1.749	-43.3799	-45.1289
BLOCK02/SES029/SA029S12	SES029	0.794846	-44.0872	-44.8821
BLOCK02/SES029/SA029S20	SES029	0.893017	-44.9875	-45.8805
BLOCK02/SES029/SA029S25	SES029	0.737537	-44.0349	-44.7724
BLOCK02/SES029/SA029S28	SES029	0.812332	-44.5028	-45.3151
BLOCK04/SES042/SA042S12	SES042	2.01531	-43.1408	-45.1561
BLOCK04/SES042/SA042S15	SES042	2.36119	-43.3385	-45.6997
BLOCK04/SES042/SA042S22	SES042	3.38693	-41.7968	-45.1837
BLOCK04/SES042/SA042S25	SES042	1.76218	-44.4367	-46.1989
BLOCK04/SES042/SA042S27	SES042	1.85095	-43.4966	-45.3475
BLOCK04/SES048/SA048S11	SES048	1.28408	-44.0473	-45.3314
BLOCK04/SES048/SA048S12	SES048	0.72089	-44.4702	-45.1911
BLOCK04/SES048/SA048S20	SES048	0.76897	-44.1605	-44.9295
BLOCK04/SES048/SA048S23	SES048	1.3022	-44.5178	-45.82
BLOCK04/SES048/SA048S27	SES048	0.932404	-43.7506	-44.683
BLOCK06/SES060/SA060S11	SES060	1.81464	-43.654	-45.4687
BLOCK06/SES060/SA060S12	SES060	0.186821	-45.1282	-45.315
BLOCK06/SES060/SA060S22	SES060	0.190155	-45.9909	-46.1811
BLOCK06/SES060/SA060S24	SES060	0.998161	-44.0283	-45.0265
BLOCK06/SES060/SA060S28	SES060	1.43121	-42.6161	-44.0473
BLOCK06/SES062/SA062S10	SES062	0.573406	-44.1544	-44.7278
BLOCK06/SES062/SA062S11	SES062	1.70708	-43.376	-45.0831
BLOCK06/SES062/SA062S21	SES062	2.00988	-41.8246	-43.8345
BLOCK06/SES062/SA062S26	SES062	0.990955	-42.9322	-43.9231
BLOCK06/SES062/SA062S29	SES062	1.48244	-42.5227	-44.0052
BLOCK06/SES068/SA068S14	SES068	0.571339	-44.6036	-45.1749
BLOCK06/SES068/SA068S15	SES068	1.08637	-43.4529	-44.5393
BLOCK06/SES068/SA068S23	SES068	0.965485	-44.4835	-45.4489
BLOCK06/SES068/SA068S27	SES068	1.81967	-43.0244	-44.8441
BLOCK06/SES068/SA068S29	SES068	0.862762	-44.0958	-44.9586
BLOCK08/SES082/SA082S12	SES082	0.542896	-45.6746	-46.2175
BLOCK08/SES082/SA082S14	SES082	0.379311	-45.7161	-46.0955
BLOCK08/SES082/SA082S21	SES082	0.701534	-44.9641	-45.6657
BLOCK08/SES082/SA082S24	SES082	0.811565	-45.0231	-45.8346
BLOCK08/SES082/SA082S28	SES082	0.437626	-45.3595	-45.7971
BLOCK08/SES083/SA083S14	SES083	0.0766411	-44.6439	-44.7206
BLOCK08/SES083/SA083S15	SES083	0.403137	-44.2648	-44.668
BLOCK08/SES083/SA083S24	SES083	0.257648	-44.7691	-45.0268
BLOCK08/SES083/SA083S26	SES083	1.03397	-44.0388	-45.0728
BLOCK08/SES083/SA083S29	SES083	0.104092	-44.3893	-44.4934
BLOCK08/SES085/SA085S10	SES085	0.0743942	-44.9531	-45.0275
BLOCK08/SES085/SA085S13	SES085	0.962025	-44.6396	-45.6016
BLOCK08/SES085/SA085S22	SES085	-0.283314	-45.4412	-45.1579
BLOCK08/SES085/SA085S26	SES085	-0.353573	-45.2721	-44.9185
BLOCK08/SES085/SA085S28	SES085	1.48637	-43.7328	-45.2192
BLOCK08/SES087/SA087S15	SES087	1.42367	-44.6289	-46.0526
BLOCK08/SES087/SA087S16	SES087	1.75063	-44.1434	-45.894
BLOCK08/SES087/SA087S24	SES087	1.81172	-44.077	-45.8887
BLOCK08/SES087/SA087S26	SES087	1.50456	-42.9972	-44.5018
BLOCK08/SES087/SA087S29	SES087	1.81797	-44.0228	-45.8407
BLOCK09/SES099/SA099S15	SES099	1.62306	-44.8436	-46.4667
BLOCK09/SES099/SA099S16	SES099	1.64534	-44.461	-46.1063
BLOCK09/SES099/SA099S24	SES099	1.54657	-44.2227	-45.7692
BLOCK09/SES099/SA099S26	SES099	1.73112	-44.0024	-45.7335
BLOCK09/SES099/SA099S29	SES099	1.71912	-44.0273	-45.7464
BLOCK10/SES101/SA101S11	SES101	0.659386	-43.9183	-44.5776
BLOCK10/SES101/SA101S13	SES101	1.13369	-43.364	-44.4977
BLOCK10/SES101/SA101S22	SES101	1.39745	-44.2138	-45.6112
BLOCK10/SES101/SA101S24	SES101	1.30548	-43.9956	-45.301
BLOCK10/SES101/SA101S28	SES101	0.587811	-44.6535	-45.2413
BLOCK10/SES104/SA104S11	SES104	1.62251	-43.0819	-44.7044
BLOCK10/SES104/SA104S12	SES104	1.65974	-43.2593	-44.919
BLOCK10/SES104/SA104S21	SES104	0.930534	-44.3921	-45.3226
BLOCK10/SES104/SA104S24	SES104	0.770302	-44.8467	-45.617
BLOCK10/SES104/SA104S28	SES104	1.36361	-44.2199	-45.5835
BLOCK10/SES105/SA105S12	SES105	0.874233	-45.2976	-46.1718
BLOCK10/SES105/SA105S13	SES105	1.32104	-44.6611	-45.9822
BLOCK10/SES105/SA105S22	SES105	0.380268	-46.1757	-46.556
BLOCK10/SES105/SA105S26	SES105	1.35963	-44.6967	-46.0563
BLOCK10/SES105/SA105S29	SES105	1.17893	-44.5367	-45.7156
BLOCK10/SES106/SA106S09	SES106	0.927109	-45.8198	-46.7469
BLOCK10/SES106/SA106S11	SES106	1.2151	-43.9561	-45.1712
BLOCK10/SES106/SA106S22	SES106	2.28027	-44.3514	-46.6317
BLOCK10/SES106/SA106S27	SES106	1.46021	-44.1659	-45.6261
BLOCK10/SES106/SA106S29	SES106	0.737236	-44.6173	-45.3545
BLOCK11/SES117/SA117S12	SES117	0.453503	-44.8166	-45.2701
BLOCK11/SES117/SA117S13	SES117	0.831108	-44.4222	-45.2533
BLOCK11/SES117/SA117S23	SES117	1.88491	-45.0165	-46.9014
BLOCK11/SES117/SA117S25	SES117	0.94252	-45.3743	-46.3168
BLOCK11/SES117/SA117S28	SES117	1.22662	-45.1436	-46.3702
BLOCK12/SES120/SA120S08	SES120	1.25121	-45.4453	-46.6965
BLOCK12/SES120/SA120S11	SES120	0.705875	-46.8467	-47.5526
BLOCK12/SES120/SA120S22	SES120	0.509514	-44.992	-45.5015
BLOCK12/SES120/SA120S24	SES120	0.625919	-45.4813	-46.1072
BLOCK12/SES120/SA120S28	SES120	0.382847	-46.8236	-47.2064
BLOCK12/SES125/SA125S13	SES125	1.94185	-43.4916	-45.4334
BLOCK12/SES125/SA125S14	SES125	1.19614	-44.4715	-45.6677
BLOCK12/SES125/SA125S25	SES125	1.93462	-43.6779	-45.6125
BLOCK12/SES125/SA125S27	SES125	2.21223	-43.0252	-45.2374
BLOCK12/SES125/SA125S29	SES125	1.41687	-43.8535	-45.2704
BLOCK12/SES127/SA127S11	SES127	0.97448	-44.8152	-45.7897
BLOCK12/SES127/SA127S12	SES127	-0.436211	-45.4501	-45.0139
BLOCK12/SES127/SA127S23	SES127	0.374737	-45.0004	-45.3751
BLOCK12/SES127/SA127S25	SES127	-0.0194206	-45.3439	-45.3244
BLOCK12/SES127/SA127S27	SES127	0.821918	-44.1169	-44.9388
BLOCK12/SES129/SA129S11	SES129	1.75529	-43.166	-44.9213
BLOCK12/SES129/SA129S12	SES129	1.35985	-43.3803	-44.7401
BLOCK12/SES129/SA129S22	SES129	1.29491	-43.7109	-45.0058
BLOCK12/SES129/SA129S27	SES129	1.98656	-42.988	-44.9746
BLOCK12/SES129/SA129S29	SES129	1.6047	-43.2707	-44.8754
BLOCK14/SES142/SA142S11	SES142	1.91473	-44.281	-46.1958
BLOCK14/SES142/SA142S12	SES142	1.56354	-44.701	-46.2645
BLOCK14/SES142/SA142S24	SES142	2.03942	-43.9399	-45.9793
BLOCK14/SES142/SA142S27	SES142	2.118	-43.9258	-46.0438
BLOCK14/SES142/SA142S29	SES142	1.96111	-43.1142	-45.0753
BLOCK14/SES143/SA143S12	SES143	1.3124	-44.5452	-45.8576
BLOCK14/SES143/SA143S13	SES143	0.809635	-44.9585	-45.7681
BLOCK14/SES143/SA143S23	SES143	1.18477	-44.826	-46.0108
BLOCK14/SES143/SA143S25	SES143	1.11806	-44.644	-45.762
BLOCK14/SES143/SA143S28	SES143	1.1588	-44.0771	-45.2359
BLOCK14/SES144/SA144S09	SES144	1.04268	-44.4666	-45.5093
BLOCK14/SES144/SA144S11	SES144	1.04105	-45.1449	-46.1859
BLOCK14/SES144/SA144S21	SES144	0.30529	-45.4619	-45.7672
BLOCK14/SES144/SA144S25	SES144	0.850426	-45.2572	-46.1077
BLOCK14/SES144/SA144S29	SES144	0.199036	-45.1613	-45.3604
BLOCK14/SES146/SA146S14	SES146	0.83942	-45.4837	-46.3231
BLOCK14/SES146/SA146S15	SES146	0.39386	-45.423	-45.8168
BLOCK14/SES146/SA146S24	SES146	0.477413	-45.3019	-45.7793
BLOCK14/SES146/SA146S26	SES146	1.14397	-45.215	-46.3589
BLOCK14/SES146/SA146S29	SES146	0.576443	-45.9424	-46.5188
BLOCK14/SES147/SA147S11	SES147	2.04437	-44.5134	-46.5578
BLOCK14/SES147/SA147S13	SES147	2.10457	-43.5232	-45.6278
BLOCK14/SES147/SA147S23	SES147	1.87381	-44.8822	-46.756
BLOCK14/SES147/SA147S26	SES147	1.43611	-44.8799	-46.316
BLOCK14/SES147/SA147S28	SES147	2.40894	-44.1855	-46.5944
BLOCK14/SES148/SA148S10	SES148	1.3578	-44.0109	-45.3687
BLOCK14/SES148/SA148S12	SES148	0.843754	-45.0281	-45.8719
BLOCK14/SES148/SA148S22	SES148	1.26505	-43.5909	-44.8559
BLOCK14/SES148/SA148S26	SES148	0.834675	-44.2496	-45.0842
BLOCK14/SES148/SA148S29	SES148	0.770351	-44.9783	-45.7487
BLOCK14/SES149/SA149S13	SES149	0.24287	-44.9957	-45.2385
BLOCK14/SES149/SA149S14	SES149	0.514343	-44.2428	-44.7572
BLOCK14/SES149/SA149S24	SES149	1.30637	-44.0753	-45.3817
BLOCK14/SES149/SA149S26	SES149	1.60924	-43.5677	-45.177
BLOCK14/SES149/SA149S28	SES149	1.77777	-42.8891	-44.6668
BLOCK15/SES158/SA158S13	SES158	0.856655	-45.2047	-46.0614
BLOCK15/SES158/SA158S14	SES158	1.64377	-45.0466	-46.6904
BLOCK15/SES158/SA158S23	SES158	0.943108	-44.7291	-45.6722
BLOCK15/SES158/SA158S26	SES158	1.50125	-44.3881	-45.8894
BLOCK15/SES158/SA158S28	SES158	0.914303	-45.0487	-45.963
BLOCK16/SES162/SA162S10	SES162	0.922291	-45.8493	-46.7716
BLOCK16/SES162/SA162S11	SES162	0.906578	-44.5692	-45.4758
BLOCK16/SES162/SA162S21	SES162	1.78205	-44.217	-45.999
BLOCK16/SES162/SA162S24	SES162	1.13016	-44.8388	-45.969
BLOCK16/SES162/SA162S27	SES162	1.22712	-45.1468	-46.3739
BLOCK16/SES167/SA167S14	SES167	1.45731	-43.278	-44.7354
BLOCK16/SES167/SA167S15	SES167	1.5669	-43.7372	-45.3041
BLOCK16/SES167/SA167S21	SES167	1.94169	-42.911	-44.8526
BLOCK16/SES167/SA167S25	SES167	1.79197	-44.1486	-45.9405
BLOCK16/SES167/SA167S29	SES167	2.56583	-42.6626	-45.2284
BLOCK17/SES172/SA172S12	SES172	1.43034	-44.3198	-45.7501
BLOCK17/SES172/SA172S13	SES172	1.72113	-44.3417	-46.0629
BLOCK17/SES172/SA172S23	SES172	0.942051	-43.3135	-44.2555
BLOCK17/SES172/SA172S27	SES172	1.39853	-44.3869	-45.7854
BLOCK17/SES172/SA172S29	SES172	1.55919	-44.076	-45.6352
BLOCK17/SES175/SA175S11	SES175	1.74482	-44.1115	-45.8563
BLOCK17/SES175/SA175S13	SES175	1.22886	-44.1816	-45.4105
BLOCK17/SES175/SA175S23	SES175	1.56575	-44.469	-46.0347
BLOCK17/SES175/SA175S25	SES175	0.91251	-45.8364	-46.7489
BLOCK17/SES175/SA175S28	SES175	1.32479	-44.0413	-45.3661
BLOCK17/SES177/SA177S15	SES177	0.183926	-45.0427	-45.2267
BLOCK17/SES177/SA177S17	SES177	0.352253	-44.9077	-45.2599
BLOCK17/SES177/SA177S23	SES177	0.357216	-45.0949	-45.4521
BLOCK17/SES177/SA177S26	SES177	0.610321	-43.2455	-43.8558
BLOCK17/SES177/SA177S28	SES177	0.594288	-43.9228	-44.5171
BLOCK18/SES180/SA180S13	SES180	0.624691	-44.7335	-45.3582
BLOCK18/SES180/SA180S15	SES180	0.806995	-44.8325	-45.6395
BLOCK18/SES180/SA180S24	SES180	0.853443	-43.5478	-44.4012
BLOCK18/SES180/SA180S26	SES180	0.6912	-44.2766	-44.9678
BLOCK18/SES180/SA180S29	SES180	1.02773	-44.7405	-45.7682
BLOCK18/SES183/SA183S13	SES183	1.35001	-44.9243	-46.2743
BLOCK18/SES183/SA183S14	SES183	0.263973	-45.6487	-45.9127
BLOCK18/SES183/SA183S24	SES183	1.4609	-45.0194	-46.4803
BLOCK18/SES183/SA183S27	SES183	1.25187	-44.9091	-46.1609
BLOCK18/SES183/SA183S29	SES183	1.28688	-44.2673	-45.5541
BLOCK18/SES187/SA187S13	SES187	0.873024	-45.3484	-46.2214
BLOCK18/SES187/SA187S14	SES187	0.547398	-45.6365	-46.1839
BLOCK18/SES187/SA187S24	SES187	1.26873	-44.8032	-46.0719
BLOCK18/SES187/SA187S27	SES187	1.31423	-44.4541	-45.7684
BLOCK18/SES187/SA187S29	SES187	1.27943	-44.9683	-46.2477
BLOCK18/SES189/SA189S10	SES189	1.8386	-46.0727	-47.9113
BLOCK18/SES189/SA189S13	SES189	1.48833	-46.9486	-48.437
BLOCK18/SES189/SA189S24	SES189	2.20096	-45.4256	-47.6266
BLOCK18/SES189/SA189S26	SES189	1.74353	-45.1038	-46.8473
BLOCK18/SES189/SA189S29	SES189	2.44236	-45.1248	-47.5672
BLOCK20/SES202/SA202S12	SES202	1.17269	-45.4844	-46.6571
BLOCK20/SES202/SA202S14	SES202	2.31259	-43.6822	-45.9948
BLOCK20/SES202/SA202S24	SES202	1.32925	-44.8654	-46.1946
BLOCK20/SES202/SA202S27	SES202	1.80864	-43.3451	-45.1538
BLOCK20/SES202/SA202S29	SES202	1.93249	-43.4333	-45.3658
BLOCK20/SES206/SA206S15	SES206	-0.201771	-44.8008	-44.599
BLOCK20/SES206/SA206S17	SES206	2.03452	-43.1681	-45.2026
BLOCK20/SES206/SA206S24	SES206	1.34402	-43.2715	-44.6155
BLOCK20/SES206/SA206S27	SES206	1.60815	-43.9408	-45.5489
BLOCK20/SES206/SA206S29	SES206	1.4812	-43.2181	-44.6993
BLOCK22/SES226/SA226S12	SES226	1.21396	-44.7019	-45.9159
BLOCK22/SES226/SA226S13	SES226	-0.341919	-46.1014	-45.7595
BLOCK22/SES226/SA226S20	SES226	1.38503	-44.9279	-46.3129
BLOCK22/SES226/SA226S23	SES226	0.998604	-44.6062	-45.6048
BLOCK22/SES226/SA226S28	SES226	1.60136	-44.1887	-45.79
BLOCK25/SES259/SA259S13	SES259	2.91135	-42.6831	-45.5945
BLOCK25/SES259/SA259S14	SES259	1.71622	-43.6904	-45.4066
BLOCK25/SES259/SA259S22	SES259	1.54328	-43.5225	-45.0657
BLOCK25/SES259/SA259S24	SES259	1.65611	-43.3035	-44.9597
BLOCK25/SES259/SA259S28	SES259	1.70548	-43.064	-44.7695
BLOCK27/SES270/SA270S14	SES270	1.81452	-45.2286	-47.0431
BLOCK27/SES270/SA270S16	SES270	0.777752	-45.0091	-45.7869
BLOCK27/SES270/SA270S22	SES270	2.22238	-44.1012	-46.3236
BLOCK27/SES270/SA270S26	SES270	1.04974	-45.7238	-46.7735
BLOCK27/SES270/SA270S28	SES270	0.854866	-44.7042	-45.5591
BLOCK27/SES275/SA275S17	SES275	1.72495	-44.8146	-46.5396
BLOCK27/SES275/SA275S18	SES275	0.274265	-45.0958	-45.3701
BLOCK27/SES275/SA275S24	SES275	0.793625	-46.0739	-46.8675
BLOCK27/SES275/SA275S26	SES275	1.19472	-44.2083	-45.4031
BLOCK27/SES275/SA275S28	SES275	0.697243	-44.598	-45.2952
BLOCK29/SES292/SA292S10	SES292	0.269016	-45.008	-45.277
BLOCK29/SES292/SA292S12	SES292	0.47065	-45.4524	-45.9231
BLOCK29/SES292/SA292S22	SES292	0.997166	-44.1512	-45.1484
BLOCK29/SES292/SA292S24	SES292	0.149479	-44.7221	-44.8716
BLOCK29/SES292/SA292S27	SES292	0.343681	-44.2492	-44.5928
BLOCK00/SES001/SA001S14	SES062	-1.92551	-47.3822	-45.4567
BLOCK00/SES001/SA001S14	SES082	-1.89483	-47.3515	-45.4567
BLOCK00/SES001/SA001S14	SES106	-3.31527	-48.772	-45.4567
BLOCK00/SES001/SA001S14	SES206	-3.23129	-48.688	-45.4567
BLOCK00/SES001/SA001S15	SES062	-2.48334	-47.2377	-44.7544
BLOCK00/SES001/SA001S15	SES104	-3.23678	-47.9912	-44.7544
BLOCK00/SES001/SA001S15	SES106	-3.18456	-47.9389	-44.7544
BLOCK00/SES001/SA001S15	SES206	-3.48134	-48.2357	-44.7544
BLOCK00/SES001/SA001S24	SES062	-2.63034	-48.3968	-45.7664
BLOCK00/SES001/SA001S24	SES082	-2.33475	-48.1012	-45.7664
BLOCK00/SES001/SA001S24	SES087	-2.85593	-48.6223	-45.7664
BLOCK00/SES001/SA001S24	SES206	-2.35976	-48.1262	-45.7664
BLOCK00/SES001/SA001S27	SES062	-1.93832	-46.3673	-44.429
BLOCK00/SES001/SA001S27	SES082	-1.77811	-46.2071	-44.429
BLOCK00/SES001/SA001S27	SES087	-2.44365	-46.8726	-44.429
BLOCK00/SES001/SA001S27	SES206	-2.61737	-47.0464	-44.429
BLOCK00/SES001/SA001S29	SES062	-2.92802	-48.5657	-45.6377
BLOCK00/SES001/SA001S29	SES082	-1.32117	-46.9588	-45.6377
BLOCK00/SES001/SA001S29	SES158	-1.82493	-47.4626	-45.6377
BLOCK00/SES001/SA001S29	SES206	-3.81453	-49.4522	-45.6377
BLOCK00/SES003/SA003S11	SES002	-1.32762	-47.1427	-45.815
BLOCK00/SES003/SA003S11	SES019	-1.84793	-47.663	-45.815
BLOCK00/SES003/SA003S11	SES082	-0.474079	-46.2891	-45.815
BLOCK00/SES003/SA003S11	SES125	-1.39507	-47.2101	-45.815
BLOCK00/SES003/SA003S15	SES016	-2.1372	-47.208	-45.0708
BLOCK00/SES003/SA003S15	SES019	-1.85043	-46.9212	-45.0708
BLOCK00/SES003/SA003S15	SES062	-2.17621	-47.247	-45.0708
BLOCK00/SES003/SA003S15	SES206	-2.07116	-47.142	-45.0708
BLOCK00/SES003/SA003S22	SES002	-2.8977	-48.1694	-45.2717
BLOCK00/SES003/SA003S22	SES062	-1.2443	-46.516	-45.2717
BLOCK00/SES003/SA003S22	SES082	-1.07006	-46.3418	-45.2717
BLOCK00/SES003/SA003S22	SES087	-2.00599	-47.2777	-45.2717
BLOCK00/SES003/SA003S25	SES062	-2.4426	-48.5243	-46.0817
BLOCK00/SES003/SA003S25	SES082	-1.07152	-47.1533	-46.0817
BLOCK00/SES003/SA003S25	SES087	-1.96392	-48.0457	-46.0817
BLOCK00/SES003/SA003S25	SES206	-2.74103	-48.8228	-46.0817
BLOCK00/SES003/SA003S29	SES002	-3.1478	-49.1309	-45.9831
BLOCK00/SES003/SA003S29	SES062	-2.36208	-48.3451	-45.9831
BLOCK00/SES003/SA003S29	SES082	-0.874901	-46.858	-45.9831
BLOCK00/SES003/SA003S29	SES087	-2.9912	-48.9743	-45.9831
BLOCK00/SES004/SA004S12	SES083	-1.92628	-47.4449	-45.5186
BLOCK00/SES004/SA004S12	SES148	-1.55898	-47.0776	-45.5186
BLOCK00/SES004/SA004S12	SES172	-1.31485	-46.8335	-45.5186
BLOCK00/SES004/SA004S12	SES292	-1.73865	-47.2573	-45.5186
BLOCK00/SES004/SA004S17	SES083	-1.93064	-48.0423	-46.1116
BLOCK00/SES004/SA004S17	SES162	-0.397076	-46.5087	-46.1116
BLOCK00/SES004/SA004S17	SES172	-1.82293	-47.9345	-46.1116
BLOCK00/SES004/SA004S17	SES292	-1.65003	-47.7616	-46.1116
BLOCK00/SES004/SA004S24	SES083	-1.97751	-47.1504	-45.1728
BLOCK00/SES004/SA004S24	SES148	-1.53194	-46.7048	-45.1728
BLOCK00/SES004/SA004S24	SES172	-0.892635	-46.0655	-45.1728
BLOCK00/SES004/SA004S24	SES292	-0.815968	-45.9888	-45.1728
BLOCK00/SES004/SA004S26	SES083	-1.54969	-46.7539	-45.2042
BLOCK00/SES004/SA004S26	SES127	-0.802811	-46.007	-45.2042
BLOCK00/SES004/SA004S26	SES148	-2.46558	-47.6698	-45.2042
BLOCK00/SES004/SA004S26	SES292	-1.25214	-46.4564	-45.2042
BLOCK00/SES004/SA004S28	SES083	-1.6398	-46.3949	-44.7551
BLOCK00/SES004/SA004S28	SES127	-0.797504	-45.5526	-44.7551
BLOCK00/SES004/SA004S28	SES187	-0.210251	-44.9654	-44.7551
BLOCK00/SES004/SA004S28	SES292	-1.97602	-46.7312	-44.7551
BLOCK00/SES006/SA006S10	SES014	-2.94986	-50.4807	-47.5308
BLOCK00/SES006/SA006S10	SES158	-1.63126	-49.1621	-47.5308
BLOCK00/SES006/SA006S10	SES226	-5.07645	-52.6073	-47.5308
BLOCK00/SES006/SA006S10	SES270	-0.998962	-48.5298	-47.5308
BLOCK00/SES006/SA006S11	SES158	-1.80385	-49.1111	-47.3072
BLOCK00/SES006/SA006S11	SES226	-3.55247	-50.8597	-47.3072
BLOCK00/SES006/SA006S11	SES270	-0.916759	-48.224	-47.3072
BLOCK00/SES006/SA006S11	SES275	-3.31989	-50.6271	-47.3072
BLOCK00/SES006/SA006S23	SES062	-1.99413	-48.2951	-46.3009
BLOCK00/SES006/SA006S23	SES105	-2.24615	-48.5471	-46.3009
BLOCK00/SES006/SA006S23	SES158	-1.78501	-48.086	-46.3009
BLOCK00/SES006/SA006S23	SES275	-2.41474	-48.7157	-46.3009
BLOCK00/SES006/SA006S26	SES104	-3.34261	-49.5808	-46.2382
BLOCK00/SES006/SA006S26	SES158	-1.312	-47.5502	-46.2382
BLOCK00/SES006/SA006S26	SES270	-0.480339	-46.7185	-46.2382
BLOCK00/SES006/SA006S26	SES275	-3.14016	-49.3784	-46.2382
BLOCK00/SES006/SA006S28	SES007	-3.04631	-49.8619	-46.8156
BLOCK00/SES006/SA006S28	SES105	-2.67772	-49.4933	-46.8156
BLOCK00/SES006/SA006S28	SES158	-2.20985	-49.0255	-46.8156
BLOCK00/SES006/SA006S28	SES275	-3.3776	-50.1932	-46.8156
BLOCK00/SES009/SA009S12	SES083	-1.50132	-46.9012	-45.3998
BLOCK00/SES009/SA009S12	SES148	-1.35377	-46.7536	-45.3998
BLOCK00/SES009/SA009S12	SES177	-0.755283	-46.1551	-45.3998
BLOCK00/SES009/SA009S12	SES292	-1.0906	-46.4904	-45.3998
BLOCK00/SES009/SA009S15	SES007	0.362434	-44.4034	-44.7658
BLOCK00/SES009/SA009S15	SES099	-8.23531	-53.0011	-44.7658
BLOCK00/SES009/SA009S15	SES148	-1.35351	-46.1193	-44.7658
BLOCK00/SES009/SA009S15	SES172	-0.524998	-45.2908	-44.7658
BLOCK00/SES009/SA009S24	SES146	-0.728413	-45.7695	-45.0411
BLOCK00/SES009/SA009S24	SES148	-1.05791	-46.099	-45.0411
BLOCK00/SES009/SA009S24	SES177	-0.135078	-45.1762	-45.0411
BLOCK00/SES009/SA009S24	SES292	-0.757763	-45.7989	-45.0411
BLOCK00/SES009/SA009S26	SES083	-1.82661	-47.293	-45.4664
BLOCK00/SES009/SA009S26	SES101	-2.12267	-47.5891	-45.4664
BLOCK00/SES009/SA009S26	SES120	-1.08201	-46.5484	-45.4664
BLOCK00/SES009/SA009S26	SES177	-0.586815	-46.0532	-45.4664
BLOCK00/SES009/SA009S29	SES083	-1.30136	-46.4532	-45.1519
BLOCK00/SES009/SA009S29	SES101	-1.5136	-46.6655	-45.1519
BLOCK00/SES009/SA009S29	SES177	-0.46072	-45.6126	-45.1519
BLOCK00/SES009/SA009S29	SES292	-1.11107	-46.2629	-45.1519
BLOCK01/SES011/SA011S10	SES019	-1.39946	-47.406	-46.0066
BLOCK01/SES011/SA011S10	SES042	-1.0688	-47.0754	-46.0066
BLOCK01/SES011/SA011S10	SES082	-2.9458	-48.9524	-46.0066
BLOCK01/SES011/SA011S10	SES206	-1.24388	-47.2505	-46.0066
BLOCK01/SES011/SA011S11	SES019	-1.45539	-47.678	-46.2227
BLOCK01/SES011/SA011S11	SES042	-1.84274	-48.0654	-46.2227
BLOCK01/SES011/SA011S11	SES082	-3.19531	-49.418	-46.2227
BLOCK01/SES011/SA011S11	SES206	-1.09056	-47.3132	-46.2227
BLOCK01/SES011/SA011S22	SES019	-1.15268	-47.2435	-46.0908
BLOCK01/SES011/SA011S22	SES042	-1.43048	-47.5213	-46.0908
BLOCK01/SES011/SA011S22	SES082	-2.32133	-48.4121	-46.0908
BLOCK01/SES011/SA011S22	SES206	-0.803799	-46.8946	-46.0908
BLOCK01/SES011/SA011S24	SES019	-1.38824	-46.9385	-45.5502
BLOCK01/SES011/SA011S24	SES042	-0.965092	-46.5153	-45.5502
BLOCK01/SES011/SA011S24	SES104	-2.14129	-47.6915	-45.5502
BLOCK01/SES011/SA011S24	SES206	-0.587048	-46.1373	-45.5502
BLOCK01/SES011/SA011S27	SES082	-0.116203	-45.339	-45.2228
BLOCK01/SES011/SA011S27	SES087	-2.05821	-47.281	-45.2228
BLOCK01/SES011/SA011S27	SES125	-0.835644	-46.0585	-45.2228
BLOCK01/SES011/SA011S27	SES206	-0.714714	-45.9375	-45.2228
BLOCK01/SES012/SA012S11	SES007	-1.3825	-45.8966	-44.5141
BLOCK01/SES012/SA012S11	SES082	-1.95222	-46.4664	-44.5141
BLOCK01/SES012/SA012S11	SES083	-2.56265	-47.0768	-44.5141
BLOCK01/SES012/SA012S11	SES206	-1.05729	-45.5714	-44.5141
BLOCK01/SES012/SA012S14	SES082	-1.58978	-46.9267	-45.3369
BLOCK01/SES012/SA012S14	SES087	-2.23586	-47.5727	-45.3369
BLOCK01/SES012/SA012S14	SES206	-1.30543	-46.6423	-45.3369
BLOCK01/SES012/SA012S14	SES292	-3.24491	-48.5818	-45.3369
BLOCK01/SES012/SA012S24	SES082	-0.400272	-46.5952	-46.195
BLOCK01/SES012/SA012S24	SES087	-2.10113	-48.2961	-46.195
BLOCK01/SES012/SA012S24	SES120	-2.90766	-49.1026	-46.195
BLOCK01/SES012/SA012S24	SES206	-0.874451	-47.0694	-46.195
BLOCK01/SES012/SA012S26	SES019	-3.01477	-48.4011	-45.3864
BLOCK01/SES012/SA012S26	SES082	-2.20705	-47.5934	-45.3864
BLOCK01/SES012/SA012S26	SES206	-0.869148	-46.2555	-45.3864
BLOCK01/SES012/SA012S26	SES292	-3.03309	-48.4195	-45.3864
BLOCK01/SES012/SA012S29	SES062	-1.88763	-46.913	-45.0254
BLOCK01/SES012/SA012S29	SES082	-1.28316	-46.3085	-45.0254
BLOCK01/SES012/SA012S29	SES083	-2.1151	-47.1405	-45.0254
BLOCK01/SES012/SA012S29	SES206	-0.954777	-45.9801	-45.0254
BLOCK01/SES013/SA013S16	SES062	-3.89159	-49.3794	-45.4878
BLOCK01/SES013/SA013S16	SES106	-1.0086	-46.4964	-45.4878
BLOCK01/SES013/SA013S16	SES206	-1.39007	-46.8779	-45.4878
BLOCK01/SES013/SA013S16	SES226	-0.651165	-46.139	-45.4878
BLOCK01/SES013/SA013S17	SES062	-3.28141	-48.1711	-44.8897
BLOCK01/SES013/SA013S17	SES106	-1.1431	-46.0328	-44.8897
BLOCK01/SES013/SA013S17	SES206	-0.707634	-45.5974	-44.8897
BLOCK01/SES013/SA013S17	SES226	-0.479671	-45.3694	-44.8897
BLOCK01/SES013/SA013S23	SES104	-1.78051	-47.4056	-45.6251
BLOCK01/SES013/SA013S23	SES106	-0.95409	-46.5792	-45.6251
BLOCK01/SES013/SA013S23	SES206	-1.3407	-46.9658	-45.6251
BLOCK01/SES013/SA013S23	SES270	-0.580956	-46.2061	-45.6251
BLOCK01/SES013/SA013S25	SES042	-1.87737	-47.1625	-45.2851
BLOCK01/SES013/SA013S25	SES104	-1.36469	-46.6498	-45.2851
BLOCK01/SES013/SA013S25	SES106	-0.437832	-45.7229	-45.2851
BLOCK01/SES013/SA013S25	SES206	-1.75945	-47.0446	-45.2851
BLOCK01/SES013/SA013S29	SES062	-3.6463	-49.3304	-45.6841
BLOCK01/SES013/SA013S29	SES104	-2.08718	-47.7713	-45.6841
BLOCK01/SES013/SA013S29	SES106	-0.51022	-46.1943	-45.6841
BLOCK01/SES013/SA013S29	SES206	-2.02925	-47.7133	-45.6841
BLOCK02/SES021/SA021S13	SES016	-2.16133	-46.8148	-44.6534
BLOCK02/SES021/SA021S13	SES029	-1.57521	-46.2286	-44.6534
BLOCK02/SES021/SA021S13	SES087	-2.61469	-47.2681	-44.6534
BLOCK02/SES021/SA021S13	SES206	-1.5415	-46.1949	-44.6534
BLOCK02/SES021/SA021S15	SES087	-2.20261	-46.1224	-43.9198
BLOCK02/SES021/SA021S15	SES125	-1.32143	-45.2412	-43.9198
BLOCK02/SES021/SA021S15	SES206	-1.21825	-45.138	-43.9198
BLOCK02/SES021/SA021S15	SES226	-1.24786	-45.1676	-43.9198
BLOCK02/SES021/SA021S23	SES062	-2.756	-48.5615	-45.8055
BLOCK02/SES021/SA021S23	SES087	-2.30432	-48.1098	-45.8055
BLOCK02/SES021/SA021S23	SES206	-2.45511	-48.2606	-45.8055
BLOCK02/SES021/SA021S23	SES226	-1.50313	-47.3086	-45.8055
BLOCK02/SES021/SA021S27	SES002	-2.12725	-46.5527	-44.4255
BLOCK02/SES021/SA021S27	SES016	-2.79828	-47.2238	-44.4255
BLOCK02/SES021/SA021S27	SES019	-2.31256	-46.738	-44.4255
BLOCK02/SES021/SA021S27	SES062	-0.972355	-45.3978	-44.4255
BLOCK02/SES021/SA021S29	SES087	-2.46736	-47.0608	-44.5935
BLOCK02/SES021/SA021S29	SES125	-1.50816	-46.1016	-44.5935
BLOCK02/SES021/SA021S29	SES206	-1.7704	-46.3639	-44.5935
BLOCK02/SES021/SA021S29	SES226	-1.34828	-45.9417	-44.5935
BLOCK04/SES043/SA043S09	SES083	-1.64589	-48.0259	-46.38
BLOCK04/SES043/SA043S09	SES101	-1.953	-48.333	-46.38
BLOCK04/SES043/SA043S09	SES144	-0.414032	-46.794	-46.38
BLOCK04/SES043/SA043S09	SES172	-3.15713	-49.5371	-46.38
BLOCK04/SES043/SA043S11	SES083	-0.956985	-46.1077	-45.1507
BLOCK04/SES043/SA043S11	SES101	-1.3432	-46.4939	-45.1507
BLOCK04/SES043/SA043S11	SES144	-0.448647	-45.5993	-45.1507
BLOCK04/SES043/SA043S11	SES172	-1.41022	-46.5609	-45.1507
BLOCK04/SES043/SA043S23	SES083	-0.693424	-46.2199	-45.5265
BLOCK04/SES043/SA043S23	SES144	0.166466	-45.36	-45.5265
BLOCK04/SES043/SA043S23	SES177	-1.11874	-46.6452	-45.5265
BLOCK04/SES043/SA043S23	SES275	-0.566124	-46.0926	-45.5265
BLOCK04/SES043/SA043S26	SES083	-0.883614	-46.5809	-45.6973
BLOCK04/SES043/SA043S26	SES101	-1.1696	-46.8669	-45.6973
BLOCK04/SES043/SA043S26	SES144	0.15641	-45.5409	-45.6973
BLOCK04/SES043/SA043S26	SES177	-1.69587	-47.3931	-45.6973
BLOCK04/SES043/SA043S28	SES016	-1.652	-46.5725	-44.9206
BLOCK04/SES043/SA043S28	SES083	-0.51395	-45.4345	-44.9206
BLOCK04/SES043/SA043S28	SES101	-0.766148	-45.6867	-44.9206
BLOCK04/SES043/SA043S28	SES144	-0.602272	-45.5228	-44.9206
BLOCK04/SES044/SA044S10	SES127	-3.3144	-50.9797	-47.6653
BLOCK04/SES044/SA044S10	SES144	-0.402199	-48.0675	-47.6653
BLOCK04/SES044/SA044S10	SES147	-3.81175	-51.4771	-47.6653
BLOCK04/SES044/SA044S10	SES148	-3.04144	-50.7068	-47.6653
BLOCK04/SES044/SA044S11	SES101	-1.93806	-48.836	-46.898
BLOCK04/SES044/SA044S11	SES144	0.176697	-46.7213	-46.898
BLOCK04/SES044/SA044S11	SES147	-2.83891	-49.7369	-46.898
BLOCK04/SES044/SA044S11	SES177	-2.22952	-49.1275	-46.898
BLOCK04/SES044/SA044S24	SES007	-2.55942	-48.641	-46.0815
BLOCK04/SES044/SA044S24	SES101	-1.58401	-47.6655	-46.0815
BLOCK04/SES044/SA044S24	SES147	-3.2067	-49.2882	-46.0815
BLOCK04/SES044/SA044S24	SES177	-1.84862	-47.9302	-46.0815
BLOCK04/SES044/SA044S26	SES007	-2.16692	-48.3191	-46.1522
BLOCK04/SES044/SA044S26	SES016	-1.13465	-47.2869	-46.1522
BLOCK04/SES044/SA044S26	SES101	-1.7027	-47.8549	-46.1522
BLOCK04/SES044/SA044S26	SES147	-1.87061	-48.0228	-46.1522
BLOCK04/SES044/SA044S29	SES007	-1.27094	-46.8796	-45.6087
BLOCK04/SES044/SA044S29	SES101	-0.482677	-46.0913	-45.6087
BLOCK04/SES044/SA044S29	SES147	-1.92793	-47.5366	-45.6087
BLOCK04/SES044/SA044S29	SES177	-2.26928	-47.8779	-45.6087
BLOCK04/SES046/SA046S13	SES101	-2.26614	-48.6036	-46.3375
BLOCK04/SES046/SA046S13	SES144	-0.575314	-46.9128	-46.3375
BLOCK04/SES046/SA046S13	SES147	-3.21196	-49.5495	-46.3375
BLOCK04/SES046/SA046S13	SES177	-1.20898	-47.5465	-46.3375
BLOCK04/SES046/SA046S15	SES048	-2.6537	-47.3699	-44.7162
BLOCK04/SES046/SA046S15	SES083	-1.24759	-45.9637	-44.7162
BLOCK04/SES046/SA046S15	SES120	-2.76129	-47.4774	-44.7162
BLOCK04/SES046/SA046S15	SES148	-1.51005	-46.2262	-44.7162
BLOCK04/SES046/SA046S22	SES101	-1.43041	-47.3575	-45.9271
BLOCK04/SES046/SA046S22	SES144	-1.14852	-47.0756	-45.9271
BLOCK04/SES046/SA046S22	SES147	-3.23955	-49.1666	-45.9271
BLOCK04/SES046/SA046S22	SES172	-1.58733	-47.5144	-45.9271
BLOCK04/SES046/SA046S25	SES083	-1.66322	-47.2976	-45.6344
BLOCK04/SES046/SA046S25	SES127	-1.29531	-46.9297	-45.6344
BLOCK04/SES046/SA046S25	SES144	-1.54824	-47.1826	-45.6344
BLOCK04/SES046/SA046S25	SES148	-0.88348	-46.5179	-45.6344
BLOCK04/SES046/SA046S28	SES007	-2.84158	-49.6233	-46.7817
BLOCK04/SES046/SA046S28	SES105	-2.32495	-49.1066	-46.7817
BLOCK04/SES046/SA046S28	SES147	-2.53344	-49.3151	-46.7817
BLOCK04/SES046/SA046S28	SES148	-1.26516	-48.0468	-46.7817
BLOCK04/SES049/SA049S16	SES104	-2.48817	-49.1263	-46.6381
BLOCK04/SES049/SA049S16	SES106	-1.81884	-48.457	-46.6381
BLOCK04/SES049/SA049S16	SES120	-2.83354	-49.4717	-46.6381
BLOCK04/SES049/SA049S16	SES206	-1.82736	-48.4655	-46.6381
BLOCK04/SES049/SA049S18	SES099	-0.567978	-48.3546	-47.7866
BLOCK04/SES049/SA049S18	SES104	-1.8481	-49.6347	-47.7866
BLOCK04/SES049/SA049S18	SES125	-2.31709	-50.1037	-47.7866
BLOCK04/SES049/SA049S18	SES206	-2.0453	-49.8319	-47.7866
BLOCK04/SES049/SA049S25	SES087	-1.34742	-47.9276	-46.5802
BLOCK04/SES049/SA049S25	SES104	-1.23478	-47.815	-46.5802
BLOCK04/SES049/SA049S25	SES125	-2.25811	-48.8383	-46.5802
BLOCK04/SES049/SA049S25	SES206	-0.765263	-47.3455	-46.5802
BLOCK04/SES049/SA049S27	SES099	-1.2248	-47.3951	-46.1703
BLOCK04/SES049/SA049S27	SES104	-0.407722	-46.5781	-46.1703
BLOCK04/SES049/SA049S27	SES125	-1.80995	-47.9803	-46.1703
BLOCK04/SES049/SA049S27	SES206	-1.4663	-47.6366	-46.1703
BLOCK04/SES049/SA049S29	SES099	-0.405174	-45.6293	-45.2242
BLOCK04/SES049/SA049S29	SES104	-0.378811	-45.603	-45.2242
BLOCK04/SES049/SA049S29	SES125	-1.40534	-46.6295	-45.2242
BLOCK04/SES049/SA049S29	SES206	-0.853882	-46.078	-45.2242
BLOCK06/SES063/SA063S09	SES068	-1.52422	-47.3648	-45.8406
BLOCK06/SES063/SA063S09	SES083	-0.461605	-46.3022	-45.8406
BLOCK06/SES063/SA063S09	SES177	-0.784504	-46.6251	-45.8406
BLOCK06/SES063/SA063S09	SES187	-1.16479	-47.0054	-45.8406
BLOCK06/SES063/SA063S10	SES068	-2.34378	-48.4422	-46.0984
BLOCK06/SES063/SA063S10	SES083	-0.749069	-46.8475	-46.0984
BLOCK06/SES063/SA063S10	SES172	-0.990974	-47.0894	-46.0984
BLOCK06/SES063/SA063S10	SES187	-0.818153	-46.9166	-46.0984
BLOCK06/SES063/SA063S20	SES068	-2.10997	-48.1209	-46.0109
BLOCK06/SES063/SA063S20	SES083	-1.10562	-47.1165	-46.0109
BLOCK06/SES063/SA063S20	SES172	-1.60682	-47.6178	-46.0109
BLOCK06/SES063/SA063S20	SES187	-0.321789	-46.3327	-46.0109
BLOCK06/SES063/SA063S24	SES029	-2.6256	-47.734	-45.1084
BLOCK06/SES063/SA063S24	SES083	-0.354156	-45.4626	-45.1084
BLOCK06/SES063/SA063S24	SES177	-0.833672	-45.9421	-45.1084
BLOCK06/SES063/SA063S24	SES189	-1.49298	-46.6014	-45.1084
BLOCK06/SES063/SA063S27	SES083	-0.0359535	-45.9575	-45.9216
BLOCK06/SES063/SA063S27	SES172	-0.639378	-46.561	-45.9216
BLOCK06/SES063/SA063S27	SES187	-1.89	-47.8116	-45.9216
BLOCK06/SES063/SA063S27	SES292	-1.54992	-47.4715	-45.9216
BLOCK06/SES067/SA067S12	SES083	-2.12262	-47.7828	-45.6602
BLOCK06/SES067/SA067S12	SES172	-2.73553	-48.3957	-45.6602
BLOCK06/SES067/SA067S12	SES202	0.00404358	-45.6562	-45.6602
BLOCK06/SES067/SA067S12	SES292	-1.57458	-47.2348	-45.6602
BLOCK06/SES067/SA067S14	SES085	-1.29352	-46.3348	-45.0412
BLOCK06/SES067/SA067S14	SES177	-1.58647	-46.6277	-45.0412
BLOCK06/SES067/SA067S14	SES183	-1.35849	-46.3997	-45.0412
BLOCK06/SES067/SA067S14	SES202	-0.396721	-45.438	-45.0412
BLOCK06/SES067/SA067S21	SES144	-0.968472	-47.54	-46.5715
BLOCK06/SES067/SA067S21	SES177	-0.384884	-46.9564	-46.5715
BLOCK06/SES067/SA067S21	SES183	-2.52554	-49.0971	-46.5715
BLOCK06/SES067/SA067S21	SES189	-0.0874367	-46.659	-46.5715
BLOCK06/SES067/SA067S25	SES085	-1.68638	-47.241	-45.5546
BLOCK06/SES067/SA067S25	SES177	-1.76111	-47.3158	-45.5546
BLOCK06/SES067/SA067S25	SES183	-1.6937	-47.2483	-45.5546
BLOCK06/SES067/SA067S25	SES202	-0.676868	-46.2315	-45.5546
BLOCK06/SES067/SA067S29	SES085	-0.692841	-46.549	-45.8561
BLOCK06/SES067/SA067S29	SES177	-1.41388	-47.27	-45.8561
BLOCK06/SES067/SA067S29	SES183	-1.33881	-47.1949	-45.8561
BLOCK06/SES067/SA067S29	SES202	0.117512	-45.7386	-45.8561
BLOCK06/SES069/SA069S12	SES029	-2.17589	-47.3878	-45.2119
BLOCK06/SES069/SA069S12	SES082	-0.608555	-45.8205	-45.2119
BLOCK06/SES069/SA069S12	SES087	-2.4032	-47.6151	-45.2119
BLOCK06/SES069/SA069S12	SES206	-1.61611	-46.828	-45.2119
BLOCK06/SES069/SA069S13	SES029	-2.93176	-48.0154	-45.0836
BLOCK06/SES069/SA069S13	SES087	-2.59394	-47.6776	-45.0836
BLOCK06/SES069/SA069S13	SES206	-2.48595	-47.5696	-45.0836
BLOCK06/SES069/SA069S13	SES226	-1.53405	-46.6177	-45.0836
BLOCK06/SES069/SA069S23	SES029	-1.00699	-44.7541	-43.7471
BLOCK06/SES069/SA069S23	SES087	-2.43292	-46.18	-43.7471
BLOCK06/SES069/SA069S23	SES206	-2.12661	-45.8737	-43.7471
BLOCK06/SES069/SA069S23	SES226	-0.852116	-44.5992	-43.7471
BLOCK06/SES069/SA069S25	SES087	-1.88672	-46.3074	-44.4206
BLOCK06/SES069/SA069S25	SES206	-2.45206	-46.8727	-44.4206
BLOCK06/SES069/SA069S25	SES226	-0.980991	-45.4016	-44.4206
BLOCK06/SES069/SA069S25	SES270	-1.58694	-46.0076	-44.4206
BLOCK06/SES069/SA069S27	SES087	-2.96925	-47.5192	-44.55
BLOCK06/SES069/SA069S27	SES206	-1.48348	-46.0334	-44.55
BLOCK06/SES069/SA069S27	SES226	-0.461967	-45.0119	-44.55
BLOCK06/SES069/SA069S27	SES270	-1.38665	-45.9366	-44.55
BLOCK08/SES081/SA081S11	SES060	-1.32447	-46.567	-45.2426
BLOCK08/SES081/SA081S11	SES062	-2.92639	-48.169	-45.2426
BLOCK08/SES081/SA081S11	SES117	-2.66758	-47.9102	-45.2426
BLOCK08/SES081/SA081S11	SES162	-1.82073	-47.0633	-45.2426
BLOCK08/SES081/SA081S13	SES016	-1.41235	-45.8648	-44.4524
BLOCK08/SES081/SA081S13	SES060	-0.564339	-45.0168	-44.4524
BLOCK08/SES081/SA081S13	SES068	-0.531967	-44.9844	-44.4524
BLOCK08/SES081/SA081S13	SES129	-1.99493	-46.4474	-44.4524
BLOCK08/SES081/SA081S24	SES060	-0.700481	-45.6716	-44.9712
BLOCK08/SES081/SA081S24	SES068	-0.533436	-45.5046	-44.9712
BLOCK08/SES081/SA081S24	SES117	-2.14374	-47.1149	-44.9712
BLOCK08/SES081/SA081S24	SES275	-1.32064	-46.2918	-44.9712
BLOCK08/SES081/SA081S27	SES007	-1.18138	-46.5459	-45.3645
BLOCK08/SES081/SA081S27	SES060	-1.71533	-47.0799	-45.3645
BLOCK08/SES081/SA081S27	SES117	-0.935314	-46.2998	-45.3645
BLOCK08/SES081/SA081S27	SES275	-1.22282	-46.5873	-45.3645
BLOCK08/SES081/SA081S29	SES007	-0.730152	-45.5807	-44.8506
BLOCK08/SES081/SA081S29	SES060	-0.922318	-45.7729	-44.8506
BLOCK08/SES081/SA081S29	SES117	-1.82511	-46.6757	-44.8506
BLOCK08/SES081/SA081S29	SES275	-1.65349	-46.5041	-44.8506
BLOCK08/SES086/SA086S11	SES029	-5.46952	-52.4209	-46.9514
BLOCK08/SES086/SA086S11	SES082	-2.05596	-49.0073	-46.9514
BLOCK08/SES086/SA086S11	SES087	-0.572353	-47.5237	-46.9514
BLOCK08/SES086/SA086S11	SES206	-2.30445	-49.2558	-46.9514
BLOCK08/SES086/SA086S12	SES029	-4.56406	-50.8048	-46.2407
BLOCK08/SES086/SA086S12	SES082	-2.24762	-48.4884	-46.2407
BLOCK08/SES086/SA086S12	SES087	-0.258125	-46.4989	-46.2407
BLOCK08/SES086/SA086S12	SES206	-1.57978	-47.8205	-46.2407
BLOCK08/SES086/SA086S20	SES029	-3.51749	-48.5624	-45.0449
BLOCK08/SES086/SA086S20	SES082	-2.14339	-47.1883	-45.0449
BLOCK08/SES086/SA086S20	SES087	0.475033	-44.5699	-45.0449
BLOCK08/SES086/SA086S20	SES206	-0.757427	-45.8023	-45.0449
BLOCK08/SES086/SA086S24	SES087	-0.0925331	-46.5901	-46.4976
BLOCK08/SES086/SA086S24	SES104	-1.56055	-48.0581	-46.4976
BLOCK08/SES086/SA086S24	SES120	-2.99398	-49.4915	-46.4976
BLOCK08/SES086/SA086S24	SES206	-0.38686	-46.8844	-46.4976
BLOCK08/SES086/SA086S28	SES029	-3.5114	-48.6451	-45.1337
BLOCK08/SES086/SA086S28	SES082	-1.66799	-46.8017	-45.1337
BLOCK08/SES086/SA086S28	SES087	-0.294464	-45.4282	-45.1337
BLOCK08/SES086/SA086S28	SES206	-1.01009	-46.1438	-45.1337
BLOCK08/SES089/SA089S13	SES087	-2.42995	-48.2077	-45.7778
BLOCK08/SES089/SA089S13	SES206	-2.83588	-48.6137	-45.7778
BLOCK08/SES089/SA089S13	SES226	-1.53149	-47.3093	-45.7778
BLOCK08/SES089/SA089S13	SES270	-3.11393	-48.8917	-45.7778
BLOCK08/SES089/SA089S14	SES062	-1.72165	-47.5072	-45.7855
BLOCK08/SES089/SA089S14	SES087	-1.17776	-46.9633	-45.7855
BLOCK08/SES089/SA089S14	SES206	-1.58453	-47.37	-45.7855
BLOCK08/SES089/SA089S14	SES226	-0.999844	-46.7854	-45.7855
BLOCK08/SES089/SA089S23	SES087	-2.25726	-48.2789	-46.0216
BLOCK08/SES089/SA089S23	SES206	-2.6366	-48.6582	-46.0216
BLOCK08/SES089/SA089S23	SES226	-1.98554	-48.0071	-46.0216
BLOCK08/SES089/SA089S23	SES270	-3.80952	-49.8311	-46.0216
BLOCK08/SES089/SA089S25	SES062	-2.57682	-48.3593	-45.7824
BLOCK08/SES089/SA089S25	SES087	-1.85688	-47.6393	-45.7824
BLOCK08/SES089/SA089S25	SES206	-2.6559	-48.4383	-45.7824
BLOCK08/SES089/SA089S25	SES226	-1.05367	-46.8361	-45.7824
BLOCK08/SES089/SA089S28	SES062	-1.42159	-46.9981	-45.5765
BLOCK08/SES089/SA089S28	SES087	-1.75207	-47.3286	-45.5765
BLOCK08/SES089/SA089S28	SES206	-2.00135	-47.5779	-45.5765
BLOCK08/SES089/SA089S28	SES226	-1.16994	-46.7465	-45.5765
BLOCK09/SES097/SA097S11	SES099	-0.12706	-46.3364	-46.2094
BLOCK09/SES097/SA097S11	SES125	-2.16733	-48.3767	-46.2094
BLOCK09/SES097/SA097S11	SES206	-1.80917	-48.0185	-46.2094
BLOCK09/SES097/SA097S11	SES226	-0.621986	-46.8313	-46.2094
BLOCK09/SES097/SA097S14	SES062	-2.40476	-48.5352	-46.1305
BLOCK09/SES097/SA097S14	SES099	-1.69298	-47.8235	-46.1305
BLOCK09/SES097/SA097S14	SES104	-1.74844	-47.8789	-46.1305
BLOCK09/SES097/SA097S14	SES206	-2.50591	-48.6364	-46.1305
BLOCK09/SES097/SA097S22	SES099	-0.528439	-46.8243	-46.2959
BLOCK09/SES097/SA097S22	SES206	-2.01376	-48.3097	-46.2959
BLOCK09/SES097/SA097S22	SES226	-1.41081	-47.7067	-46.2959
BLOCK09/SES097/SA097S22	SES270	-0.00817108	-46.3041	-46.2959
BLOCK09/SES097/SA097S26	SES099	-0.44804	-46.1816	-45.7336
BLOCK09/SES097/SA097S26	SES120	-2.19105	-47.9246	-45.7336
BLOCK09/SES097/SA097S26	SES206	-1.69428	-47.4279	-45.7336
BLOCK09/SES097/SA097S26	SES226	-1.83248	-47.5661	-45.7336
BLOCK09/SES097/SA097S28	SES099	-1.25675	-47.0945	-45.8378
BLOCK09/SES097/SA097S28	SES120	-1.79945	-47.6372	-45.8378
BLOCK09/SES097/SA097S28	SES206	-2.25599	-48.0938	-45.8378
BLOCK09/SES097/SA097S28	SES226	-2.08224	-47.92	-45.8378
BLOCK09/SES098/SA098S11	SES127	-2.47915	-49.4484	-46.9692
BLOCK09/SES098/SA098S11	SES144	-1.46776	-48.437	-46.9692
BLOCK09/SES098/SA098S11	SES147	-0.518379	-47.4876	-46.9692
BLOCK09/SES098/SA098S11	SES148	-2.29277	-49.262	-46.9692
BLOCK09/SES098/SA098S12	SES127	-4.46332	-52.5785	-48.1152
BLOCK09/SES098/SA098S12	SES144	-1.81892	-49.9341	-48.1152
BLOCK09/SES098/SA098S12	SES147	-1.76981	-49.885	-48.1152
BLOCK09/SES098/SA098S12	SES189	-1.10746	-49.2227	-48.1152
BLOCK09/SES098/SA098S20	SES127	-3.44687	-50.5937	-47.1468
BLOCK09/SES098/SA098S20	SES147	-1.75053	-48.8973	-47.1468
BLOCK09/SES098/SA098S20	SES148	-2.66928	-49.8161	-47.1468
BLOCK09/SES098/SA098S20	SES292	-3.36074	-50.5075	-47.1468
BLOCK09/SES098/SA098S23	SES127	-2.20842	-48.5039	-46.2954
BLOCK09/SES098/SA098S23	SES147	-1.1517	-47.4471	-46.2954
BLOCK09/SES098/SA098S23	SES187	-1.20439	-47.4998	-46.2954
BLOCK09/SES098/SA098S23	SES292	-1.85144	-48.1469	-46.2954
BLOCK09/SES098/SA098S27	SES127	-3.11634	-50.0888	-46.9725
BLOCK09/SES098/SA098S27	SES147	-1.94444	-48.9169	-46.9725
BLOCK09/SES098/SA098S27	SES148	-2.52719	-49.4997	-46.9725
BLOCK09/SES098/SA098S27	SES292	-1.9934	-48.9659	-46.9725
BLOCK10/SES102/SA102S13	SES101	-0.399136	-47.0226	-46.6234
BLOCK10/SES102/SA102S13	SES105	-1.45318	-48.0766	-46.6234
BLOCK10/SES102/SA102S13	SES120	-1.44139	-48.0648	-46.6234
BLOCK10/SES102/SA102S13	SES158	-4.30728	-50.9307	-46.6234
BLOCK10/SES102/SA102S14	SES007	-0.379345	-45.3294	-44.95
BLOCK10/SES102/SA102S14	SES101	-0.516499	-45.4665	-44.95
BLOCK10/SES102/SA102S14	SES105	-0.627266	-45.5773	-44.95
BLOCK10/SES102/SA102S14	SES147	-2.76602	-47.7161	-44.95
BLOCK10/SES102/SA102S22	SES007	-1.13927	-46.3299	-45.1907
BLOCK10/SES102/SA102S22	SES101	-0.278805	-45.4695	-45.1907
BLOCK10/SES102/SA102S22	SES105	-0.800694	-45.9914	-45.1907
BLOCK10/SES102/SA102S22	SES158	-3.50219	-48.6929	-45.1907
BLOCK10/SES102/SA102S25	SES007	-0.833134	-46.1203	-45.2872
BLOCK10/SES102/SA102S25	SES101	-0.0322609	-45.3195	-45.2872
BLOCK10/SES102/SA102S25	SES105	-1.28213	-46.5693	-45.2872
BLOCK10/SES102/SA102S25	SES147	-3.37622	-48.6634	-45.2872
BLOCK10/SES102/SA102S27	SES007	-1.11855	-46.797	-45.6784
BLOCK10/SES102/SA102S27	SES101	-0.685963	-46.3644	-45.6784
BLOCK10/SES102/SA102S27	SES105	-1.57127	-47.2497	-45.6784
BLOCK10/SES102/SA102S27	SES147	-2.96935	-48.6478	-45.6784
BLOCK10/SES103/SA103S14	SES105	-2.87477	-49.6275	-46.7527
BLOCK10/SES103/SA103S14	SES106	-1.1255	-47.8782	-46.7527
BLOCK10/SES103/SA103S14	SES120	-3.32441	-50.0771	-46.7527
BLOCK10/SES103/SA103S14	SES206	-2.4137	-49.1664	-46.7527
BLOCK10/SES103/SA103S15	SES099	-1.50735	-49.0031	-47.4958
BLOCK10/SES103/SA103S15	SES101	-3.58751	-51.0833	-47.4958
BLOCK10/SES103/SA103S15	SES104	-1.94789	-49.4437	-47.4958
BLOCK10/SES103/SA103S15	SES125	-1.73634	-49.2321	-47.4958
BLOCK10/SES103/SA103S24	SES104	-1.87073	-48.1055	-46.2348
BLOCK10/SES103/SA103S24	SES125	-2.01868	-48.2535	-46.2348
BLOCK10/SES103/SA103S24	SES148	-3.58802	-49.8228	-46.2348
BLOCK10/SES103/SA103S24	SES158	-1.40539	-47.6402	-46.2348
BLOCK10/SES103/SA103S26	SES104	-2.54743	-49.0532	-46.5057
BLOCK10/SES103/SA103S26	SES106	-1.13369	-47.6394	-46.5057
BLOCK10/SES103/SA103S26	SES125	-1.98085	-48.4866	-46.5057
BLOCK10/SES103/SA103S26	SES148	-4.13037	-50.6361	-46.5057
BLOCK10/SES103/SA103S28	SES104	-2.9085	-49.5091	-46.6006
BLOCK10/SES103/SA103S28	SES106	-1.58934	-48.1899	-46.6006
BLOCK10/SES103/SA103S28	SES125	-2.72895	-49.3295	-46.6006
BLOCK10/SES103/SA103S28	SES206	-3.49915	-50.0997	-46.6006
BLOCK12/SES121/SA121S12	SES042	-2.42064	-50.0765	-47.6559
BLOCK12/SES121/SA121S12	SES087	-2.20794	-49.8638	-47.6559
BLOCK12/SES121/SA121S12	SES105	-1.37332	-49.0292	-47.6559
BLOCK12/SES121/SA121S12	SES206	-1.74789	-49.4038	-47.6559
BLOCK12/SES121/SA121S14	SES007	-2.82629	-50.7629	-47.9366
BLOCK12/SES121/SA121S14	SES105	-2.60315	-50.5398	-47.9366
BLOCK12/SES121/SA121S14	SES106	-1.88277	-49.8194	-47.9366
BLOCK12/SES121/SA121S14	SES206	-2.21284	-50.1495	-47.9366
BLOCK12/SES121/SA121S23	SES105	-2.34458	-50.2324	-47.8879
BLOCK12/SES121/SA121S23	SES106	-1.4046	-49.2925	-47.8879
BLOCK12/SES121/SA121S23	SES120	-2.86292	-50.7508	-47.8879
BLOCK12/SES121/SA121S23	SES206	-1.93542	-49.8233	-47.8879
BLOCK12/SES121/SA121S25	SES007	-2.47947	-51.1703	-48.6908
BLOCK12/SES121/SA121S25	SES105	-3.1048	-51.7956	-48.6908
BLOCK12/SES121/SA121S25	SES106	-1.68192	-50.3727	-48.6908
BLOCK12/SES121/SA121S25	SES206	-2.33423	-51.025	-48.6908
BLOCK12/SES121/SA121S27	SES087	-0.881222	-48.03	-47.1488
BLOCK12/SES121/SA121S27	SES105	-3.95104	-51.0998	-47.1488
BLOCK12/SES121/SA121S27	SES120	-1.97466	-49.1234	-47.1488
BLOCK12/SES121/SA121S27	SES206	-1.64435	-48.7931	-47.1488
BLOCK12/SES124/SA124S16	SES042	-0.644356	-46.1482	-45.5038
BLOCK12/SES124/SA124S16	SES082	-1.03628	-46.5401	-45.5038
BLOCK12/SES124/SA124S16	SES183	-3.24526	-48.7491	-45.5038
BLOCK12/SES124/SA124S16	SES206	-1.07785	-46.5817	-45.5038
BLOCK12/SES124/SA124S17	SES105	-2.6959	-49.3627	-46.6668
BLOCK12/SES124/SA124S17	SES149	-2.31538	-48.9821	-46.6668
BLOCK12/SES124/SA124S17	SES158	-2.82685	-49.4936	-46.6668
BLOCK12/SES124/SA124S17	SES275	-3.55737	-50.2241	-46.6668
BLOCK12/SES124/SA124S23	SES105	-2.72441	-46.9627	-44.2383
BLOCK12/SES124/SA124S23	SES125	-0.0282059	-44.2665	-44.2383
BLOCK12/SES124/SA124S23	SES129	-3.44077	-47.6791	-44.2383
BLOCK12/SES124/SA124S23	SES158	-0.78677	-45.0251	-44.2383
BLOCK12/SES124/SA124S26	SES105	-3.6953	-48.9683	-45.2729
BLOCK12/SES124/SA124S26	SES125	-0.168747	-45.4417	-45.2729
BLOCK12/SES124/SA124S26	SES129	-3.93765	-49.2106	-45.2729
BLOCK12/SES124/SA124S26	SES158	-1.12466	-46.3976	-45.2729
BLOCK12/SES124/SA124S28	SES104	-0.720974	-45.7672	-45.0462
BLOCK12/SES124/SA124S28	SES106	-0.548328	-45.5945	-45.0462
BLOCK12/SES124/SA124S28	SES125	-0.133934	-45.1801	-45.0462
BLOCK12/SES124/SA124S28	SES275	-3.65033	-48.6965	-45.0462
BLOCK12/SES126/SA126S13	SES007	-2.11549	-49.296	-47.1805
BLOCK12/SES126/SA126S13	SES162	-1.93515	-49.1156	-47.1805
BLOCK12/SES126/SA126S13	SES177	-1.30878	-48.4893	-47.1805
BLOCK12/SES126/SA126S13	SES180	-1.97738	-49.1579	-47.1805
BLOCK12/SES126/SA126S14	SES144	-0.96965	-46.5293	-45.5596
BLOCK12/SES126/SA126S14	SES148	-1.489	-47.0486	-45.5596
BLOCK12/SES126/SA126S14	SES177	-0.719337	-46.279	-45.5596
BLOCK12/SES126/SA126S14	SES180	-1.4045	-46.9641	-45.5596
BLOCK12/SES126/SA126S20	SES007	-1.94101	-47.9471	-46.0061
BLOCK12/SES126/SA126S20	SES162	-1.91114	-47.9172	-46.0061
BLOCK12/SES126/SA126S20	SES172	-3.22398	-49.2301	-46.0061
BLOCK12/SES126/SA126S20	SES180	-2.12957	-48.1357	-46.0061
BLOCK12/SES126/SA126S24	SES120	-1.16936	-46.8462	-45.6768
BLOCK12/SES126/SA126S24	SES162	-1.49917	-47.176	-45.6768
BLOCK12/SES126/SA126S24	SES177	-0.806965	-46.4838	-45.6768
BLOCK12/SES126/SA126S24	SES180	-1.4338	-47.1106	-45.6768
BLOCK12/SES126/SA126S26	SES120	-0.91547	-47.6709	-46.7554
BLOCK12/SES126/SA126S26	SES177	-0.673573	-47.429	-46.7554
BLOCK12/SES126/SA126S26	SES180	-0.94281	-47.6982	-46.7554
BLOCK12/SES126/SA126S26	SES202	-1.14642	-47.9018	-46.7554
BLOCK12/SES128/SA128S10	SES087	-2.68467	-48.2855	-45.6008
BLOCK12/SES128/SA128S10	SES206	-2.09841	-47.6993	-45.6008
BLOCK12/SES128/SA128S10	SES226	-1.31733	-46.9182	-45.6008
BLOCK12/SES128/SA128S10	SES270	-1.12214	-46.723	-45.6008
BLOCK12/SES128/SA128S12	SES120	-2.00742	-47.5865	-45.5791
BLOCK12/SES128/SA128S12	SES158	-1.83694	-47.416	-45.5791
BLOCK12/SES128/SA128S12	SES206	-1.85964	-47.4388	-45.5791
BLOCK12/SES128/SA128S12	SES226	-1.88368	-47.4628	-45.5791
BLOCK12/SES128/SA128S21	SES106	-3.57133	-50.0797	-46.5084
BLOCK12/SES128/SA128S21	SES120	-1.44389	-47.9523	-46.5084
BLOCK12/SES128/SA128S21	SES206	-3.42758	-49.936	-46.5084
BLOCK12/SES128/SA128S21	SES226	-2.26146	-48.7699	-46.5084
BLOCK12/SES128/SA128S24	SES087	-3.133	-49.1936	-46.0606
BLOCK12/SES128/SA128S24	SES120	-1.26184	-47.3225	-46.0606
BLOCK12/SES128/SA128S24	SES206	-2.984	-49.0446	-46.0606
BLOCK12/SES128/SA128S24	SES226	-2.07292	-48.1336	-46.0606
BLOCK12/SES128/SA128S27	SES099	-2.23827	-47.6237	-45.3854
BLOCK12/SES128/SA128S27	SES120	-1.12658	-46.512	-45.3854
BLOCK12/SES128/SA128S27	SES206	-2.5476	-47.933	-45.3854
BLOCK12/SES128/SA128S27	SES226	-0.786461	-46.1719	-45.3854
BLOCK13/SES130/SA130S13	SES143	-2.2007	-49.5055	-47.3048
BLOCK13/SES130/SA130S13	SES144	-0.207203	-47.512	-47.3048
BLOCK13/SES130/SA130S13	SES146	-0.582741	-47.8875	-47.3048
BLOCK13/SES130/SA130S13	SES275	-3.3436	-50.6484	-47.3048
BLOCK13/SES130/SA130S15	SES143	-1.71731	-47.7509	-46.0336
BLOCK13/SES130/SA130S15	SES144	-0.498875	-46.5325	-46.0336
BLOCK13/SES130/SA130S15	SES146	-0.68261	-46.7162	-46.0336
BLOCK13/SES130/SA130S15	SES275	-1.35507	-47.3887	-46.0336
BLOCK13/SES130/SA130S23	SES127	-1.83759	-49.3079	-47.4704
BLOCK13/SES130/SA130S23	SES144	-1.33057	-48.8009	-47.4704
BLOCK13/SES130/SA130S23	SES146	-0.565926	-48.0363	-47.4704
BLOCK13/SES130/SA130S23	SES162	-1.27627	-48.7466	-47.4704
BLOCK13/SES130/SA130S25	SES127	-1.04212	-46.8015	-45.7594
BLOCK13/SES130/SA130S25	SES144	-0.54493	-46.3043	-45.7594
BLOCK13/SES130/SA130S25	SES146	-0.591709	-46.3511	-45.7594
BLOCK13/SES130/SA130S25	SES275	-1.27174	-47.0311	-45.7594
BLOCK13/SES130/SA130S28	SES127	-0.83704	-46.889	-46.0519
BLOCK13/SES130/SA130S28	SES144	-0.667488	-46.7194	-46.0519
BLOCK13/SES130/SA130S28	SES146	-0.60088	-46.6528	-46.0519
BLOCK13/SES130/SA130S28	SES275	-0.36219	-46.4141	-46.0519
BLOCK13/SES131/SA131S13	SES002	-2.60715	-50.4883	-47.8811
BLOCK13/SES131/SA131S13	SES007	-3.63011	-51.5113	-47.8811
BLOCK13/SES131/SA131S13	SES099	-1.95046	-49.8316	-47.8811
BLOCK13/SES131/SA131S13	SES105	-2.61409	-50.4952	-47.8811
BLOCK13/SES131/SA131S14	SES104	-1.14645	-47.3188	-46.1724
BLOCK13/SES131/SA131S14	SES106	-0.761471	-46.9338	-46.1724
BLOCK13/SES131/SA131S14	SES125	-1.53064	-47.703	-46.1724
BLOCK13/SES131/SA131S14	SES148	-2.5444	-48.7168	-46.1724
BLOCK13/SES131/SA131S20	SES104	-2.11362	-49.4511	-47.3375
BLOCK13/SES131/SA131S20	SES106	-0.891365	-48.2288	-47.3375
BLOCK13/SES131/SA131S20	SES125	-1.94299	-49.2805	-47.3375
BLOCK13/SES131/SA131S20	SES148	-4.67968	-52.0171	-47.3375
BLOCK13/SES131/SA131S22	SES099	-1.2938	-47.7915	-46.4977
BLOCK13/SES131/SA131S22	SES104	-1.7234	-48.2211	-46.4977
BLOCK13/SES131/SA131S22	SES125	-1.63271	-48.1304	-46.4977
BLOCK13/SES131/SA131S22	SES206	-1.93709	-48.4348	-46.4977
BLOCK13/SES131/SA131S29	SES087	-1.28388	-48.6357	-47.3518
BLOCK13/SES131/SA131S29	SES104	-2.4496	-49.8014	-47.3518
BLOCK13/SES131/SA131S29	SES125	-1.87724	-49.2291	-47.3518
BLOCK13/SES131/SA131S29	SES206	-1.55379	-48.9056	-47.3518
BLOCK13/SES132/SA132S11	SES083	-2.28024	-47.545	-45.2648
BLOCK13/SES132/SA132S11	SES120	-0.317173	-45.5819	-45.2648
BLOCK13/SES132/SA132S11	SES127	-1.6625	-46.9273	-45.2648
BLOCK13/SES132/SA132S11	SES275	-0.892952	-46.1577	-45.2648
BLOCK13/SES132/SA132S12	SES083	-1.7977	-46.9583	-45.1606
BLOCK13/SES132/SA132S12	SES143	-1.40442	-46.5651	-45.1606
BLOCK13/SES132/SA132S12	SES144	-1.01305	-46.1737	-45.1606
BLOCK13/SES132/SA132S12	SES148	-1.1384	-46.299	-45.1606
BLOCK13/SES132/SA132S22	SES062	-0.654469	-45.628	-44.9736
BLOCK13/SES132/SA132S22	SES083	-1.29197	-46.2655	-44.9736
BLOCK13/SES132/SA132S22	SES127	-1.5639	-46.5375	-44.9736
BLOCK13/SES132/SA132S22	SES275	-1.02119	-45.9948	-44.9736
BLOCK13/SES132/SA132S24	SES007	-0.43602	-45.2823	-44.8463
BLOCK13/SES132/SA132S24	SES083	-1.98535	-46.8316	-44.8463
BLOCK13/SES132/SA132S24	SES127	-1.89207	-46.7383	-44.8463
BLOCK13/SES132/SA132S24	SES275	-0.698242	-45.5445	-44.8463
BLOCK13/SES132/SA132S27	SES083	-2.45042	-48.2008	-45.7504
BLOCK13/SES132/SA132S27	SES120	-0.358372	-46.1088	-45.7504
BLOCK13/SES132/SA132S27	SES127	-2.31729	-48.0677	-45.7504
BLOCK13/SES132/SA132S27	SES275	-1.64685	-47.3973	-45.7504
BLOCK14/SES141/SA141S09	SES143	-0.906364	-46.7908	-45.8844
BLOCK14/SES141/SA141S09	SES144	-0.810703	-46.6951	-45.8844
BLOCK14/SES141/SA141S09	SES162	-1.01661	-46.901	-45.8844
BLOCK14/SES141/SA141S09	SES180	-1.08286	-46.9673	-45.8844
BLOCK14/SES141/SA141S15	SES127	-0.85099	-46.5729	-45.7219
BLOCK14/SES141/SA141S15	SES144	-1.12997	-46.8519	-45.7219
BLOCK14/SES141/SA141S15	SES162	-1.01781	-46.7397	-45.7219
BLOCK14/SES141/SA141S15	SES180	-0.604389	-46.3263	-45.7219
BLOCK14/SES141/SA141S24	SES127	-1.04467	-46.4745	-45.4298
BLOCK14/SES141/SA141S24	SES144	-1.15061	-46.5804	-45.4298
BLOCK14/SES141/SA141S24	SES162	-0.94175	-46.3716	-45.4298
BLOCK14/SES141/SA141S24	SES183	-2.24405	-47.6738	-45.4298
BLOCK14/SES141/SA141S26	SES142	-1.43569	-47.8097	-46.374
BLOCK14/SES141/SA141S26	SES144	-1.15017	-47.5242	-46.374
BLOCK14/SES141/SA141S26	SES172	-1.67892	-48.0529	-46.374
BLOCK14/SES141/SA141S26	SES180	-0.94622	-47.3202	-46.374
BLOCK14/SES141/SA141S29	SES127	-0.115608	-45.6046	-45.489
BLOCK14/SES141/SA141S29	SES142	0.0760536	-45.4129	-45.489
BLOCK14/SES141/SA141S29	SES144	-0.79464	-46.2836	-45.489
BLOCK14/SES141/SA141S29	SES180	-0.327473	-45.8164	-45.489
BLOCK15/SES157/SA157S08	SES083	-2.7011	-48.9462	-46.2451
BLOCK15/SES157/SA157S08	SES127	-1.74371	-47.9888	-46.2451
BLOCK15/SES157/SA157S08	SES148	-1.2307	-47.4758	-46.2451
BLOCK15/SES157/SA157S08	SES292	-2.31805	-48.5632	-46.2451
BLOCK15/SES157/SA157S11	SES083	-2.18558	-48.2532	-46.0677
BLOCK15/SES157/SA157S11	SES127	-1.5103	-47.578	-46.0677
BLOCK15/SES157/SA157S11	SES148	-1.19731	-47.265	-46.0677
BLOCK15/SES157/SA157S11	SES292	-1.86755	-47.9352	-46.0677
BLOCK15/SES157/SA157S21	SES127	-1.22394	-46.8184	-45.5945
BLOCK15/SES157/SA157S21	SES148	-0.768688	-46.3632	-45.5945
BLOCK15/SES157/SA157S21	SES158	-5.04704	-50.6415	-45.5945
BLOCK15/SES157/SA157S21	SES292	-1.45536	-47.0498	-45.5945
BLOCK15/SES157/SA157S24	SES127	-1.11611	-47.0619	-45.9458
BLOCK15/SES157/SA157S24	SES148	-1.12944	-47.0752	-45.9458
BLOCK15/SES157/SA157S24	SES183	-1.31277	-47.2585	-45.9458
BLOCK15/SES157/SA157S24	SES292	-1.74857	-47.6943	-45.9458
BLOCK15/SES157/SA157S26	SES007	-0.374977	-46.1013	-45.7264
BLOCK15/SES157/SA157S26	SES127	-0.602573	-46.3289	-45.7264
BLOCK15/SES157/SA157S26	SES147	-3.65381	-49.3802	-45.7264
BLOCK15/SES157/SA157S26	SES148	-0.815895	-46.5423	-45.7264
BLOCK16/SES161/SA161S10	SES007	-2.08502	-49.1655	-47.0804
BLOCK16/SES161/SA161S10	SES105	-1.7534	-48.8338	-47.0804
BLOCK16/SES161/SA161S10	SES158	-2.09044	-49.1709	-47.0804
BLOCK16/SES161/SA161S10	SES275	-1.99422	-49.0747	-47.0804
BLOCK16/SES161/SA161S12	SES007	-1.86975	-48.2851	-46.4154
BLOCK16/SES161/SA161S12	SES105	-1.92303	-48.3384	-46.4154
BLOCK16/SES161/SA161S12	SES158	-1.68906	-48.1044	-46.4154
BLOCK16/SES161/SA161S12	SES275	-1.70142	-48.1168	-46.4154
BLOCK16/SES161/SA161S20	SES007	-2.34736	-49.8172	-47.4699
BLOCK16/SES161/SA161S20	SES105	-2.42131	-49.8912	-47.4699
BLOCK16/SES161/SA161S20	SES158	-2.13928	-49.6091	-47.4699
BLOCK16/SES161/SA161S20	SES275	-2.80376	-50.2736	-47.4699
BLOCK16/SES161/SA161S23	SES007	-2.24667	-48.4131	-46.1665
BLOCK16/SES161/SA161S23	SES105	-1.56178	-47.7282	-46.1665
BLOCK16/SES161/SA161S23	SES148	-2.3139	-48.4804	-46.1665
BLOCK16/SES161/SA161S23	SES158	-1.7181	-47.8846	-46.1665
BLOCK16/SES161/SA161S28	SES007	-2.94183	-49.691	-46.7492
BLOCK16/SES161/SA161S28	SES105	-2.94525	-49.6945	-46.7492
BLOCK16/SES161/SA161S28	SES158	-1.33767	-48.0869	-46.7492
BLOCK16/SES161/SA161S28	SES206	-2.18928	-48.9385	-46.7492
BLOCK16/SES164/SA164S11	SES104	-1.91273	-47.4742	-45.5614
BLOCK16/SES164/SA164S11	SES125	-1.17486	-46.7363	-45.5614
BLOCK16/SES164/SA164S11	SES158	-0.691303	-46.2528	-45.5614
BLOCK16/SES164/SA164S11	SES206	-1.92401	-47.4855	-45.5614
BLOCK16/SES164/SA164S13	SES099	-1.37891	-48.122	-46.7431
BLOCK16/SES164/SA164S13	SES104	-1.48583	-48.2289	-46.7431
BLOCK16/SES164/SA164S13	SES125	-2.15282	-48.8959	-46.7431
BLOCK16/SES164/SA164S13	SES206	-1.7839	-48.527	-46.7431
BLOCK16/SES164/SA164S24	SES002	-0.879688	-47.0611	-46.1814
BLOCK16/SES164/SA164S24	SES099	-1.09745	-47.2788	-46.1814
BLOCK16/SES164/SA164S24	SES125	-1.86105	-48.0424	-46.1814
BLOCK16/SES164/SA164S24	SES226	-1.06189	-47.2433	-46.1814
BLOCK16/SES164/SA164S27	SES087	-2.37121	-48.7487	-46.3775
BLOCK16/SES164/SA164S27	SES125	-1.87117	-48.2486	-46.3775
BLOCK16/SES164/SA164S27	SES206	-1.56932	-47.9468	-46.3775
BLOCK16/SES164/SA164S27	SES226	-1.62429	-48.0018	-46.3775
BLOCK16/SES164/SA164S29	SES002	-0.453884	-46.4577	-46.0038
BLOCK16/SES164/SA164S29	SES019	-1.71997	-47.7238	-46.0038
BLOCK16/SES164/SA164S29	SES125	-1.46854	-47.4724	-46.0038
BLOCK16/SES164/SA164S29	SES226	-1.73949	-47.7433	-46.0038
BLOCK16/SES169/SA169S13	SES117	-1.5335	-47.5223	-45.9888
BLOCK16/SES169/SA169S13	SES144	-0.914406	-46.9032	-45.9888
BLOCK16/SES169/SA169S13	SES146	-1.45434	-47.4431	-45.9888
BLOCK16/SES169/SA169S13	SES162	-1.04403	-47.0328	-45.9888
BLOCK16/SES169/SA169S14	SES144	-1.11142	-46.1162	-45.0048
BLOCK16/SES169/SA169S14	SES148	-0.777199	-45.782	-45.0048
BLOCK16/SES169/SA169S14	SES177	-0.752937	-45.7577	-45.0048
BLOCK16/SES169/SA169S14	SES180	-1.60267	-46.6075	-45.0048
BLOCK16/SES169/SA169S24	SES117	-1.15742	-48.1007	-46.9432
BLOCK16/SES169/SA169S24	SES144	-0.568619	-47.5119	-46.9432
BLOCK16/SES169/SA169S24	SES146	-1.08054	-48.0238	-46.9432
BLOCK16/SES169/SA169S24	SES162	-0.920593	-47.8638	-46.9432
BLOCK16/SES169/SA169S27	SES127	-1.11902	-47.0679	-45.9489
BLOCK16/SES169/SA169S27	SES129	-1.04931	-46.9982	-45.9489
BLOCK16/SES169/SA169S27	SES144	-1.18514	-47.134	-45.9489
BLOCK16/SES169/SA169S27	SES146	-0.431293	-46.3801	-45.9489
BLOCK16/SES169/SA169S29	SES144	-0.503605	-45.5277	-45.0241
BLOCK16/SES169/SA169S29	SES162	-0.459885	-45.484	-45.0241
BLOCK16/SES169/SA169S29	SES177	-1.57788	-46.6019	-45.0241
BLOCK16/SES169/SA169S29	SES180	-0.818199	-45.8423	-45.0241
BLOCK17/SES171/SA171S12	SES083	-1.59994	-48.1285	-46.5286
BLOCK17/SES171/SA171S12	SES148	-1.5049	-48.0335	-46.5286
BLOCK17/SES171/SA171S12	SES172	-1.79947	-48.328	-46.5286
BLOCK17/SES171/SA171S12	SES292	-2.3036	-48.8322	-46.5286
BLOCK17/SES171/SA171S15	SES148	-1.15803	-48.2308	-47.0728
BLOCK17/SES171/SA171S15	SES177	-1.99277	-49.0655	-47.0728
BLOCK17/SES171/SA171S15	SES180	-3.66854	-50.7413	-47.0728
BLOCK17/SES171/SA171S15	SES292	-2.49635	-49.5691	-47.0728
BLOCK17/SES171/SA171S22	SES007	-1.73606	-47.5602	-45.8242
BLOCK17/SES171/SA171S22	SES148	-1.07656	-46.9007	-45.8242
BLOCK17/SES171/SA171S22	SES177	-0.563236	-46.3874	-45.8242
BLOCK17/SES171/SA171S22	SES180	-1.82102	-47.6452	-45.8242
BLOCK17/SES171/SA171S25	SES101	-1.89053	-48.7595	-46.8689
BLOCK17/SES171/SA171S25	SES120	-2.97007	-49.839	-46.8689
BLOCK17/SES171/SA171S25	SES177	-1.14045	-48.0094	-46.8689
BLOCK17/SES171/SA171S25	SES180	-2.21507	-49.084	-46.8689
BLOCK17/SES171/SA171S27	SES177	-0.840275	-46.9888	-46.1485
BLOCK17/SES171/SA171S27	SES180	-2.57837	-48.7269	-46.1485
BLOCK17/SES171/SA171S27	SES189	-0.988773	-47.1373	-46.1485
BLOCK17/SES171/SA171S27	SES292	-2.19243	-48.341	-46.1485
BLOCK17/SES173/SA173S13	SES162	-1.95058	-48.9991	-47.0486
BLOCK17/SES173/SA173S13	SES177	-2.31712	-49.3657	-47.0486
BLOCK17/SES173/SA173S13	SES180	-2.46497	-49.5135	-47.0486
BLOCK17/SES173/SA173S13	SES292	-1.35098	-48.3995	-47.0486
BLOCK17/SES173/SA173S14	SES007	-2.97492	-50.1992	-47.2243
BLOCK17/SES173/SA173S14	SES162	-1.90929	-49.1336	-47.2243
BLOCK17/SES173/SA173S14	SES177	-1.52916	-48.7535	-47.2243
BLOCK17/SES173/SA173S14	SES180	-2.56412	-49.7884	-47.2243
BLOCK17/SES173/SA173S24	SES144	-1.7919	-49.6149	-47.823
BLOCK17/SES173/SA173S24	SES162	-1.98621	-49.8092	-47.823
BLOCK17/SES173/SA173S24	SES177	-1.69843	-49.5214	-47.823
BLOCK17/SES173/SA173S24	SES180	-3.27856	-51.1015	-47.823
BLOCK17/SES173/SA173S27	SES162	-3.09074	-50.0729	-46.9821
BLOCK17/SES173/SA173S27	SES177	-2.19135	-49.1735	-46.9821
BLOCK17/SES173/SA173S27	SES180	-2.91673	-49.8989	-46.9821
BLOCK17/SES173/SA173S27	SES292	-2.0332	-49.0154	-46.9821
BLOCK17/SES173/SA173S29	SES162	-1.74601	-48.9942	-47.2482
BLOCK17/SES173/SA173S29	SES175	-0.435101	-47.6833	-47.2482
BLOCK17/SES173/SA173S29	SES177	-1.51085	-48.7591	-47.2482
BLOCK17/SES173/SA173S29	SES292	-2.19172	-49.4399	-47.2482
BLOCK18/SES182/SA182S10	SES144	-0.767872	-46.7507	-45.9828
BLOCK18/SES182/SA182S10	SES177	-1.20739	-47.1902	-45.9828
BLOCK18/SES182/SA182S10	SES180	-1.86762	-47.8504	-45.9828
BLOCK18/SES182/SA182S10	SES275	-0.610744	-46.5936	-45.9828
BLOCK18/SES182/SA182S12	SES144	-0.68766	-46.1575	-45.4698
BLOCK18/SES182/SA182S12	SES177	-0.858299	-46.3281	-45.4698
BLOCK18/SES182/SA182S12	SES180	-1.29672	-46.7666	-45.4698
BLOCK18/SES182/SA182S12	SES275	-0.962006	-46.4318	-45.4698
BLOCK18/SES182/SA182S21	SES117	-1.52256	-47.7692	-46.2466
BLOCK18/SES182/SA182S21	SES144	-0.989929	-47.2366	-46.2466
BLOCK18/SES182/SA182S21	SES162	-0.930058	-47.1767	-46.2466
BLOCK18/SES182/SA182S21	SES180	-1.62107	-47.8677	-46.2466
BLOCK18/SES182/SA182S23	SES117	-2.05946	-48.1691	-46.1096
BLOCK18/SES182/SA182S23	SES144	-1.27946	-47.3891	-46.1096
BLOCK18/SES182/SA182S23	SES180	-2.02173	-48.1313	-46.1096
BLOCK18/SES182/SA182S23	SES275	-0.788723	-46.8983	-46.1096
BLOCK18/SES182/SA182S25	SES007	-0.0390472	-45.7918	-45.7528
BLOCK18/SES182/SA182S25	SES162	-0.954086	-46.7068	-45.7528
BLOCK18/SES182/SA182S25	SES177	-0.920815	-46.6736	-45.7528
BLOCK18/SES182/SA182S25	SES180	-1.29274	-47.0455	-45.7528
BLOCK18/SES184/SA184S12	SES177	-2.31276	-48.1279	-45.8151
BLOCK18/SES184/SA184S12	SES180	-2.16671	-47.9818	-45.8151
BLOCK18/SES184/SA184S12	SES189	-2.01535	-47.8304	-45.8151
BLOCK18/SES184/SA184S12	SES292	-1.61709	-47.4322	-45.8151
BLOCK18/SES184/SA184S13	SES101	-2.14186	-48.1815	-46.0396
BLOCK18/SES184/SA184S13	SES177	-1.09255	-47.1321	-46.0396
BLOCK18/SES184/SA184S13	SES180	-1.50923	-47.5488	-46.0396
BLOCK18/SES184/SA184S13	SES292	-1.49575	-47.5353	-46.0396
BLOCK18/SES184/SA184S22	SES177	-1.10718	-46.4614	-45.3543
BLOCK18/SES184/SA184S22	SES180	-0.969688	-46.3239	-45.3543
BLOCK18/SES184/SA184S22	SES189	-2.30518	-47.6594	-45.3543
BLOCK18/SES184/SA184S22	SES292	-1.46674	-46.821	-45.3543
BLOCK18/SES184/SA184S25	SES101	-1.3065	-45.8688	-44.5623
BLOCK18/SES184/SA184S25	SES177	-1.72703	-46.2894	-44.5623
BLOCK18/SES184/SA184S25	SES180	-1.45786	-46.0202	-44.5623
BLOCK18/SES184/SA184S25	SES292	-0.954018	-45.5164	-44.5623
BLOCK18/SES184/SA184S27	SES083	-1.72453	-47.3834	-45.6588
BLOCK18/SES184/SA184S27	SES177	-1.13848	-46.7973	-45.6588
BLOCK18/SES184/SA184S27	SES202	-1.28241	-46.9412	-45.6588
BLOCK18/SES184/SA184S27	SES292	-1.34527	-47.0041	-45.6588
BLOCK20/SES204/SA204S12	SES062	-1.6632	-46.7684	-45.1052
BLOCK20/SES204/SA204S12	SES083	-2.50221	-47.6074	-45.1052
BLOCK20/SES204/SA204S12	SES206	-1.17657	-46.2817	-45.1052
BLOCK20/SES204/SA204S12	SES226	-2.04515	-47.1503	-45.1052
BLOCK20/SES204/SA204S14	SES068	-1.55416	-45.9297	-44.3755
BLOCK20/SES204/SA204S14	SES087	-1.25861	-45.6341	-44.3755
BLOCK20/SES204/SA204S14	SES206	-2.11447	-46.49	-44.3755
BLOCK20/SES204/SA204S14	SES226	-2.17361	-46.5491	-44.3755
BLOCK20/SES204/SA204S22	SES068	-2.20356	-47.5076	-45.3041
BLOCK20/SES204/SA204S22	SES082	-3.89167	-49.1957	-45.3041
BLOCK20/SES204/SA204S22	SES083	-3.50702	-48.8111	-45.3041
BLOCK20/SES204/SA204S22	SES206	-1.77927	-47.0833	-45.3041
BLOCK20/SES204/SA204S25	SES062	-3.5896	-49.0748	-45.4852
BLOCK20/SES204/SA204S25	SES083	-3.3329	-48.8181	-45.4852
BLOCK20/SES204/SA204S25	SES206	-1.40308	-46.8883	-45.4852
BLOCK20/SES204/SA204S25	SES226	-2.11244	-47.5977	-45.4852
BLOCK20/SES204/SA204S27	SES068	-2.54139	-48.0215	-45.4801
BLOCK20/SES204/SA204S27	SES082	-3.25019	-48.7303	-45.4801
BLOCK20/SES204/SA204S27	SES087	-1.39134	-46.8714	-45.4801
BLOCK20/SES204/SA204S27	SES206	-1.63651	-47.1166	-45.4801
BLOCK20/SES207/SA207S10	SES127	-1.2753	-47.3787	-46.1034
BLOCK20/SES207/SA207S10	SES183	-1.96688	-48.0703	-46.1034
BLOCK20/SES207/SA207S10	SES189	-1.58972	-47.6931	-46.1034
BLOCK20/SES207/SA207S10	SES292	-1.78364	-47.8871	-46.1034
BLOCK20/SES207/SA207S11	SES127	-2.21603	-48.4081	-46.1921
BLOCK20/SES207/SA207S11	SES183	-1.88553	-48.0776	-46.1921
BLOCK20/SES207/SA207S11	SES187	-0.988949	-47.181	-46.1921
BLOCK20/SES207/SA207S11	SES292	-1.42813	-47.6202	-46.1921
BLOCK20/SES207/SA207S25	SES068	-1.43397	-47.5395	-46.1055
BLOCK20/SES207/SA207S25	SES083	-2.283	-48.3885	-46.1055
BLOCK20/SES207/SA207S25	SES127	-1.08418	-47.1897	-46.1055
BLOCK20/SES207/SA207S25	SES187	-0.794804	-46.9003	-46.1055
BLOCK20/SES207/SA207S27	SES127	-1.53194	-48.2575	-46.7256
BLOCK20/SES207/SA207S27	SES183	-1.23292	-47.9585	-46.7256
BLOCK20/SES207/SA207S27	SES187	-1.10398	-47.8296	-46.7256
BLOCK20/SES207/SA207S27	SES292	-1.89445	-48.6201	-46.7256
BLOCK20/SES207/SA207S29	SES083	-2.34504	-48.3129	-45.9679
BLOCK20/SES207/SA207S29	SES085	-1.00739	-46.9753	-45.9679
BLOCK20/SES207/SA207S29	SES172	-1.41364	-47.3815	-45.9679
BLOCK20/SES207/SA207S29	SES189	-2.24224	-48.2101	-45.9679
BLOCK22/SES221/SA221S12	SES068	-1.8698	-47.6602	-45.7904
BLOCK22/SES221/SA221S12	SES143	-1.82216	-47.6125	-45.7904
BLOCK22/SES221/SA221S12	SES175	-0.679497	-46.4699	-45.7904
BLOCK22/SES221/SA221S12	SES202	-0.555058	-46.3454	-45.7904
BLOCK22/SES221/SA221S15	SES085	-1.83667	-48.9463	-47.1096
BLOCK22/SES221/SA221S15	SES143	-3.095	-50.2046	-47.1096
BLOCK22/SES221/SA221S15	SES175	-1.0924	-48.202	-47.1096
BLOCK22/SES221/SA221S15	SES187	-1.14458	-48.2542	-47.1096
BLOCK22/SES221/SA221S23	SES068	-1.56646	-47.539	-45.9725
BLOCK22/SES221/SA221S23	SES143	-2.64701	-48.6195	-45.9725
BLOCK22/SES221/SA221S23	SES175	-0.513775	-46.4863	-45.9725
BLOCK22/SES221/SA221S23	SES189	-0.150799	-46.1233	-45.9725
BLOCK22/SES221/SA221S27	SES085	-2.64342	-49.119	-46.4756
BLOCK22/SES221/SA221S27	SES143	-2.28307	-48.7586	-46.4756
BLOCK22/SES221/SA221S27	SES175	-1.01729	-47.4928	-46.4756
BLOCK22/SES221/SA221S27	SES189	0.814316	-45.6612	-46.4756
BLOCK22/SES221/SA221S29	SES085	-1.7282	-49.048	-47.3198
BLOCK22/SES221/SA221S29	SES143	-2.35867	-49.6785	-47.3198
BLOCK22/SES221/SA221S29	SES175	-0.205883	-47.5257	-47.3198
BLOCK22/SES221/SA221S29	SES187	-0.494022	-47.8138	-47.3198
BLOCK22/SES223/SA223S11	SES143	-1.55032	-48.1487	-46.5984
BLOCK22/SES223/SA223S11	SES144	-2.52263	-49.121	-46.5984
BLOCK22/SES223/SA223S11	SES175	-1.27006	-47.8684	-46.5984
BLOCK22/SES223/SA223S11	SES187	-1.70765	-48.306	-46.5984
BLOCK22/SES223/SA223S13	SES068	-1.91859	-49.7941	-47.8755
BLOCK22/SES223/SA223S13	SES143	-2.20081	-50.0763	-47.8755
BLOCK22/SES223/SA223S13	SES146	-2.57045	-50.4459	-47.8755
BLOCK22/SES223/SA223S13	SES202	-1.17602	-49.0515	-47.8755
BLOCK22/SES223/SA223S22	SES143	-2.06207	-48.5796	-46.5175
BLOCK22/SES223/SA223S22	SES144	-2.40944	-48.927	-46.5175
BLOCK22/SES223/SA223S22	SES175	-1.27913	-47.7967	-46.5175
BLOCK22/SES223/SA223S22	SES187	-1.14193	-47.6595	-46.5175
BLOCK22/SES223/SA223S25	SES068	-0.878239	-47.7295	-46.8512
BLOCK22/SES223/SA223S25	SES143	-1.81672	-48.6679	-46.8512
BLOCK22/SES223/SA223S25	SES175	-0.884972	-47.7362	-46.8512
BLOCK22/SES223/SA223S25	SES187	-0.45237	-47.3036	-46.8512
BLOCK22/SES223/SA223S27	SES143	-1.54028	-48.6308	-47.0905
BLOCK22/SES223/SA223S27	SES146	-1.19653	-48.287	-47.0905
BLOCK22/SES223/SA223S27	SES187	-0.736694	-47.8272	-47.0905
BLOCK22/SES223/SA223S27	SES292	-1.43454	-48.5251	-47.0905
BLOCK27/SES273/SA273S12	SES099	-0.882782	-45.5329	-44.6501
BLOCK27/SES273/SA273S12	SES104	-0.697571	-45.3477	-44.6501
BLOCK27/SES273/SA273S12	SES125	-1.39552	-46.0457	-44.6501
BLOCK27/SES273/SA273S12	SES206	-0.456635	-45.1068	-44.6501
BLOCK27/SES273/SA273S13	SES099	-1.40894	-45.8465	-44.4376
BLOCK27/SES273/SA273S13	SES104	-0.781258	-45.2189	-44.4376
BLOCK27/SES273/SA273S13	SES206	-1.15855	-45.5962	-44.4376
BLOCK27/SES273/SA273S13	SES292	-2.67419	-47.1118	-44.4376
BLOCK27/SES273/SA273S21	SES099	-0.470734	-45.5066	-45.0358
BLOCK27/SES273/SA273S21	SES148	-3.60659	-48.6424	-45.0358
BLOCK27/SES273/SA273S21	SES149	-1.26519	-46.301	-45.0358
BLOCK27/SES273/SA273S21	SES177	-2.58452	-47.6203	-45.0358
BLOCK27/SES273/SA273S25	SES104	-0.699337	-45.6596	-44.9602
BLOCK27/SES273/SA273S25	SES125	-1.69001	-46.6503	-44.9602
BLOCK27/SES273/SA273S25	SES158	-0.305161	-45.2654	-44.9602
BLOCK27/SES273/SA273S25	SES206	-0.489635	-45.4499	-44.9602
BLOCK27/SES273/SA273S27	SES099	-0.616867	-45.1945	-44.5776
BLOCK27/SES273/SA273S27	SES104	-0.731934	-45.3096	-44.5776
BLOCK27/SES273/SA273S27	SES149	-1.0019	-45.5795	-44.5776
BLOCK27/SES273/SA273S27	SES275	-2.06072	-46.6384	-44.5776
BLOCK27/SES274/SA274S10	SES105	-1.73717	-46.3241	-44.5869
BLOCK27/SES274/SA274S10	SES125	-1.35863	-45.9456	-44.5869
BLOCK27/SES274/SA274S10	SES129	-1.01604	-45.603	-44.5869
BLOCK27/SES274/SA274S10	SES158	-1.70391	-46.2908	-44.5869
BLOCK27/SES274/SA274S11	SES105	-1.91957	-46.9	-44.9804
BLOCK27/SES274/SA274S11	SES149	-1.20392	-46.1843	-44.9804
BLOCK27/SES274/SA274S11	SES158	-1.83289	-46.8133	-44.9804
BLOCK27/SES274/SA274S11	SES275	-1.48698	-46.4674	-44.9804
BLOCK27/SES274/SA274S21	SES105	-1.7193	-46.7649	-45.0456
BLOCK27/SES274/SA274S21	SES129	-1.39181	-46.4374	-45.0456
BLOCK27/SES274/SA274S21	SES149	-0.937222	-45.9828	-45.0456
BLOCK27/SES274/SA274S21	SES158	-2.51088	-47.5564	-45.0456
BLOCK27/SES274/SA274S24	SES105	-2.03092	-47.098	-45.0671
BLOCK27/SES274/SA274S24	SES129	-2.50455	-47.5716	-45.0671
BLOCK27/SES274/SA274S24	SES149	-1.43878	-46.5059	-45.0671
BLOCK27/SES274/SA274S24	SES158	-2.33004	-47.3971	-45.0671
BLOCK27/SES274/SA274S29	SES105	-1.96954	-46.9224	-44.9529
BLOCK27/SES274/SA274S29	SES106	-2.03822	-46.9911	-44.9529
BLOCK27/SES274/SA274S29	SES120	-1.77018	-46.7231	-44.9529
BLOCK27/SES274/SA274S29	SES275	-1.55724	-46.5101	-44.9529
BLOCK27/SES276/SA276S16	SES148	-1.17135	-47.0889	-45.9175
BLOCK27/SES276/SA276S16	SES172	-1.041	-46.9585	-45.9175
BLOCK27/SES276/SA276S16	SES180	-2.14659	-48.0641	-45.9175
BLOCK27/SES276/SA276S16	SES292	-0.768066	-46.6856	-45.9175
BLOCK27/SES276/SA276S17	SES101	-1.7167	-47.6777	-45.961
BLOCK27/SES276/SA276S17	SES177	-1.31752	-47.2785	-45.961
BLOCK27/SES276/SA276S17	SES180	-1.137	-47.098	-45.961
BLOCK27/SES276/SA276S17	SES292	-1.36127	-47.3222	-45.961
BLOCK27/SES276/SA276S24	SES101	-0.746796	-45.8923	-45.1455
BLOCK27/SES276/SA276S24	SES177	-1.0818	-46.2273	-45.1455
BLOCK27/SES276/SA276S24	SES180	-1.32928	-46.4748	-45.1455
BLOCK27/SES276/SA276S24	SES292	-1.70518	-46.8507	-45.1455
BLOCK27/SES276/SA276S26	SES101	-2.28185	-47.8103	-45.5284
BLOCK27/SES276/SA276S26	SES177	-0.60944	-46.1379	-45.5284
BLOCK27/SES276/SA276S26	SES180	-0.843426	-46.3718	-45.5284
BLOCK27/SES276/SA276S26	SES292	-0.470203	-45.9986	-45.5284
BLOCK27/SES276/SA276S28	SES101	-1.73827	-47.3752	-45.6369
BLOCK27/SES276/SA276S28	SES177	-1.57362	-47.2105	-45.6369
BLOCK27/SES276/SA276S28	SES180	-0.988338	-46.6252	-45.6369
BLOCK27/SES276/SA276S28	SES292	-1.05813	-46.695	-45.6369
BLOCK27/SES277/SA277S12	SES101	-0.95573	-46.8464	-45.8906
BLOCK27/SES277/SA277S12	SES177	-1.78057	-47.6712	-45.8906
BLOCK27/SES277/SA277S12	SES180	-2.10396	-47.9946	-45.8906
BLOCK27/SES277/SA277S12	SES292	-2.77277	-48.6634	-45.8906
BLOCK27/SES277/SA277S14	SES177	-1.32134	-47.973	-46.6517
BLOCK27/SES277/SA277S14	SES180	-2.5259	-49.1776	-46.6517
BLOCK27/SES277/SA277S14	SES189	-1.03891	-47.6906	-46.6517
BLOCK27/SES277/SA277S14	SES292	-2.74175	-49.3934	-46.6517
BLOCK27/SES277/SA277S21	SES177	-0.645321	-46.3806	-45.7353
BLOCK27/SES277/SA277S21	SES180	-2.31294	-48.0482	-45.7353
BLOCK27/SES277/SA277S21	SES189	-0.96191	-46.6972	-45.7353
BLOCK27/SES277/SA277S21	SES292	-2.6474	-48.3827	-45.7353
BLOCK27/SES277/SA277S24	SES144	-1.7688	-48.5496	-46.7808
BLOCK27/SES277/SA277S24	SES177	-1.41552	-48.1963	-46.7808
BLOCK27/SES277/SA277S24	SES180	-2.60807	-49.3888	-46.7808
BLOCK27/SES277/SA277S24	SES189	-1.17183	-47.9526	-46.7808
BLOCK27/SES277/SA277S29	SES177	-0.824558	-45.4725	-44.6479
BLOCK27/SES277/SA277S29	SES180	-1.35867	-46.0066	-44.6479
BLOCK27/SES277/SA277S29	SES202	-0.909798	-45.5577	-44.6479
BLOCK27/SES277/SA277S29	SES292	-2.26495	-46.9129	-44.6479
BLOCK27/SES279/SA279S09	SES120	-1.08397	-46.2854	-45.2014
BLOCK27/SES279/SA279S09	SES146	-1.83418	-47.0356	-45.2014
BLOCK27/SES279/SA279S09	SES206	-2.40207	-47.6035	-45.2014
BLOCK27/SES279/SA279S09	SES226	-2.6456	-47.847	-45.2014
BLOCK27/SES279/SA279S10	SES099	-2.34867	-47.5696	-45.2209
BLOCK27/SES279/SA279S10	SES206	-2.17449	-47.3954	-45.2209
BLOCK27/SES279/SA279S10	SES226	-2.25818	-47.4791	-45.2209
BLOCK27/SES279/SA279S10	SES292	-1.04021	-46.2611	-45.2209
BLOCK27/SES279/SA279S20	SES099	-3.76301	-49.5255	-45.7625
BLOCK27/SES279/SA279S20	SES206	-2.25613	-48.0187	-45.7625
BLOCK27/SES279/SA279S20	SES226	-2.75702	-48.5196	-45.7625
BLOCK27/SES279/SA279S20	SES292	-0.86697	-46.6295	-45.7625
BLOCK27/SES279/SA279S26	SES099	-3.22158	-48.7003	-45.4787
BLOCK27/SES279/SA279S26	SES206	-1.58936	-47.068	-45.4787
BLOCK27/SES279/SA279S26	SES226	-2.0739	-47.5526	-45.4787
BLOCK27/SES279/SA279S26	SES292	-1.2557	-46.7344	-45.4787
BLOCK27/SES279/SA279S28	SES099	-3.20078	-47.3583	-44.1575
BLOCK27/SES279/SA279S28	SES120	-0.910816	-45.0684	-44.1575
BLOCK27/SES279/SA279S28	SES177	-1.46843	-45.626	-44.1575
BLOCK27/SES279/SA279S28	SES206	-2.52884	-46.6864	-44.1575
BLOCK29/SES290/SA290S12	SES162	-1.21841	-46.476	-45.2576
BLOCK29/SES290/SA290S12	SES177	-0.777191	-46.0348	-45.2576
BLOCK29/SES290/SA290S12	SES180	-1.60768	-46.8653	-45.2576
BLOCK29/SES290/SA290S12	SES292	-1.71805	-46.9757	-45.2576
BLOCK29/SES290/SA290S13	SES007	-2.05919	-47.839	-45.7798
BLOCK29/SES290/SA290S13	SES162	-1.95269	-47.7325	-45.7798
BLOCK29/SES290/SA290S13	SES177	-0.715294	-46.4951	-45.7798
BLOCK29/SES290/SA290S13	SES180	-1.50479	-47.2846	-45.7798
BLOCK29/SES290/SA290S22	SES177	-1.11636	-46.215	-45.0987
BLOCK29/SES290/SA290S22	SES180	-1.47632	-46.575	-45.0987
BLOCK29/SES290/SA290S22	SES202	-1.5412	-46.6399	-45.0987
BLOCK29/SES290/SA290S22	SES292	-1.85206	-46.9507	-45.0987
BLOCK29/SES290/SA290S25	SES162	-1.14445	-46.3136	-45.1691
BLOCK29/SES290/SA290S25	SES177	-0.712749	-45.8819	-45.1691
BLOCK29/SES290/SA290S25	SES180	-1.58953	-46.7586	-45.1691
BLOCK29/SES290/SA290S25	SES292	-0.874554	-46.0437	-45.1691
BLOCK29/SES290/SA290S29	SES177	-0.340874	-45.4017	-45.0608
BLOCK29/SES290/SA290S29	SES180	-0.78616	-45.847	-45.0608
BLOCK29/SES290/SA290S29	SES275	-1.4104	-46.4712	-45.0608
BLOCK29/SES290/SA290S29	SES292	-0.963505	-46.0243	-45.0608
BLOCK29/SES291/SA291S11	SES105	-3.54675	-49.8392	-46.2925
BLOCK29/SES291/SA291S11	SES125	-1.29317	-47.5856	-46.2925
BLOCK29/SES291/SA291S11	SES158	-1.72322	-48.0157	-46.2925
BLOCK29/SES291/SA291S11	SES275	-4.39083	-50.6833	-46.2925
BLOCK29/SES291/SA291S12	SES158	-0.657932	-46.5151	-45.8572
BLOCK29/SES291/SA291S12	SES226	-1.76092	-47.6181	-45.8572
BLOCK29/SES291/SA291S12	SES270	-0.232822	-46.09	-45.8572
BLOCK29/SES291/SA291S12	SES275	-4.54226	-50.3995	-45.8572
BLOCK29/SES291/SA291S22	SES082	-1.42269	-46.9637	-45.541
BLOCK29/SES291/SA291S22	SES158	-1.27769	-46.8187	-45.541
BLOCK29/SES291/SA291S22	SES259	-1.66544	-47.2064	-45.541
BLOCK29/SES291/SA291S22	SES275	-3.64574	-49.1868	-45.541
BLOCK29/SES291/SA291S24	SES104	-0.687489	-45.5775	-44.89
BLOCK29/SES291/SA291S24	SES125	-0.471088	-45.3611	-44.89
BLOCK29/SES291/SA291S24	SES158	-0.858387	-45.7484	-44.89
BLOCK29/SES291/SA291S24	SES275	-3.36033	-48.2503	-44.89
BLOCK29/SES291/SA291S27	SES158	-0.426544	-45.4033	-44.9768
BLOCK29/SES291/SA291S27	SES172	-4.23596	-49.2127	-44.9768
BLOCK29/SES291/SA291S27	SES275	-4.07755	-49.0543	-44.9768
BLOCK29/SES291/SA291S27	SES292	-3.35158	-48.3283	-44.9768
